#
# There is insufficient memory for the Java Runtime Environment to continue.
# Native memory allocation (mmap) failed to map 85983232 bytes for G1 virtual space
# Possible reasons:
#   The system is out of physical RAM or swap space
#   The process is running with CompressedOops enabled, and the Java Heap may be blocking the growth of the native heap
# Possible solutions:
#   Reduce memory load on the system
#   Increase physical memory or swap space
#   Check if swap backing store is full
#   Decrease Java heap size (-Xmx/-Xms)
#   Decrease number of Java threads
#   Decrease Java thread stack sizes (-Xss)
#   Set larger code cache with -XX:ReservedCodeCacheSize=
#   JVM is running with Unscaled Compressed Oops mode in which the Java heap is
#     placed in the first 4GB address space. The Java Heap base address is the
#     maximum limit for the native heap growth. Please use -XX:HeapBaseMinAddress
#     to set the Java Heap base and to place the Java Heap above 4GB virtual address.
# This output file may be truncated or incomplete.
#
#  Out of Memory Error (os_windows.cpp:3536), pid=28300, tid=14664
#
# JRE version: Java(TM) SE Runtime Environment (19.0.2+7) (build 19.0.2+7-44)
# Java VM: Java HotSpot(TM) 64-Bit Server VM (19.0.2+7-44, mixed mode, sharing, tiered, compressed oops, compressed class ptrs, g1 gc, windows-amd64)
# No core dump will be written. Minidumps are not enabled by default on client versions of Windows
#

---------------  S U M M A R Y ------------

Command Line: -Dclassworlds.conf=C:\Program Files\Apache\Maven\apache-maven-3.9.8\bin\m2.conf -Dmaven.home=C:\Program Files\Apache\Maven\apache-maven-3.9.8 -Dlibrary.jansi.path=C:\Program Files\Apache\Maven\apache-maven-3.9.8\lib\jansi-native -Dmaven.multiModuleProjectDirectory=D:\Sony_Course\NewGetEmployed\GetEmployed org.codehaus.plexus.classworlds.launcher.Launcher dependency:purge-local-repository

Host: AMD Ryzen 7 5700U with Radeon Graphics         , 16 cores, 7G,  Windows 11 , 64 bit Build 26100 (10.0.26100.5074)
Time: Sat Oct  4 20:07:50 2025 India Standard Time elapsed time: 11.771879 seconds (0d 0h 0m 11s)

---------------  T H R E A D  ---------------

Current thread (0x0000020b6ce10900):  VMThread "VM Thread" [stack: 0x0000008d0a700000,0x0000008d0a800000] [id=14664]

Stack: [0x0000008d0a700000,0x0000008d0a800000]
Native frames: (J=compiled Java code, j=interpreted, Vv=VM code, C=native code)
V  [jvm.dll+0x6ee21a]
V  [jvm.dll+0x85765e]
V  [jvm.dll+0x85904e]
V  [jvm.dll+0x859703]
V  [jvm.dll+0x28298f]
V  [jvm.dll+0x6eb009]
V  [jvm.dll+0x6dfbaa]
V  [jvm.dll+0x3573f6]
V  [jvm.dll+0x35ee56]
V  [jvm.dll+0x3b541e]
V  [jvm.dll+0x3b564f]
V  [jvm.dll+0x32c9ea]
V  [jvm.dll+0x32ca97]
V  [jvm.dll+0x374cd2]
V  [jvm.dll+0x37340f]
V  [jvm.dll+0x32c210]
V  [jvm.dll+0x3729ab]
V  [jvm.dll+0x85ebc3]
V  [jvm.dll+0x85f989]
V  [jvm.dll+0x85febd]
V  [jvm.dll+0x86034b]
V  [jvm.dll+0x860407]
V  [jvm.dll+0x80125a]
V  [jvm.dll+0x6ecf0b]
C  [ucrtbase.dll+0x37b0]
C  [KERNEL32.DLL+0x2e8d7]
C  [ntdll.dll+0x8d9c]

VM_Operation (0x0000008d0a1fbc70): G1CollectForAllocation, mode: safepoint, requested by thread 0x0000020b4c1dedc0


---------------  P R O C E S S  ---------------

Threads class SMR info:
_java_thread_list=0x0000020b717b1360, length=17, elements={
0x0000020b4c1dedc0, 0x0000020b6ce340a0, 0x0000020b6ce36b80, 0x0000020b6ce3c9e0,
0x0000020b6ce3d310, 0x0000020b6ce3dde0, 0x0000020b6ce3e8b0, 0x0000020b6ce416c0,
0x0000020b6ce53f40, 0x0000020b6ce548b0, 0x0000020b71218130, 0x0000020b71268400,
0x0000020b7126b5c0, 0x0000020b725d0fe0, 0x0000020b71644a50, 0x0000020b7260f430,
0x0000020b730f3aa0
}

Java Threads: ( => current thread )
  0x0000020b4c1dedc0 JavaThread "main" [_thread_blocked, id=29812, stack(0x0000008d0a100000,0x0000008d0a200000)]
  0x0000020b6ce340a0 JavaThread "Reference Handler" daemon [_thread_blocked, id=21956, stack(0x0000008d0a800000,0x0000008d0a900000)]
  0x0000020b6ce36b80 JavaThread "Finalizer" daemon [_thread_blocked, id=9784, stack(0x0000008d0a900000,0x0000008d0aa00000)]
  0x0000020b6ce3c9e0 JavaThread "Signal Dispatcher" daemon [_thread_blocked, id=20312, stack(0x0000008d0aa00000,0x0000008d0ab00000)]
  0x0000020b6ce3d310 JavaThread "Attach Listener" daemon [_thread_blocked, id=33028, stack(0x0000008d0ab00000,0x0000008d0ac00000)]
  0x0000020b6ce3dde0 JavaThread "Service Thread" daemon [_thread_blocked, id=33852, stack(0x0000008d0ac00000,0x0000008d0ad00000)]
  0x0000020b6ce3e8b0 JavaThread "Monitor Deflation Thread" daemon [_thread_blocked, id=17476, stack(0x0000008d0ad00000,0x0000008d0ae00000)]
  0x0000020b6ce416c0 JavaThread "C2 CompilerThread0" daemon [_thread_blocked, id=6992, stack(0x0000008d0ae00000,0x0000008d0af00000)]
  0x0000020b6ce53f40 JavaThread "C1 CompilerThread0" daemon [_thread_blocked, id=21572, stack(0x0000008d0af00000,0x0000008d0b000000)]
  0x0000020b6ce548b0 JavaThread "Sweeper thread" daemon [_thread_blocked, id=28588, stack(0x0000008d0b000000,0x0000008d0b100000)]
  0x0000020b71218130 JavaThread "C1 CompilerThread1" daemon [_thread_blocked, id=21928, stack(0x0000008d0b100000,0x0000008d0b200000)]
  0x0000020b71268400 JavaThread "Notification Thread" daemon [_thread_blocked, id=32520, stack(0x0000008d0b300000,0x0000008d0b400000)]
  0x0000020b7126b5c0 JavaThread "Common-Cleaner" daemon [_thread_blocked, id=30072, stack(0x0000008d0b500000,0x0000008d0b600000)]
  0x0000020b725d0fe0 JavaThread "Thread-1" daemon [_thread_blocked, id=17956, stack(0x0000008d0c100000,0x0000008d0c200000)]
  0x0000020b71644a50 JavaThread "C1 CompilerThread2" daemon [_thread_blocked, id=30468, stack(0x0000008d0b200000,0x0000008d0b300000)]
  0x0000020b7260f430 JavaThread "C1 CompilerThread3" daemon [_thread_blocked, id=28260, stack(0x0000008d0b600000,0x0000008d0b700000)]
  0x0000020b730f3aa0 JavaThread "C2 CompilerThread1" daemon [_thread_blocked, id=2152, stack(0x0000008d0b700000,0x0000008d0b800000)]

Other Threads:
=>0x0000020b6ce10900 VMThread "VM Thread" [stack: 0x0000008d0a700000,0x0000008d0a800000] [id=14664]
  0x0000020b71268940 WatcherThread "VM Periodic Task Thread" [stack: 0x0000008d0b400000,0x0000008d0b500000] [id=8428]
  0x0000020b4c23a600 WorkerThread "GC Thread#0" [stack: 0x0000008d0a200000,0x0000008d0a300000] [id=11460]
  0x0000020b71690f20 WorkerThread "GC Thread#1" [stack: 0x0000008d0b800000,0x0000008d0b900000] [id=9676]
  0x0000020b71690980 WorkerThread "GC Thread#2" [stack: 0x0000008d0b900000,0x0000008d0ba00000] [id=1844]
  0x0000020b71691a60 WorkerThread "GC Thread#3" [stack: 0x0000008d0ba00000,0x0000008d0bb00000] [id=29148]
  0x0000020b71691d30 WorkerThread "GC Thread#4" [stack: 0x0000008d0bb00000,0x0000008d0bc00000] [id=18900]
  0x0000020b716903e0 WorkerThread "GC Thread#5" [stack: 0x0000008d0bc00000,0x0000008d0bd00000] [id=2324]
  0x0000020b716906b0 WorkerThread "GC Thread#6" [stack: 0x0000008d0bd00000,0x0000008d0be00000] [id=11140]
  0x0000020b716911f0 WorkerThread "GC Thread#7" [stack: 0x0000008d0be00000,0x0000008d0bf00000] [id=11488]
  0x0000020b7235e870 WorkerThread "GC Thread#8" [stack: 0x0000008d0bf00000,0x0000008d0c000000] [id=21492]
  0x0000020b72361de0 WorkerThread "GC Thread#9" [stack: 0x0000008d0c000000,0x0000008d0c100000] [id=30872]
  0x0000020b7235f680 WorkerThread "GC Thread#10" [stack: 0x0000008d0c200000,0x0000008d0c300000] [id=32280]
  0x0000020b7235f3b0 WorkerThread "GC Thread#11" [stack: 0x0000008d0c300000,0x0000008d0c400000] [id=7660]
  0x0000020b7235fc20 WorkerThread "GC Thread#12" [stack: 0x0000008d0c400000,0x0000008d0c500000] [id=29240]
  0x0000020b4c24a060 ConcurrentGCThread "G1 Main Marker" [stack: 0x0000008d0a300000,0x0000008d0a400000] [id=30768]
  0x0000020b4c24c910 WorkerThread "G1 Conc#0" [stack: 0x0000008d0a400000,0x0000008d0a500000] [id=17908]
  0x0000020b73620e50 WorkerThread "G1 Conc#1" [stack: 0x0000008d0c600000,0x0000008d0c700000] [id=30284]
  0x0000020b73621120 WorkerThread "G1 Conc#2" [stack: 0x0000008d0c700000,0x0000008d0c800000] [id=24596]
  0x0000020b6cccf0c0 ConcurrentGCThread "G1 Refine#0" [stack: 0x0000008d0a500000,0x0000008d0a600000] [id=30652]
  0x0000020b6ccd09b0 ConcurrentGCThread "G1 Service" [stack: 0x0000008d0a600000,0x0000008d0a700000] [id=23444]

Threads with active compile tasks:
C2 CompilerThread0    11806 6234   !   4       org.codehaus.plexus.interpolation.reflection.ReflectionValueExtractor::getPropertyValue (114 bytes)
C2 CompilerThread1    11806 6245       4       org.codehaus.plexus.interpolation.MapBasedValueSource::getValue (22 bytes)

VM state: at safepoint (normal execution)

VM Mutex/Monitor currently owned by a thread:  ([mutex/lock_event])
[0x0000020b4c1d9380] Threads_lock - owner thread: 0x0000020b6ce10900
[0x0000020b4c1d7910] Heap_lock - owner thread: 0x0000020b4c1dedc0

Heap address: 0x000000008a800000, size: 1880 MB, Compressed Oops mode: 32-bit

CDS archive(s) mapped at: [0x0000000800000000-0x0000000800c40000-0x0000000800c40000), size 12845056, SharedBaseAddress: 0x0000000800000000, ArchiveRelocationMode: 0.
Compressed class space mapped at: 0x0000000801000000-0x0000000841000000, reserved size: 1073741824
Narrow klass base: 0x0000000800000000, Narrow klass shift: 0, Narrow klass range: 0x100000000

GC Precious Log:
 CardTable entry size: 512
 Card Set container configuration: InlinePtr #cards 5 size 8 Array Of Cards #cards 12 size 40 Howl #buckets 4 coarsen threshold 1843 Howl Bitmap #cards 512 size 80 coarsen threshold 460 Card regions per heap region 1 cards per card region 2048
 CPUs: 16 total, 16 available
 Memory: 7514M
 Large Page Support: Disabled
 NUMA Support: Disabled
 Compressed Oops: Enabled (32-bit)
 Heap Region Size: 1M
 Heap Min Capacity: 8M
 Heap Initial Capacity: 118M
 Heap Max Capacity: 1880M
 Pre-touch: Disabled
 Parallel Workers: 13
 Concurrent Workers: 3
 Concurrent Refinement Workers: 13
 Periodic GC: Disabled

Heap:
 garbage-first heap   total 120832K, used 31454K [0x000000008a800000, 0x0000000100000000)
  region size 1024K, 3 young (3072K), 3 survivors (3072K)
 Metaspace       used 25425K, committed 25728K, reserved 1114112K
  class space    used 2767K, committed 2880K, reserved 1048576K

Heap Regions: E=young(eden), S=young(survivor), O=old, HS=humongous(starts), HC=humongous(continues), CS=collection set, F=free, OA=open archive, CA=closed archive, TAMS=top-at-mark-start (previous, next)
|   0|0x000000008a800000, 0x000000008a900000, 0x000000008a900000|100%| O|  |TAMS 0x000000008a900000, 0x000000008a800000| Untracked 
|   1|0x000000008a900000, 0x000000008aa00000, 0x000000008aa00000|100%| O|  |TAMS 0x000000008aa00000, 0x000000008a900000| Untracked 
|   2|0x000000008aa00000, 0x000000008ab00000, 0x000000008ab00000|100%| O|  |TAMS 0x000000008ab00000, 0x000000008aa00000| Untracked 
|   3|0x000000008ab00000, 0x000000008ac00000, 0x000000008ac00000|100%| O|  |TAMS 0x000000008ac00000, 0x000000008ab00000| Untracked 
|   4|0x000000008ac00000, 0x000000008ac00000, 0x000000008ad00000|  0%| F|  |TAMS 0x000000008ac00000, 0x000000008ac00000| Untracked 
|   5|0x000000008ad00000, 0x000000008ae00000, 0x000000008ae00000|100%| O|  |TAMS 0x000000008ae00000, 0x000000008ad00000| Untracked 
|   6|0x000000008ae00000, 0x000000008af00000, 0x000000008af00000|100%| O|  |TAMS 0x000000008ae8f000, 0x000000008ae00000| Untracked 
|   7|0x000000008af00000, 0x000000008b000000, 0x000000008b000000|100%| O|  |TAMS 0x000000008af00000, 0x000000008af00000| Untracked 
|   8|0x000000008b000000, 0x000000008b100000, 0x000000008b100000|100%| O|  |TAMS 0x000000008b000000, 0x000000008b000000| Untracked 
|   9|0x000000008b100000, 0x000000008b200000, 0x000000008b200000|100%| O|  |TAMS 0x000000008b100000, 0x000000008b100000| Untracked 
|  10|0x000000008b200000, 0x000000008b300000, 0x000000008b300000|100%| O|  |TAMS 0x000000008b200000, 0x000000008b200000| Untracked 
|  11|0x000000008b300000, 0x000000008b400000, 0x000000008b400000|100%| O|  |TAMS 0x000000008b300000, 0x000000008b300000| Untracked 
|  12|0x000000008b400000, 0x000000008b500000, 0x000000008b500000|100%| O|  |TAMS 0x000000008b400000, 0x000000008b400000| Untracked 
|  13|0x000000008b500000, 0x000000008b600000, 0x000000008b600000|100%| O|  |TAMS 0x000000008b500000, 0x000000008b500000| Untracked 
|  14|0x000000008b600000, 0x000000008b700000, 0x000000008b700000|100%| O|  |TAMS 0x000000008b600000, 0x000000008b600000| Untracked 
|  15|0x000000008b700000, 0x000000008b800000, 0x000000008b800000|100%| O|  |TAMS 0x000000008b700000, 0x000000008b700000| Untracked 
|  16|0x000000008b800000, 0x000000008b900000, 0x000000008b900000|100%| O|  |TAMS 0x000000008b800000, 0x000000008b800000| Untracked 
|  17|0x000000008b900000, 0x000000008ba00000, 0x000000008ba00000|100%| O|  |TAMS 0x000000008b900000, 0x000000008b900000| Untracked 
|  18|0x000000008ba00000, 0x000000008bb00000, 0x000000008bb00000|100%| O|  |TAMS 0x000000008ba00000, 0x000000008ba00000| Untracked 
|  19|0x000000008bb00000, 0x000000008bc00000, 0x000000008bc00000|100%| O|  |TAMS 0x000000008bb00000, 0x000000008bb00000| Untracked 
|  20|0x000000008bc00000, 0x000000008bd00000, 0x000000008bd00000|100%| O|  |TAMS 0x000000008bc00000, 0x000000008bc00000| Untracked 
|  21|0x000000008bd00000, 0x000000008be00000, 0x000000008be00000|100%| O|  |TAMS 0x000000008bd00000, 0x000000008bd00000| Untracked 
|  22|0x000000008be00000, 0x000000008bf00000, 0x000000008bf00000|100%| O|  |TAMS 0x000000008be00000, 0x000000008be00000| Untracked 
|  23|0x000000008bf00000, 0x000000008c000000, 0x000000008c000000|100%| O|  |TAMS 0x000000008bf00000, 0x000000008bf00000| Untracked 
|  24|0x000000008c000000, 0x000000008c100000, 0x000000008c100000|100%| O|  |TAMS 0x000000008c000000, 0x000000008c000000| Untracked 
|  25|0x000000008c100000, 0x000000008c200000, 0x000000008c200000|100%| O|  |TAMS 0x000000008c100000, 0x000000008c100000| Untracked 
|  26|0x000000008c200000, 0x000000008c200000, 0x000000008c300000|  0%| F|  |TAMS 0x000000008c200000, 0x000000008c200000| Untracked 
|  27|0x000000008c300000, 0x000000008c300000, 0x000000008c400000|  0%| F|  |TAMS 0x000000008c300000, 0x000000008c300000| Untracked 
|  28|0x000000008c400000, 0x000000008c400000, 0x000000008c500000|  0%| F|  |TAMS 0x000000008c400000, 0x000000008c400000| Untracked 
|  29|0x000000008c500000, 0x000000008c500000, 0x000000008c600000|  0%| F|  |TAMS 0x000000008c500000, 0x000000008c500000| Untracked 
|  30|0x000000008c600000, 0x000000008c600000, 0x000000008c700000|  0%| F|  |TAMS 0x000000008c600000, 0x000000008c600000| Untracked 
|  31|0x000000008c700000, 0x000000008c700000, 0x000000008c800000|  0%| F|  |TAMS 0x000000008c700000, 0x000000008c700000| Untracked 
|  32|0x000000008c800000, 0x000000008c900000, 0x000000008c900000|100%| O|  |TAMS 0x000000008c800000, 0x000000008c800000| Untracked 
|  33|0x000000008c900000, 0x000000008ca00000, 0x000000008ca00000|100%| O|  |TAMS 0x000000008c900000, 0x000000008c900000| Untracked 
|  34|0x000000008ca00000, 0x000000008cb00000, 0x000000008cb00000|100%| O|  |TAMS 0x000000008ca00000, 0x000000008ca00000| Untracked 
|  35|0x000000008cb00000, 0x000000008cb00000, 0x000000008cc00000|  0%| F|  |TAMS 0x000000008cb00000, 0x000000008cb00000| Untracked 
|  36|0x000000008cc00000, 0x000000008cc00000, 0x000000008cd00000|  0%| F|  |TAMS 0x000000008cc00000, 0x000000008cc00000| Untracked 
|  37|0x000000008cd00000, 0x000000008cd00000, 0x000000008ce00000|  0%| F|  |TAMS 0x000000008cd00000, 0x000000008cd00000| Untracked 
|  38|0x000000008ce00000, 0x000000008ce00000, 0x000000008cf00000|  0%| F|  |TAMS 0x000000008ce00000, 0x000000008ce00000| Untracked 
|  39|0x000000008cf00000, 0x000000008cf00000, 0x000000008d000000|  0%| F|  |TAMS 0x000000008cf00000, 0x000000008cf00000| Untracked 
|  40|0x000000008d000000, 0x000000008d000000, 0x000000008d100000|  0%| F|  |TAMS 0x000000008d000000, 0x000000008d000000| Untracked 
|  41|0x000000008d100000, 0x000000008d100000, 0x000000008d200000|  0%| F|  |TAMS 0x000000008d100000, 0x000000008d100000| Untracked 
|  42|0x000000008d200000, 0x000000008d200000, 0x000000008d300000|  0%| F|  |TAMS 0x000000008d200000, 0x000000008d200000| Untracked 
|  43|0x000000008d300000, 0x000000008d300000, 0x000000008d400000|  0%| F|  |TAMS 0x000000008d300000, 0x000000008d300000| Untracked 
|  44|0x000000008d400000, 0x000000008d400000, 0x000000008d500000|  0%| F|  |TAMS 0x000000008d400000, 0x000000008d400000| Untracked 
|  45|0x000000008d500000, 0x000000008d500000, 0x000000008d600000|  0%| F|  |TAMS 0x000000008d500000, 0x000000008d500000| Untracked 
|  46|0x000000008d600000, 0x000000008d6b7b00, 0x000000008d700000| 71%| S|CS|TAMS 0x000000008d600000, 0x000000008d600000| Complete 
|  47|0x000000008d700000, 0x000000008d800000, 0x000000008d800000|100%| S|CS|TAMS 0x000000008d700000, 0x000000008d700000| Complete 
|  48|0x000000008d800000, 0x000000008d900000, 0x000000008d900000|100%| S|CS|TAMS 0x000000008d800000, 0x000000008d800000| Complete 
|  49|0x000000008d900000, 0x000000008d900000, 0x000000008da00000|  0%| F|  |TAMS 0x000000008d900000, 0x000000008d900000| Untracked 
|  50|0x000000008da00000, 0x000000008da00000, 0x000000008db00000|  0%| F|  |TAMS 0x000000008da00000, 0x000000008da00000| Untracked 
|  51|0x000000008db00000, 0x000000008db00000, 0x000000008dc00000|  0%| F|  |TAMS 0x000000008db00000, 0x000000008db00000| Untracked 
|  52|0x000000008dc00000, 0x000000008dc00000, 0x000000008dd00000|  0%| F|  |TAMS 0x000000008dc00000, 0x000000008dc00000| Untracked 
|  53|0x000000008dd00000, 0x000000008dd00000, 0x000000008de00000|  0%| F|  |TAMS 0x000000008dd00000, 0x000000008dd00000| Untracked 
|  54|0x000000008de00000, 0x000000008de00000, 0x000000008df00000|  0%| F|  |TAMS 0x000000008de00000, 0x000000008de00000| Untracked 
|  55|0x000000008df00000, 0x000000008df00000, 0x000000008e000000|  0%| F|  |TAMS 0x000000008df00000, 0x000000008df00000| Untracked 
|  56|0x000000008e000000, 0x000000008e000000, 0x000000008e100000|  0%| F|  |TAMS 0x000000008e000000, 0x000000008e000000| Untracked 
|  57|0x000000008e100000, 0x000000008e100000, 0x000000008e200000|  0%| F|  |TAMS 0x000000008e100000, 0x000000008e100000| Untracked 
|  58|0x000000008e200000, 0x000000008e200000, 0x000000008e300000|  0%| F|  |TAMS 0x000000008e200000, 0x000000008e200000| Untracked 
|  59|0x000000008e300000, 0x000000008e300000, 0x000000008e400000|  0%| F|  |TAMS 0x000000008e300000, 0x000000008e300000| Untracked 
|  60|0x000000008e400000, 0x000000008e400000, 0x000000008e500000|  0%| F|  |TAMS 0x000000008e400000, 0x000000008e400000| Untracked 
|  61|0x000000008e500000, 0x000000008e500000, 0x000000008e600000|  0%| F|  |TAMS 0x000000008e500000, 0x000000008e500000| Untracked 
|  62|0x000000008e600000, 0x000000008e600000, 0x000000008e700000|  0%| F|  |TAMS 0x000000008e600000, 0x000000008e600000| Untracked 
|  63|0x000000008e700000, 0x000000008e700000, 0x000000008e800000|  0%| F|  |TAMS 0x000000008e700000, 0x000000008e700000| Untracked 
|  64|0x000000008e800000, 0x000000008e800000, 0x000000008e900000|  0%| F|  |TAMS 0x000000008e800000, 0x000000008e800000| Untracked 
|  65|0x000000008e900000, 0x000000008e900000, 0x000000008ea00000|  0%| F|  |TAMS 0x000000008e900000, 0x000000008e900000| Untracked 
|  66|0x000000008ea00000, 0x000000008ea00000, 0x000000008eb00000|  0%| F|  |TAMS 0x000000008ea00000, 0x000000008ea00000| Untracked 
|  67|0x000000008eb00000, 0x000000008eb00000, 0x000000008ec00000|  0%| F|  |TAMS 0x000000008eb00000, 0x000000008eb00000| Untracked 
|  68|0x000000008ec00000, 0x000000008ec00000, 0x000000008ed00000|  0%| F|  |TAMS 0x000000008ec00000, 0x000000008ec00000| Untracked 
|  69|0x000000008ed00000, 0x000000008ed00000, 0x000000008ee00000|  0%| F|  |TAMS 0x000000008ed00000, 0x000000008ed00000| Untracked 
|  70|0x000000008ee00000, 0x000000008ee00000, 0x000000008ef00000|  0%| F|  |TAMS 0x000000008ee00000, 0x000000008ee00000| Untracked 
|  71|0x000000008ef00000, 0x000000008ef00000, 0x000000008f000000|  0%| F|  |TAMS 0x000000008ef00000, 0x000000008ef00000| Untracked 
|  72|0x000000008f000000, 0x000000008f000000, 0x000000008f100000|  0%| F|  |TAMS 0x000000008f000000, 0x000000008f000000| Untracked 
|  73|0x000000008f100000, 0x000000008f100000, 0x000000008f200000|  0%| F|  |TAMS 0x000000008f100000, 0x000000008f100000| Untracked 
|  74|0x000000008f200000, 0x000000008f200000, 0x000000008f300000|  0%| F|  |TAMS 0x000000008f200000, 0x000000008f200000| Untracked 
|  75|0x000000008f300000, 0x000000008f300000, 0x000000008f400000|  0%| F|  |TAMS 0x000000008f300000, 0x000000008f300000| Untracked 
|  76|0x000000008f400000, 0x000000008f400000, 0x000000008f500000|  0%| F|  |TAMS 0x000000008f400000, 0x000000008f400000| Untracked 
|  77|0x000000008f500000, 0x000000008f500000, 0x000000008f600000|  0%| F|  |TAMS 0x000000008f500000, 0x000000008f500000| Untracked 
|  78|0x000000008f600000, 0x000000008f600000, 0x000000008f700000|  0%| F|  |TAMS 0x000000008f600000, 0x000000008f600000| Untracked 
|  79|0x000000008f700000, 0x000000008f700000, 0x000000008f800000|  0%| F|  |TAMS 0x000000008f700000, 0x000000008f700000| Untracked 
|  80|0x000000008f800000, 0x000000008f800000, 0x000000008f900000|  0%| F|  |TAMS 0x000000008f800000, 0x000000008f800000| Untracked 
|  81|0x000000008f900000, 0x000000008f900000, 0x000000008fa00000|  0%| F|  |TAMS 0x000000008f900000, 0x000000008f900000| Untracked 
|  82|0x000000008fa00000, 0x000000008fa00000, 0x000000008fb00000|  0%| F|  |TAMS 0x000000008fa00000, 0x000000008fa00000| Untracked 
|  83|0x000000008fb00000, 0x000000008fb00000, 0x000000008fc00000|  0%| F|  |TAMS 0x000000008fb00000, 0x000000008fb00000| Untracked 
|  84|0x000000008fc00000, 0x000000008fc00000, 0x000000008fd00000|  0%| F|  |TAMS 0x000000008fc00000, 0x000000008fc00000| Untracked 
|  85|0x000000008fd00000, 0x000000008fd00000, 0x000000008fe00000|  0%| F|  |TAMS 0x000000008fd00000, 0x000000008fd00000| Untracked 
|  86|0x000000008fe00000, 0x000000008fe00000, 0x000000008ff00000|  0%| F|  |TAMS 0x000000008fe00000, 0x000000008fe00000| Untracked 
|  87|0x000000008ff00000, 0x000000008ff00000, 0x0000000090000000|  0%| F|  |TAMS 0x000000008ff00000, 0x000000008ff00000| Untracked 
|  88|0x0000000090000000, 0x0000000090000000, 0x0000000090100000|  0%| F|  |TAMS 0x0000000090000000, 0x0000000090000000| Untracked 
|  89|0x0000000090100000, 0x0000000090100000, 0x0000000090200000|  0%| F|  |TAMS 0x0000000090100000, 0x0000000090100000| Untracked 
|  90|0x0000000090200000, 0x0000000090200000, 0x0000000090300000|  0%| F|  |TAMS 0x0000000090200000, 0x0000000090200000| Untracked 
|  91|0x0000000090300000, 0x0000000090300000, 0x0000000090400000|  0%| F|  |TAMS 0x0000000090300000, 0x0000000090300000| Untracked 
|  92|0x0000000090400000, 0x0000000090400000, 0x0000000090500000|  0%| F|  |TAMS 0x0000000090400000, 0x0000000090400000| Untracked 
|  93|0x0000000090500000, 0x0000000090500000, 0x0000000090600000|  0%| F|  |TAMS 0x0000000090500000, 0x0000000090500000| Untracked 
|  94|0x0000000090600000, 0x0000000090600000, 0x0000000090700000|  0%| F|  |TAMS 0x0000000090600000, 0x0000000090600000| Untracked 
|  95|0x0000000090700000, 0x0000000090700000, 0x0000000090800000|  0%| F|  |TAMS 0x0000000090700000, 0x0000000090700000| Untracked 
|  96|0x0000000090800000, 0x0000000090800000, 0x0000000090900000|  0%| F|  |TAMS 0x0000000090800000, 0x0000000090800000| Untracked 
|  97|0x0000000090900000, 0x0000000090900000, 0x0000000090a00000|  0%| F|  |TAMS 0x0000000090900000, 0x0000000090900000| Untracked 
|  98|0x0000000090a00000, 0x0000000090a00000, 0x0000000090b00000|  0%| F|  |TAMS 0x0000000090a00000, 0x0000000090a00000| Untracked 
|  99|0x0000000090b00000, 0x0000000090b00000, 0x0000000090c00000|  0%| F|  |TAMS 0x0000000090b00000, 0x0000000090b00000| Untracked 
| 100|0x0000000090c00000, 0x0000000090c00000, 0x0000000090d00000|  0%| F|  |TAMS 0x0000000090c00000, 0x0000000090c00000| Untracked 
| 101|0x0000000090d00000, 0x0000000090d00000, 0x0000000090e00000|  0%| F|  |TAMS 0x0000000090d00000, 0x0000000090d00000| Untracked 
| 102|0x0000000090e00000, 0x0000000090e00000, 0x0000000090f00000|  0%| F|  |TAMS 0x0000000090e00000, 0x0000000090e00000| Untracked 
| 103|0x0000000090f00000, 0x0000000090f00000, 0x0000000091000000|  0%| F|  |TAMS 0x0000000090f00000, 0x0000000090f00000| Untracked 
| 104|0x0000000091000000, 0x0000000091000000, 0x0000000091100000|  0%| F|  |TAMS 0x0000000091000000, 0x0000000091000000| Untracked 
| 105|0x0000000091100000, 0x0000000091100000, 0x0000000091200000|  0%| F|  |TAMS 0x0000000091100000, 0x0000000091100000| Untracked 
| 106|0x0000000091200000, 0x0000000091200000, 0x0000000091300000|  0%| F|  |TAMS 0x0000000091200000, 0x0000000091200000| Untracked 
| 107|0x0000000091300000, 0x0000000091300000, 0x0000000091400000|  0%| F|  |TAMS 0x0000000091300000, 0x0000000091300000| Untracked 
| 108|0x0000000091400000, 0x0000000091400000, 0x0000000091500000|  0%| F|  |TAMS 0x0000000091400000, 0x0000000091400000| Untracked 
| 109|0x0000000091500000, 0x0000000091500000, 0x0000000091600000|  0%| F|  |TAMS 0x0000000091500000, 0x0000000091500000| Untracked 
| 110|0x0000000091600000, 0x0000000091600000, 0x0000000091700000|  0%| F|  |TAMS 0x0000000091600000, 0x0000000091600000| Untracked 
| 111|0x0000000091700000, 0x0000000091700000, 0x0000000091800000|  0%| F|  |TAMS 0x0000000091700000, 0x0000000091700000| Untracked 
| 112|0x0000000091800000, 0x0000000091800000, 0x0000000091900000|  0%| F|  |TAMS 0x0000000091800000, 0x0000000091800000| Untracked 
| 113|0x0000000091900000, 0x0000000091900000, 0x0000000091a00000|  0%| F|  |TAMS 0x0000000091900000, 0x0000000091900000| Untracked 
| 114|0x0000000091a00000, 0x0000000091a00000, 0x0000000091b00000|  0%| F|  |TAMS 0x0000000091a00000, 0x0000000091a00000| Untracked 
| 115|0x0000000091b00000, 0x0000000091b00000, 0x0000000091c00000|  0%| F|  |TAMS 0x0000000091b00000, 0x0000000091b00000| Untracked 
| 116|0x0000000091c00000, 0x0000000091c00000, 0x0000000091d00000|  0%| F|  |TAMS 0x0000000091c00000, 0x0000000091c00000| Untracked 
| 117|0x0000000091d00000, 0x0000000091d00000, 0x0000000091e00000|  0%| F|  |TAMS 0x0000000091d00000, 0x0000000091d00000| Untracked 

Card table byte_map: [0x0000020b65cc0000,0x0000020b66070000] _byte_map_base: 0x0000020b6586c000

Marking Bits (Prev, Next): (CMBitMap*) 0x0000020b4c23ac70, (CMBitMap*) 0x0000020b4c23ac30
 Prev Bits: [0x0000020b68180000, 0x0000020b69ee0000)
 Next Bits: [0x0000020b66420000, 0x0000020b68180000)

Polling page: 0x0000020b4c2a0000

Metaspace:

Usage:
  Non-class:     22.13 MB used.
      Class:      2.70 MB used.
       Both:     24.83 MB used.

Virtual space:
  Non-class space:       64.00 MB reserved,      22.31 MB ( 35%) committed,  1 nodes.
      Class space:        1.00 GB reserved,       2.81 MB ( <1%) committed,  1 nodes.
             Both:        1.06 GB reserved,      25.12 MB (  2%) committed. 

Chunk freelists:
   Non-Class:  1.73 MB
       Class:  1.16 MB
        Both:  2.89 MB

MaxMetaspaceSize: unlimited
CompressedClassSpaceSize: 1.00 GB
Initial GC threshold: 21.00 MB
Current GC threshold: 35.25 MB
CDS: on
MetaspaceReclaimPolicy: balanced
 - commit_granule_bytes: 65536.
 - commit_granule_words: 8192.
 - virtual_space_node_default_size: 8388608.
 - enlarge_chunks_in_place: 1.
 - new_chunks_are_fully_committed: 0.
 - uncommit_free_chunks: 1.
 - use_allocation_guard: 0.


Internal statistics:

num_allocs_failed_limit: 3.
num_arena_births: 188.
num_arena_deaths: 0.
num_vsnodes_births: 2.
num_vsnodes_deaths: 0.
num_space_committed: 402.
num_space_uncommitted: 0.
num_chunks_returned_to_freelist: 3.
num_chunks_taken_from_freelist: 854.
num_chunk_merges: 3.
num_chunk_splits: 599.
num_chunks_enlarged: 491.
num_inconsistent_stats: 0.

CodeHeap 'non-profiled nmethods': size=119168Kb used=2616Kb max_used=2836Kb free=116551Kb
 bounds [0x0000020b5d4f0000, 0x0000020b5d7c0000, 0x0000020b64950000]
CodeHeap 'profiled nmethods': size=119104Kb used=11297Kb max_used=12262Kb free=107806Kb
 bounds [0x0000020b55950000, 0x0000020b56560000, 0x0000020b5cda0000]
CodeHeap 'non-nmethods': size=7488Kb used=3021Kb max_used=3078Kb free=4466Kb
 bounds [0x0000020b5cda0000, 0x0000020b5d0b0000, 0x0000020b5d4f0000]
 total_blobs=5943 nmethods=5387 adapters=463
 compilation: enabled
              stopped_count=0, restarted_count=0
 full_count=0

Compilation events (20 events):
Event: 10.627 Thread 0x0000020b71218130 6238       3       org.eclipse.aether.util.version.GenericVersion$Item::hashCode (16 bytes)
Event: 10.627 Thread 0x0000020b71218130 nmethod 6238 0x0000020b56055290 code [0x0000020b56055440, 0x0000020b56055628]
Event: 10.633 Thread 0x0000020b71218130 6239       1       org.apache.maven.model.ActivationFile::getMissing (5 bytes)
Event: 10.633 Thread 0x0000020b71218130 nmethod 6239 0x0000020b5d559f90 code [0x0000020b5d55a120, 0x0000020b5d55a1d8]
Event: 10.640 Thread 0x0000020b7260f430 6240       3       org.apache.maven.model.path.DefaultPathTranslator::alignToBaseDirectory (106 bytes)
Event: 10.641 Thread 0x0000020b7260f430 nmethod 6240 0x0000020b56371f10 code [0x0000020b563721a0, 0x0000020b56372a28]
Event: 10.641 Thread 0x0000020b7260f430 6241       3       java.util.concurrent.ConcurrentHashMap$MapEntry::setValue (37 bytes)
Event: 10.642 Thread 0x0000020b7260f430 nmethod 6241 0x0000020b56054b10 code [0x0000020b56054ce0, 0x0000020b56055018]
Event: 10.656 Thread 0x0000020b7260f430 6242       3       org.slf4j.LoggerFactory::getLogger (65 bytes)
Event: 10.657 Thread 0x0000020b7260f430 nmethod 6242 0x0000020b55a23d90 code [0x0000020b55a241a0, 0x0000020b55a25d98]
Event: 10.659 Thread 0x0000020b730f3aa0 nmethod 6235 0x0000020b5d6b2710 code [0x0000020b5d6b29e0, 0x0000020b5d6b3c98]
Event: 10.659 Thread 0x0000020b730f3aa0 6236       4       org.codehaus.plexus.interpolation.util.StringUtils::capitalizeFirstLetter (52 bytes)
Event: 10.660 Thread 0x0000020b7260f430 6243       3       java.nio.channels.spi.AbstractInterruptibleChannel::begin (48 bytes)
Event: 10.660 Thread 0x0000020b71218130 6244       3       java.nio.channels.spi.AbstractInterruptibleChannel::end (53 bytes)
Event: 10.660 Thread 0x0000020b7260f430 nmethod 6243 0x0000020b56371310 code [0x0000020b56371520, 0x0000020b56371b58]
Event: 10.660 Thread 0x0000020b71218130 nmethod 6244 0x0000020b56106910 code [0x0000020b56106b20, 0x0000020b56107028]
Event: 10.672 Thread 0x0000020b6ce53f40 6246       1       org.eclipse.aether.internal.impl.collect.DataPool$ConstraintKey::hashCode (5 bytes)
Event: 10.672 Thread 0x0000020b6ce53f40 nmethod 6246 0x0000020b5d5f7d90 code [0x0000020b5d5f7f20, 0x0000020b5d5f7fd8]
Event: 10.679 Thread 0x0000020b730f3aa0 nmethod 6236 0x0000020b5d532690 code [0x0000020b5d5328e0, 0x0000020b5d533910]
Event: 10.679 Thread 0x0000020b730f3aa0 6245       4       org.codehaus.plexus.interpolation.MapBasedValueSource::getValue (22 bytes)

GC Heap History (13 events):
Event: 0.875 GC heap before
{Heap before GC invocations=0 (full 0):
 garbage-first heap   total 120832K, used 23552K [0x000000008a800000, 0x0000000100000000)
  region size 1024K, 23 young (23552K), 0 survivors (0K)
 Metaspace       used 5630K, committed 5824K, reserved 1114112K
  class space    used 644K, committed 768K, reserved 1048576K
}
Event: 0.882 GC heap after
{Heap after GC invocations=1 (full 0):
 garbage-first heap   total 120832K, used 3660K [0x000000008a800000, 0x0000000100000000)
  region size 1024K, 3 young (3072K), 3 survivors (3072K)
 Metaspace       used 5630K, committed 5824K, reserved 1114112K
  class space    used 644K, committed 768K, reserved 1048576K
}
Event: 1.608 GC heap before
{Heap before GC invocations=1 (full 0):
 garbage-first heap   total 120832K, used 35404K [0x000000008a800000, 0x0000000100000000)
  region size 1024K, 34 young (34816K), 3 survivors (3072K)
 Metaspace       used 9942K, committed 10176K, reserved 1114112K
  class space    used 1156K, committed 1280K, reserved 1048576K
}
Event: 1.616 GC heap after
{Heap after GC invocations=2 (full 0):
 garbage-first heap   total 120832K, used 5428K [0x000000008a800000, 0x0000000100000000)
  region size 1024K, 2 young (2048K), 2 survivors (2048K)
 Metaspace       used 9942K, committed 10176K, reserved 1114112K
  class space    used 1156K, committed 1280K, reserved 1048576K
}
Event: 3.204 GC heap before
{Heap before GC invocations=2 (full 0):
 garbage-first heap   total 120832K, used 75060K [0x000000008a800000, 0x0000000100000000)
  region size 1024K, 70 young (71680K), 2 survivors (2048K)
 Metaspace       used 15735K, committed 15936K, reserved 1114112K
  class space    used 1769K, committed 1856K, reserved 1048576K
}
Event: 3.228 GC heap after
{Heap after GC invocations=3 (full 0):
 garbage-first heap   total 120832K, used 15932K [0x000000008a800000, 0x0000000100000000)
  region size 1024K, 9 young (9216K), 9 survivors (9216K)
 Metaspace       used 15735K, committed 15936K, reserved 1114112K
  class space    used 1769K, committed 1856K, reserved 1048576K
}
Event: 4.487 GC heap before
{Heap before GC invocations=3 (full 0):
 garbage-first heap   total 120832K, used 62012K [0x000000008a800000, 0x0000000100000000)
  region size 1024K, 55 young (56320K), 9 survivors (9216K)
 Metaspace       used 21287K, committed 21504K, reserved 1114112K
  class space    used 2373K, committed 2496K, reserved 1048576K
}
Event: 4.510 GC heap after
{Heap after GC invocations=4 (full 0):
 garbage-first heap   total 120832K, used 23040K [0x000000008a800000, 0x0000000100000000)
  region size 1024K, 8 young (8192K), 8 survivors (8192K)
 Metaspace       used 21287K, committed 21504K, reserved 1114112K
  class space    used 2373K, committed 2496K, reserved 1048576K
}
Event: 9.131 GC heap before
{Heap before GC invocations=5 (full 0):
 garbage-first heap   total 81920K, used 62976K [0x000000008a800000, 0x0000000100000000)
  region size 1024K, 48 young (49152K), 8 survivors (8192K)
 Metaspace       used 24872K, committed 25152K, reserved 1114112K
  class space    used 2740K, committed 2880K, reserved 1048576K
}
Event: 9.148 GC heap after
{Heap after GC invocations=6 (full 0):
 garbage-first heap   total 81920K, used 28672K [0x000000008a800000, 0x0000000100000000)
  region size 1024K, 6 young (6144K), 6 survivors (6144K)
 Metaspace       used 24872K, committed 25152K, reserved 1114112K
  class space    used 2740K, committed 2880K, reserved 1048576K
}
Event: 9.151 GC heap before
{Heap before GC invocations=6 (full 0):
 garbage-first heap   total 81920K, used 29696K [0x000000008a800000, 0x0000000100000000)
  region size 1024K, 7 young (7168K), 6 survivors (6144K)
 Metaspace       used 24872K, committed 25152K, reserved 1114112K
  class space    used 2740K, committed 2880K, reserved 1048576K
}
Event: 9.160 GC heap after
{Heap after GC invocations=7 (full 0):
 garbage-first heap   total 81920K, used 29696K [0x000000008a800000, 0x0000000100000000)
  region size 1024K, 1 young (1024K), 1 survivors (1024K)
 Metaspace       used 24872K, committed 25152K, reserved 1114112K
  class space    used 2740K, committed 2880K, reserved 1048576K
}
Event: 10.679 GC heap before
{Heap before GC invocations=7 (full 0):
 garbage-first heap   total 81920K, used 60416K [0x000000008a800000, 0x0000000100000000)
  region size 1024K, 31 young (31744K), 1 survivors (1024K)
 Metaspace       used 25425K, committed 25728K, reserved 1114112K
  class space    used 2767K, committed 2880K, reserved 1048576K
}

Dll operation events (10 events):
Event: 0.010 Loaded shared library C:\Program Files\Java\jdk-19\bin\java.dll
Event: 0.021 Loaded shared library C:\Program Files\Java\jdk-19\bin\jsvml.dll
Event: 0.075 Loaded shared library C:\Program Files\Java\jdk-19\bin\net.dll
Event: 0.077 Loaded shared library C:\Program Files\Java\jdk-19\bin\nio.dll
Event: 0.082 Loaded shared library C:\Program Files\Java\jdk-19\bin\zip.dll
Event: 0.289 Loaded shared library C:\Program Files\Apache\Maven\apache-maven-3.9.8\lib\jansi-native\Windows\x86_64\jansi.dll
Event: 0.290 Loaded shared library C:\Program Files\Java\jdk-19\bin\jimage.dll
Event: 0.313 Loaded shared library C:\Program Files\Java\jdk-19\bin\verify.dll
Event: 4.404 Loaded shared library C:\Program Files\Java\jdk-19\bin\extnet.dll
Event: 4.522 Loaded shared library C:\Program Files\Java\jdk-19\bin\sunmscapi.dll

Deoptimization events (20 events):
Event: 10.312 Thread 0x0000020b4c1dedc0 Uncommon trap: trap_request=0xffffff45 fr.pc=0x0000020b5d5d6410 relative=0x0000000000000270
Event: 10.312 Thread 0x0000020b4c1dedc0 Uncommon trap: reason=unstable_if action=reinterpret pc=0x0000020b5d5d6410 method=java.util.concurrent.ConcurrentHashMap.get(Ljava/lang/Object;)Ljava/lang/Object; @ 152 c2
Event: 10.312 Thread 0x0000020b4c1dedc0 DEOPT PACKING pc=0x0000020b5d5d6410 sp=0x0000008d0a1fced0
Event: 10.312 Thread 0x0000020b4c1dedc0 DEOPT UNPACKING pc=0x0000020b5ce06da3 sp=0x0000008d0a1fce48 mode 2
Event: 10.618 Thread 0x0000020b4c1dedc0 Uncommon trap: trap_request=0xffffffc6 fr.pc=0x0000020b5d6ae0a8 relative=0x0000000000000b68
Event: 10.618 Thread 0x0000020b4c1dedc0 Uncommon trap: reason=bimorphic_or_optimized_type_check action=maybe_recompile pc=0x0000020b5d6ae0a8 method=org.apache.maven.model.merge.ModelMerger$DependencyKeyComputer.key(Lorg/apache/maven/model/Dependency;)Ljava/lang/Object; @ 5 c2
Event: 10.618 Thread 0x0000020b4c1dedc0 DEOPT PACKING pc=0x0000020b5d6ae0a8 sp=0x0000008d0a1fc710
Event: 10.618 Thread 0x0000020b4c1dedc0 DEOPT UNPACKING pc=0x0000020b5ce06da3 sp=0x0000008d0a1fc660 mode 2
Event: 10.618 Thread 0x0000020b4c1dedc0 Uncommon trap: trap_request=0xffffffc6 fr.pc=0x0000020b5d6ae0a8 relative=0x0000000000000b68
Event: 10.618 Thread 0x0000020b4c1dedc0 Uncommon trap: reason=bimorphic_or_optimized_type_check action=maybe_recompile pc=0x0000020b5d6ae0a8 method=org.apache.maven.model.merge.ModelMerger$DependencyKeyComputer.key(Lorg/apache/maven/model/Dependency;)Ljava/lang/Object; @ 5 c2
Event: 10.618 Thread 0x0000020b4c1dedc0 DEOPT PACKING pc=0x0000020b5d6ae0a8 sp=0x0000008d0a1fc710
Event: 10.618 Thread 0x0000020b4c1dedc0 DEOPT UNPACKING pc=0x0000020b5ce06da3 sp=0x0000008d0a1fc660 mode 2
Event: 10.642 Thread 0x0000020b4c1dedc0 Uncommon trap: trap_request=0xffffffc6 fr.pc=0x0000020b5d6ae0a8 relative=0x0000000000000b68
Event: 10.642 Thread 0x0000020b4c1dedc0 Uncommon trap: reason=bimorphic_or_optimized_type_check action=maybe_recompile pc=0x0000020b5d6ae0a8 method=org.apache.maven.model.merge.ModelMerger$DependencyKeyComputer.key(Lorg/apache/maven/model/Dependency;)Ljava/lang/Object; @ 5 c2
Event: 10.642 Thread 0x0000020b4c1dedc0 DEOPT PACKING pc=0x0000020b5d6ae0a8 sp=0x0000008d0a1fc370
Event: 10.642 Thread 0x0000020b4c1dedc0 DEOPT UNPACKING pc=0x0000020b5ce06da3 sp=0x0000008d0a1fc2c0 mode 2
Event: 10.666 Thread 0x0000020b4c1dedc0 Uncommon trap: trap_request=0xffffffde fr.pc=0x0000020b5d6ab7dc relative=0x000000000000031c
Event: 10.666 Thread 0x0000020b4c1dedc0 Uncommon trap: reason=class_check action=maybe_recompile pc=0x0000020b5d6ab7dc method=org.codehaus.plexus.interpolation.MapBasedValueSource.getValue(Ljava/lang/String;)Ljava/lang/Object; @ 16 c2
Event: 10.667 Thread 0x0000020b4c1dedc0 DEOPT PACKING pc=0x0000020b5d6ab7dc sp=0x0000008d0a1fc420
Event: 10.667 Thread 0x0000020b4c1dedc0 DEOPT UNPACKING pc=0x0000020b5ce06da3 sp=0x0000008d0a1fc3b8 mode 2

Classes loaded (20 events):
Event: 4.945 Loading class java/time/zone/ZoneRulesProvider$1
Event: 4.945 Loading class java/time/zone/ZoneRulesProvider$1 done
Event: 4.945 Loading class java/time/zone/TzdbZoneRulesProvider
Event: 4.945 Loading class java/time/zone/TzdbZoneRulesProvider done
Event: 4.948 Loading class java/time/zone/Ser
Event: 4.948 Loading class java/io/Externalizable
Event: 4.948 Loading class java/io/Externalizable done
Event: 4.948 Loading class java/time/zone/Ser done
Event: 4.949 Loading class sun/util/cldr/CLDRBaseLocaleDataMetaInfo$TZCanonicalIDMapHolder
Event: 4.950 Loading class sun/util/cldr/CLDRBaseLocaleDataMetaInfo$TZCanonicalIDMapHolder done
Event: 4.951 Loading class sun/util/resources/TimeZoneNames
Event: 4.952 Loading class sun/util/resources/TimeZoneNames done
Event: 4.953 Loading class sun/util/resources/TimeZoneNames_en
Event: 4.953 Loading class sun/util/resources/TimeZoneNames_en done
Event: 9.260 Loading class java/nio/file/Path$1
Event: 9.260 Loading class java/nio/file/Path$1 done
Event: 10.267 Loading class java/util/Collections$UnmodifiableList$1
Event: 10.267 Loading class java/util/Collections$UnmodifiableList$1 done
Event: 10.279 Loading class sun/nio/cs/ISO_8859_1$Decoder
Event: 10.280 Loading class sun/nio/cs/ISO_8859_1$Decoder done

Classes unloaded (0 events):
No events

Classes redefined (0 events):
No events

Internal exceptions (20 events):
Event: 9.966 Thread 0x0000020b4c1dedc0 Exception <a 'sun/nio/fs/WindowsException'{0x000000008e8b1400}> (0x000000008e8b1400) 
thrown [s\open\src\hotspot\share\prims\jni.cpp, line 517]
Event: 9.969 Thread 0x0000020b4c1dedc0 Exception <a 'sun/nio/fs/WindowsException'{0x000000008e8b8a50}> (0x000000008e8b8a50) 
thrown [s\open\src\hotspot\share\prims\jni.cpp, line 517]
Event: 9.978 Thread 0x0000020b4c1dedc0 Exception <a 'sun/nio/fs/WindowsException'{0x000000008e8e7380}> (0x000000008e8e7380) 
thrown [s\open\src\hotspot\share\prims\jni.cpp, line 517]
Event: 9.979 Thread 0x0000020b4c1dedc0 Exception <a 'sun/nio/fs/WindowsException'{0x000000008e8e7730}> (0x000000008e8e7730) 
thrown [s\open\src\hotspot\share\prims\jni.cpp, line 517]
Event: 10.093 Thread 0x0000020b4c1dedc0 Exception <a 'sun/nio/fs/WindowsException'{0x000000008e8f9280}> (0x000000008e8f9280) 
thrown [s\open\src\hotspot\share\prims\jni.cpp, line 517]
Event: 10.181 Thread 0x0000020b4c1dedc0 Exception <a 'sun/nio/fs/WindowsException'{0x000000008e718148}> (0x000000008e718148) 
thrown [s\open\src\hotspot\share\prims\jni.cpp, line 517]
Event: 10.186 Thread 0x0000020b4c1dedc0 Exception <a 'sun/nio/fs/WindowsException'{0x000000008e72af68}> (0x000000008e72af68) 
thrown [s\open\src\hotspot\share\prims\jni.cpp, line 517]
Event: 10.188 Thread 0x0000020b4c1dedc0 Exception <a 'sun/nio/fs/WindowsException'{0x000000008e7323f8}> (0x000000008e7323f8) 
thrown [s\open\src\hotspot\share\prims\jni.cpp, line 517]
Event: 10.351 Thread 0x0000020b4c1dedc0 Exception <a 'sun/nio/fs/WindowsException'{0x000000008dea8980}> (0x000000008dea8980) 
thrown [s\open\src\hotspot\share\prims\jni.cpp, line 517]
Event: 10.351 Thread 0x0000020b4c1dedc0 Exception <a 'sun/nio/fs/WindowsException'{0x000000008dea8d30}> (0x000000008dea8d30) 
thrown [s\open\src\hotspot\share\prims\jni.cpp, line 517]
Event: 10.454 Thread 0x0000020b4c1dedc0 Exception <a 'sun/nio/fs/WindowsException'{0x000000008deba650}> (0x000000008deba650) 
thrown [s\open\src\hotspot\share\prims\jni.cpp, line 517]
Event: 10.459 Thread 0x0000020b4c1dedc0 Exception <a 'sun/nio/fs/WindowsException'{0x000000008ded35f8}> (0x000000008ded35f8) 
thrown [s\open\src\hotspot\share\prims\jni.cpp, line 517]
Event: 10.464 Thread 0x0000020b4c1dedc0 Exception <a 'sun/nio/fs/WindowsException'{0x000000008dede4d0}> (0x000000008dede4d0) 
thrown [s\open\src\hotspot\share\prims\jni.cpp, line 517]
Event: 10.466 Thread 0x0000020b4c1dedc0 Exception <a 'sun/nio/fs/WindowsException'{0x000000008dee1950}> (0x000000008dee1950) 
thrown [s\open\src\hotspot\share\prims\jni.cpp, line 517]
Event: 10.470 Thread 0x0000020b4c1dedc0 Exception <a 'sun/nio/fs/WindowsException'{0x000000008dd46da0}> (0x000000008dd46da0) 
thrown [s\open\src\hotspot\share\prims\jni.cpp, line 517]
Event: 10.471 Thread 0x0000020b4c1dedc0 Exception <a 'sun/nio/fs/WindowsException'{0x000000008dd47130}> (0x000000008dd47130) 
thrown [s\open\src\hotspot\share\prims\jni.cpp, line 517]
Event: 10.592 Thread 0x0000020b4c1dedc0 Exception <a 'sun/nio/fs/WindowsException'{0x000000008dd58a08}> (0x000000008dd58a08) 
thrown [s\open\src\hotspot\share\prims\jni.cpp, line 517]
Event: 10.601 Thread 0x0000020b4c1dedc0 Exception <a 'sun/nio/fs/WindowsException'{0x000000008dd79660}> (0x000000008dd79660) 
thrown [s\open\src\hotspot\share\prims\jni.cpp, line 517]
Event: 10.607 Thread 0x0000020b4c1dedc0 Exception <a 'sun/nio/fs/WindowsException'{0x000000008dd844e0}> (0x000000008dd844e0) 
thrown [s\open\src\hotspot\share\prims\jni.cpp, line 517]
Event: 10.608 Thread 0x0000020b4c1dedc0 Exception <a 'sun/nio/fs/WindowsException'{0x000000008ddda1f8}> (0x000000008ddda1f8) 
thrown [s\open\src\hotspot\share\prims\jni.cpp, line 517]

VM Operations (20 events):
Event: 4.530 Executing VM operation: G1PauseCleanup done
Event: 5.535 Executing VM operation: ICBufferFull
Event: 5.535 Executing VM operation: ICBufferFull done
Event: 6.540 Executing VM operation: Cleanup
Event: 6.540 Executing VM operation: Cleanup done
Event: 7.543 Executing VM operation: Cleanup
Event: 7.543 Executing VM operation: Cleanup done
Event: 8.214 Executing VM operation: HandshakeAllThreads
Event: 8.214 Executing VM operation: HandshakeAllThreads done
Event: 8.393 Executing VM operation: HandshakeAllThreads
Event: 8.393 Executing VM operation: HandshakeAllThreads done
Event: 8.409 Executing VM operation: HandshakeAllThreads
Event: 8.409 Executing VM operation: HandshakeAllThreads done
Event: 9.131 Executing VM operation: G1CollectForAllocation
Event: 9.148 Executing VM operation: G1CollectForAllocation done
Event: 9.151 Executing VM operation: G1CollectForAllocation
Event: 9.160 Executing VM operation: G1CollectForAllocation done
Event: 10.171 Executing VM operation: Cleanup
Event: 10.171 Executing VM operation: Cleanup done
Event: 10.679 Executing VM operation: G1CollectForAllocation

Events (20 events):
Event: 8.415 Thread 0x0000020b6ce548b0 flushing nmethod 0x0000020b563c8f10
Event: 8.415 Thread 0x0000020b6ce548b0 flushing nmethod 0x0000020b563c9390
Event: 8.415 Thread 0x0000020b6ce548b0 flushing nmethod 0x0000020b563caf10
Event: 8.415 Thread 0x0000020b6ce548b0 flushing nmethod 0x0000020b563cb410
Event: 8.415 Thread 0x0000020b6ce548b0 flushing nmethod 0x0000020b563cb790
Event: 8.415 Thread 0x0000020b6ce548b0 flushing nmethod 0x0000020b563cbb10
Event: 8.415 Thread 0x0000020b6ce548b0 flushing nmethod 0x0000020b563cbe90
Event: 8.415 Thread 0x0000020b6ce548b0 flushing nmethod 0x0000020b563d6110
Event: 8.415 Thread 0x0000020b6ce548b0 flushing nmethod 0x0000020b563d7b10
Event: 8.415 Thread 0x0000020b6ce548b0 flushing nmethod 0x0000020b563fad90
Event: 8.415 Thread 0x0000020b6ce548b0 flushing nmethod 0x0000020b563fb710
Event: 8.415 Thread 0x0000020b6ce548b0 flushing nmethod 0x0000020b56494d90
Event: 8.415 Thread 0x0000020b6ce548b0 flushing nmethod 0x0000020b564c3290
Event: 8.415 Thread 0x0000020b6ce548b0 flushing nmethod 0x0000020b564c3710
Event: 8.415 Thread 0x0000020b6ce548b0 flushing nmethod 0x0000020b564c4090
Event: 9.514 Thread 0x0000020b73ab4050 Thread added: 0x0000020b73ab4050
Event: 10.092 Thread 0x0000020b73ab4050 Thread exited: 0x0000020b73ab4050
Event: 10.235 Thread 0x0000020b71644a50 Thread added: 0x0000020b71644a50
Event: 10.235 Thread 0x0000020b7260f430 Thread added: 0x0000020b7260f430
Event: 10.618 Thread 0x0000020b730f3aa0 Thread added: 0x0000020b730f3aa0


Dynamic libraries:
0x00007ff700470000 - 0x00007ff700480000 	C:\Program Files\Java\jdk-19\bin\java.exe
0x00007ffe1cb80000 - 0x00007ffe1cde9000 	C:\WINDOWS\SYSTEM32\ntdll.dll
0x00007ffe1ba90000 - 0x00007ffe1bb59000 	C:\WINDOWS\System32\KERNEL32.DLL
0x00007ffe1a550000 - 0x00007ffe1a943000 	C:\WINDOWS\System32\KERNELBASE.dll
0x00007ffe19f20000 - 0x00007ffe1a06b000 	C:\WINDOWS\System32\ucrtbase.dll
0x00007ffe0fc90000 - 0x00007ffe0fcab000 	C:\Program Files\Java\jdk-19\bin\VCRUNTIME140.dll
0x00007ffe0d9f0000 - 0x00007ffe0da08000 	C:\Program Files\Java\jdk-19\bin\jli.dll
0x00007ffe1b9d0000 - 0x00007ffe1ba84000 	C:\WINDOWS\System32\ADVAPI32.dll
0x00007ffe1ca60000 - 0x00007ffe1cb09000 	C:\WINDOWS\System32\msvcrt.dll
0x00007ffe1b690000 - 0x00007ffe1b736000 	C:\WINDOWS\System32\sechost.dll
0x00007ffe1c520000 - 0x00007ffe1c638000 	C:\WINDOWS\System32\RPCRT4.dll
0x00007ffe1c6f0000 - 0x00007ffe1c8b4000 	C:\WINDOWS\System32\USER32.dll
0x00007ffe01bb0000 - 0x00007ffe01e43000 	C:\WINDOWS\WinSxS\amd64_microsoft.windows.common-controls_6595b64144ccf1df_6.0.26100.5074_none_3e0d6f78e32fd63f\COMCTL32.dll
0x00007ffe19dc0000 - 0x00007ffe19de7000 	C:\WINDOWS\System32\win32u.dll
0x00007ffe1aa50000 - 0x00007ffe1aa7b000 	C:\WINDOWS\System32\GDI32.dll
0x00007ffe1a2a0000 - 0x00007ffe1a3cd000 	C:\WINDOWS\System32\gdi32full.dll
0x00007ffe19d10000 - 0x00007ffe19db3000 	C:\WINDOWS\System32\msvcp_win.dll
0x00007ffe12410000 - 0x00007ffe1241b000 	C:\WINDOWS\SYSTEM32\VERSION.dll
0x00007ffe1c6b0000 - 0x00007ffe1c6df000 	C:\WINDOWS\System32\IMM32.DLL
0x00007ffe0fcf0000 - 0x00007ffe0fcfc000 	C:\Program Files\Java\jdk-19\bin\vcruntime140_1.dll
0x00007ffdc9820000 - 0x00007ffdc98ae000 	C:\Program Files\Java\jdk-19\bin\msvcp140.dll
0x00007ffd7f880000 - 0x00007ffd80540000 	C:\Program Files\Java\jdk-19\bin\server\jvm.dll
0x00007ffe13800000 - 0x00007ffe1380a000 	C:\WINDOWS\SYSTEM32\WSOCK32.dll
0x00007ffe135d0000 - 0x00007ffe13605000 	C:\WINDOWS\SYSTEM32\WINMM.dll
0x00007ffe1b870000 - 0x00007ffe1b8e4000 	C:\WINDOWS\System32\WS2_32.dll
0x00007ffe18af0000 - 0x00007ffe18b0b000 	C:\WINDOWS\SYSTEM32\kernel.appcore.dll
0x00007ffe0c600000 - 0x00007ffe0c60a000 	C:\Program Files\Java\jdk-19\bin\jimage.dll
0x00007ffe12e10000 - 0x00007ffe13052000 	C:\WINDOWS\SYSTEM32\DBGHELP.DLL
0x00007ffe1b240000 - 0x00007ffe1b5bb000 	C:\WINDOWS\System32\combase.dll
0x00007ffe1b790000 - 0x00007ffe1b867000 	C:\WINDOWS\System32\OLEAUT32.dll
0x00007ffe13590000 - 0x00007ffe135cd000 	C:\WINDOWS\SYSTEM32\dbgcore.DLL
0x00007ffe19e80000 - 0x00007ffe19f19000 	C:\WINDOWS\System32\bcryptPrimitives.dll
0x00007ffe07120000 - 0x00007ffe07146000 	C:\Program Files\Java\jdk-19\bin\java.dll
0x00007ffdc94e0000 - 0x00007ffdc95b7000 	C:\Program Files\Java\jdk-19\bin\jsvml.dll
0x00007ffe1bb60000 - 0x00007ffe1c2ad000 	C:\WINDOWS\System32\SHELL32.dll
0x00007ffe1a130000 - 0x00007ffe1a29c000 	C:\WINDOWS\System32\wintypes.dll
0x00007ffe17970000 - 0x00007ffe181c9000 	C:\WINDOWS\SYSTEM32\windows.storage.dll
0x00007ffe1a950000 - 0x00007ffe1aa40000 	C:\WINDOWS\System32\SHCORE.dll
0x00007ffe1c640000 - 0x00007ffe1c6a2000 	C:\WINDOWS\System32\shlwapi.dll
0x00007ffe19c30000 - 0x00007ffe19c59000 	C:\WINDOWS\SYSTEM32\profapi.dll
0x00007ffe0fef0000 - 0x00007ffe0ff03000 	C:\Program Files\Java\jdk-19\bin\net.dll
0x00007ffe12280000 - 0x00007ffe1239f000 	C:\WINDOWS\SYSTEM32\WINHTTP.dll
0x00007ffe19070000 - 0x00007ffe190db000 	C:\WINDOWS\system32\mswsock.dll
0x00007ffe0fe80000 - 0x00007ffe0fe96000 	C:\Program Files\Java\jdk-19\bin\nio.dll
0x00007ffe0fd50000 - 0x00007ffe0fd68000 	C:\Program Files\Java\jdk-19\bin\zip.dll
0x00007ffe09b50000 - 0x00007ffe09b74000 	C:\Program Files\Apache\Maven\apache-maven-3.9.8\lib\jansi-native\Windows\x86_64\jansi.dll
0x00007ffe0c5f0000 - 0x00007ffe0c600000 	C:\Program Files\Java\jdk-19\bin\verify.dll
0x00007ffe19310000 - 0x00007ffe1932b000 	C:\WINDOWS\SYSTEM32\CRYPTSP.dll
0x00007ffe18a50000 - 0x00007ffe18a8b000 	C:\WINDOWS\system32\rsaenh.dll
0x00007ffe19110000 - 0x00007ffe1913b000 	C:\WINDOWS\SYSTEM32\USERENV.dll
0x00007ffe19c00000 - 0x00007ffe19c26000 	C:\WINDOWS\SYSTEM32\bcrypt.dll
0x00007ffe19330000 - 0x00007ffe1933c000 	C:\WINDOWS\SYSTEM32\CRYPTBASE.dll
0x00007ffe18540000 - 0x00007ffe18574000 	C:\WINDOWS\SYSTEM32\IPHLPAPI.DLL
0x00007ffe1c2b0000 - 0x00007ffe1c2ba000 	C:\WINDOWS\System32\NSI.dll
0x00007ffe12750000 - 0x00007ffe1276e000 	C:\WINDOWS\SYSTEM32\dhcpcsvc6.DLL
0x00007ffe124a0000 - 0x00007ffe124c3000 	C:\WINDOWS\SYSTEM32\dhcpcsvc.DLL
0x00007ffe185e0000 - 0x00007ffe18706000 	C:\WINDOWS\SYSTEM32\DNSAPI.dll
0x00007ffe0f8f0000 - 0x00007ffe0f8fb000 	C:\Windows\System32\rasadhlp.dll
0x00007ffe12880000 - 0x00007ffe12906000 	C:\WINDOWS\System32\fwpuclnt.dll
0x00007ffe0fee0000 - 0x00007ffe0fee8000 	C:\Program Files\Java\jdk-19\bin\extnet.dll
0x00007ffe07110000 - 0x00007ffe0711e000 	C:\Program Files\Java\jdk-19\bin\sunmscapi.dll
0x00007ffe1a3d0000 - 0x00007ffe1a547000 	C:\WINDOWS\System32\CRYPT32.dll
0x00007ffe19530000 - 0x00007ffe19560000 	C:\WINDOWS\SYSTEM32\ncrypt.dll
0x00007ffe194e0000 - 0x00007ffe1951f000 	C:\WINDOWS\SYSTEM32\NTASN1.dll

dbghelp: loaded successfully - version: 4.0.5 - missing functions: none
symbol engine: initialized successfully - sym options: 0x614 - pdb path: .;C:\Program Files\Java\jdk-19\bin;C:\WINDOWS\SYSTEM32;C:\WINDOWS\WinSxS\amd64_microsoft.windows.common-controls_6595b64144ccf1df_6.0.26100.5074_none_3e0d6f78e32fd63f;C:\Program Files\Java\jdk-19\bin\server;C:\Program Files\Apache\Maven\apache-maven-3.9.8\lib\jansi-native\Windows\x86_64

VM Arguments:
jvm_args: -Dclassworlds.conf=C:\Program Files\Apache\Maven\apache-maven-3.9.8\bin\m2.conf -Dmaven.home=C:\Program Files\Apache\Maven\apache-maven-3.9.8 -Dlibrary.jansi.path=C:\Program Files\Apache\Maven\apache-maven-3.9.8\lib\jansi-native -Dmaven.multiModuleProjectDirectory=D:\Sony_Course\NewGetEmployed\GetEmployed 
java_command: org.codehaus.plexus.classworlds.launcher.Launcher dependency:purge-local-repository
java_class_path (initial): C:\Program Files\Apache\Maven\apache-maven-3.9.8\boot\plexus-classworlds-2.8.0.jar
Launcher Type: SUN_STANDARD

[Global flags]
     intx CICompilerCount                          = 12                                        {product} {ergonomic}
     uint ConcGCThreads                            = 3                                         {product} {ergonomic}
     uint G1ConcRefinementThreads                  = 13                                        {product} {ergonomic}
   size_t G1HeapRegionSize                         = 1048576                                   {product} {ergonomic}
    uintx GCDrainStackTargetSize                   = 64                                        {product} {ergonomic}
   size_t InitialHeapSize                          = 123731968                                 {product} {ergonomic}
   size_t MarkStackSize                            = 4194304                                   {product} {ergonomic}
   size_t MaxHeapSize                              = 1971322880                                {product} {ergonomic}
   size_t MaxNewSize                               = 1182793728                                {product} {ergonomic}
   size_t MinHeapDeltaBytes                        = 1048576                                   {product} {ergonomic}
   size_t MinHeapSize                              = 8388608                                   {product} {ergonomic}
    uintx NonNMethodCodeHeapSize                   = 7602480                                {pd product} {ergonomic}
    uintx NonProfiledCodeHeapSize                  = 122027880                              {pd product} {ergonomic}
    uintx ProfiledCodeHeapSize                     = 122027880                              {pd product} {ergonomic}
    uintx ReservedCodeCacheSize                    = 251658240                              {pd product} {ergonomic}
     bool SegmentedCodeCache                       = true                                      {product} {ergonomic}
   size_t SoftMaxHeapSize                          = 1971322880                             {manageable} {ergonomic}
     bool UseCompressedClassPointers               = true                           {product lp64_product} {ergonomic}
     bool UseCompressedOops                        = true                           {product lp64_product} {ergonomic}
     bool UseG1GC                                  = true                                      {product} {ergonomic}
     bool UseLargePagesIndividualAllocation        = false                                  {pd product} {ergonomic}

Logging:
Log output configuration:
 #0: stdout all=warning uptime,level,tags foldmultilines=false
 #1: stderr all=off uptime,level,tags foldmultilines=false

Environment Variables:
PATH=C:\Python312\Scripts\;C:\Python312\;C:\Program Files\Common Files\Oracle\Java\javapath;C:\WINDOWS\system32;C:\WINDOWS;C:\WINDOWS\System32\Wbem;C:\WINDOWS\System32\WindowsPowerShell\v1.0\;C:\WINDOWS\System32\OpenSSH\;C:\MinGW\bin;C:\Program Files\Git\cmd;C:\Program Files\Java\jdk-19\bin;C:\Program Files\MongoDB\Server\6.0\bin;C:\Program Files\MySQL\MySQL Server 8.0\bin;C:\xampp\php;C:\Program Files (x86)\GnuWin32\bin;C:\Program Files\Apache\Maven\apache-maven-3.9.8\bin;C:\Program Files\Git LFS;C:\Program Files (x86)\mongosh-2.3.1-win32-x64\bin;C:\Program Files (x86)\ffmpeg-7.1-full_build\bin;C:\Program Files\nodejs\;C:\ProgramData\chocolatey\bin;C:\Program Files\Docker\Docker\resources\bin;C:\Program Files\MySQL\MySQL Shell 8.0\bin\;C:\Users\Lenovo\AppData\Local\Programs\Python\Python310\Scripts\;C:\Users\Lenovo\AppData\Local\Programs\Python\Python310\;C:\Users\Lenovo\AppData\Local\Programs\Python\Python311\Scripts\;C:\Users\Lenovo\AppData\Local\Programs\Python\Python311\;C:\Users\Lenovo\AppData\Local\Microsoft\WindowsApps;C:\Users\Lenovo\AppData\Local\Programs\Microsoft VS Code\bin;C:\Users\Lenovo\AppData\Local\GitHubDesktop\bin;C:\Program Files\JetBrains\IntelliJ IDEA Community Edition 2024.1.4\bin;;C:\Users\Lenovo\AppData\Roaming\npm;C:\Users\Lenovo\AppData\Local\Programs\cursor\resources\app\bin
USERNAME=Lenovo
OS=Windows_NT
PROCESSOR_IDENTIFIER=AMD64 Family 23 Model 104 Stepping 1, AuthenticAMD
TMP=C:\Users\Lenovo\AppData\Local\Temp
TEMP=C:\Users\Lenovo\AppData\Local\Temp



---------------  S Y S T E M  ---------------

OS:
 Windows 11 , 64 bit Build 26100 (10.0.26100.5074)
OS uptime: 1 days 9:46 hours
Hyper-V role detected

CPU: total 16 (initial active 16) (16 cores per cpu, 2 threads per core) family 23 model 104 stepping 1 microcode 0x8608103, cx8, cmov, fxsr, ht, mmx, 3dnowpref, sse, sse2, sse3, ssse3, sse4a, sse4.1, sse4.2, popcnt, lzcnt, tsc, tscinvbit, avx, avx2, aes, clmul, bmi1, bmi2, adx, sha, fma, vzeroupper, clflush, clflushopt, hv, rdtscp, rdpid

Memory: 4k page, system-wide physical 7514M (442M free)
TotalPageFile size 31066M (AvailPageFile size 55M)
current process WorkingSet (physical memory assigned to process): 185M, peak: 205M
current process commit charge ("private bytes"): 272M, peak: 354M

vm_info: Java HotSpot(TM) 64-Bit Server VM (19.0.2+7-44) for windows-amd64 JRE (19.0.2+7-44), built on 2022-11-30T18:02:09Z by "mach5one" with MS VC++ 17.1 (VS2022)

END.
