#
# There is insufficient memory for the Java Runtime Environment to continue.
# Native memory allocation (mmap) failed to map 257949696 bytes for G1 virtual space
# Possible reasons:
#   The system is out of physical RAM or swap space
#   The process is running with CompressedOops enabled, and the Java Heap may be blocking the growth of the native heap
# Possible solutions:
#   Reduce memory load on the system
#   Increase physical memory or swap space
#   Check if swap backing store is full
#   Decrease Java heap size (-Xmx/-Xms)
#   Decrease number of Java threads
#   Decrease Java thread stack sizes (-Xss)
#   Set larger code cache with -XX:ReservedCodeCacheSize=
#   JVM is running with Unscaled Compressed Oops mode in which the Java heap is
#     placed in the first 4GB address space. The Java Heap base address is the
#     maximum limit for the native heap growth. Please use -XX:HeapBaseMinAddress
#     to set the Java Heap base and to place the Java Heap above 4GB virtual address.
# This output file may be truncated or incomplete.
#
#  Out of Memory Error (os_windows.cpp:3536), pid=4400, tid=8084
#
# JRE version: Java(TM) SE Runtime Environment (19.0.2+7) (build 19.0.2+7-44)
# Java VM: Java HotSpot(TM) 64-Bit Server VM (19.0.2+7-44, mixed mode, sharing, tiered, compressed oops, compressed class ptrs, g1 gc, windows-amd64)
# No core dump will be written. Minidumps are not enabled by default on client versions of Windows
#

---------------  S U M M A R Y ------------

Command Line: -Dclassworlds.conf=C:\Program Files\Apache\Maven\apache-maven-3.9.8\bin\m2.conf -Dmaven.home=C:\Program Files\Apache\Maven\apache-maven-3.9.8 -Dlibrary.jansi.path=C:\Program Files\Apache\Maven\apache-maven-3.9.8\lib\jansi-native -Dmaven.multiModuleProjectDirectory=D:\Sony_Course\NewGetEmployed\GetEmployed org.codehaus.plexus.classworlds.launcher.Launcher clean install -DskipTests

Host: AMD Ryzen 7 5700U with Radeon Graphics         , 16 cores, 7G,  Windows 11 , 64 bit Build 26100 (10.0.26100.5074)
Time: Sat Oct  4 20:08:16 2025 India Standard Time elapsed time: 16.635396 seconds (0d 0h 0m 16s)

---------------  T H R E A D  ---------------

Current thread (0x0000020233a78c70):  VMThread "VM Thread" [stack: 0x000000296fc00000,0x000000296fd00000] [id=8084]

Stack: [0x000000296fc00000,0x000000296fd00000]
Native frames: (J=compiled Java code, j=interpreted, Vv=VM code, C=native code)
V  [jvm.dll+0x6ee21a]
V  [jvm.dll+0x85765e]
V  [jvm.dll+0x85904e]
V  [jvm.dll+0x859703]
V  [jvm.dll+0x28298f]
V  [jvm.dll+0x6eb009]
V  [jvm.dll+0x6dfbaa]
V  [jvm.dll+0x3573f6]
V  [jvm.dll+0x35ee56]
V  [jvm.dll+0x3b541e]
V  [jvm.dll+0x3b564f]
V  [jvm.dll+0x32c9ea]
V  [jvm.dll+0x32ca97]
V  [jvm.dll+0x374cd2]
V  [jvm.dll+0x37340f]
V  [jvm.dll+0x32c210]
V  [jvm.dll+0x3729ab]
V  [jvm.dll+0x85ebc3]
V  [jvm.dll+0x85f989]
V  [jvm.dll+0x85febd]
V  [jvm.dll+0x86034b]
V  [jvm.dll+0x860407]
V  [jvm.dll+0x80125a]
V  [jvm.dll+0x6ecf0b]
C  [ucrtbase.dll+0x37b0]
C  [KERNEL32.DLL+0x2e8d7]
C  [ntdll.dll+0x8d9c]

VM_Operation (0x000000296f6fbfc0): G1CollectForAllocation, mode: safepoint, requested by thread 0x00000202157df310


---------------  P R O C E S S  ---------------

Threads class SMR info:
_java_thread_list=0x000002023bf00de0, length=16, elements={
0x00000202157df310, 0x0000020233a92c20, 0x0000020233a95560, 0x0000020233a998c0,
0x0000020233a9d570, 0x0000020233a9ebb0, 0x0000020233aa0f00, 0x0000020233aa3d10,
0x0000020233aae0e0, 0x0000020238808090, 0x0000020238920c60, 0x0000020238923600,
0x0000020238931530, 0x0000020238935740, 0x0000020239c42b70, 0x000002023b620f20
}

Java Threads: ( => current thread )
  0x00000202157df310 JavaThread "main" [_thread_blocked, id=29860, stack(0x000000296f600000,0x000000296f700000)]
  0x0000020233a92c20 JavaThread "Reference Handler" daemon [_thread_blocked, id=11376, stack(0x000000296fd00000,0x000000296fe00000)]
  0x0000020233a95560 JavaThread "Finalizer" daemon [_thread_blocked, id=30216, stack(0x000000296fe00000,0x000000296ff00000)]
  0x0000020233a998c0 JavaThread "Signal Dispatcher" daemon [_thread_blocked, id=5084, stack(0x000000296ff00000,0x0000002970000000)]
  0x0000020233a9d570 JavaThread "Attach Listener" daemon [_thread_blocked, id=31236, stack(0x0000002970000000,0x0000002970100000)]
  0x0000020233a9ebb0 JavaThread "Service Thread" daemon [_thread_blocked, id=5124, stack(0x0000002970100000,0x0000002970200000)]
  0x0000020233aa0f00 JavaThread "Monitor Deflation Thread" daemon [_thread_blocked, id=27632, stack(0x0000002970200000,0x0000002970300000)]
  0x0000020233aa3d10 JavaThread "C2 CompilerThread0" daemon [_thread_blocked, id=14896, stack(0x0000002970300000,0x0000002970400000)]
  0x0000020233aae0e0 JavaThread "C1 CompilerThread0" daemon [_thread_blocked, id=17616, stack(0x0000002970400000,0x0000002970500000)]
  0x0000020238808090 JavaThread "Sweeper thread" daemon [_thread_blocked, id=24820, stack(0x0000002970500000,0x0000002970600000)]
  0x0000020238920c60 JavaThread "C1 CompilerThread1" daemon [_thread_blocked, id=32256, stack(0x0000002970600000,0x0000002970700000)]
  0x0000020238923600 JavaThread "C1 CompilerThread2" daemon [_thread_blocked, id=7636, stack(0x0000002970700000,0x0000002970800000)]
  0x0000020238931530 JavaThread "Notification Thread" daemon [_thread_blocked, id=20524, stack(0x0000002970900000,0x0000002970a00000)]
  0x0000020238935740 JavaThread "Common-Cleaner" daemon [_thread_blocked, id=32552, stack(0x0000002970b00000,0x0000002970c00000)]
  0x0000020239c42b70 JavaThread "Thread-1" daemon [_thread_blocked, id=25860, stack(0x0000002971600000,0x0000002971700000)]
  0x000002023b620f20 JavaThread "C2 CompilerThread1" daemon [_thread_blocked, id=26520, stack(0x0000002970c00000,0x0000002970d00000)]

Other Threads:
=>0x0000020233a78c70 VMThread "VM Thread" [stack: 0x000000296fc00000,0x000000296fd00000] [id=8084]
  0x0000020238932ab0 WatcherThread "VM Periodic Task Thread" [stack: 0x0000002970a00000,0x0000002970b00000] [id=31376]
  0x000002021583b870 WorkerThread "GC Thread#0" [stack: 0x000000296f700000,0x000000296f800000] [id=29136]
  0x0000020238d0e1e0 WorkerThread "GC Thread#1" [stack: 0x0000002970d00000,0x0000002970e00000] [id=21608]
  0x0000020238d0d970 WorkerThread "GC Thread#2" [stack: 0x0000002970e00000,0x0000002970f00000] [id=29248]
  0x0000020238d0eff0 WorkerThread "GC Thread#3" [stack: 0x0000002970f00000,0x0000002971000000] [id=33908]
  0x0000020238d0e4b0 WorkerThread "GC Thread#4" [stack: 0x0000002971000000,0x0000002971100000] [id=15496]
  0x0000020238d0ea50 WorkerThread "GC Thread#5" [stack: 0x0000002971100000,0x0000002971200000] [id=22744]
  0x0000020238d0dc40 WorkerThread "GC Thread#6" [stack: 0x0000002971200000,0x0000002971300000] [id=11352]
  0x0000020238d0ed20 WorkerThread "GC Thread#7" [stack: 0x0000002971300000,0x0000002971400000] [id=33292]
  0x0000020238d0d3d0 WorkerThread "GC Thread#8" [stack: 0x0000002971400000,0x0000002971500000] [id=32808]
  0x0000020239a3eba0 WorkerThread "GC Thread#9" [stack: 0x0000002971500000,0x0000002971600000] [id=23380]
  0x0000020239a40220 WorkerThread "GC Thread#10" [stack: 0x0000002971700000,0x0000002971800000] [id=29476]
  0x0000020239a40a90 WorkerThread "GC Thread#11" [stack: 0x0000002971800000,0x0000002971900000] [id=29076]
  0x0000020239a40d60 WorkerThread "GC Thread#12" [stack: 0x0000002971900000,0x0000002971a00000] [id=14140]
  0x000002021584b2d0 ConcurrentGCThread "G1 Main Marker" [stack: 0x000000296f800000,0x000000296f900000] [id=33740]
  0x000002021584db80 WorkerThread "G1 Conc#0" [stack: 0x000000296f900000,0x000000296fa00000] [id=33276]
  0x0000020239a3f6e0 WorkerThread "G1 Conc#1" [stack: 0x0000002971a00000,0x0000002971b00000] [id=4164]
  0x0000020239a3e060 WorkerThread "G1 Conc#2" [stack: 0x0000002971b00000,0x0000002971c00000] [id=24188]
  0x000002021589d6e0 ConcurrentGCThread "G1 Refine#0" [stack: 0x000000296fa00000,0x000000296fb00000] [id=20704]
  0x0000020233939030 ConcurrentGCThread "G1 Service" [stack: 0x000000296fb00000,0x000000296fc00000] [id=13988]

Threads with active compile tasks:
C2 CompilerThread0    16670 10017       4       com.sun.tools.javac.code.Types$16::visitClassType (10 bytes)
C2 CompilerThread1    16671 9895   !   4       java.lang.ClassLoader::loadClass (121 bytes)

VM state: at safepoint (normal execution)

VM Mutex/Monitor currently owned by a thread:  ([mutex/lock_event])
[0x00000202157dade0] Threads_lock - owner thread: 0x0000020233a78c70
[0x00000202157db530] Heap_lock - owner thread: 0x00000202157df310

Heap address: 0x000000008a800000, size: 1880 MB, Compressed Oops mode: 32-bit

CDS archive(s) mapped at: [0x0000000800000000-0x0000000800c40000-0x0000000800c40000), size 12845056, SharedBaseAddress: 0x0000000800000000, ArchiveRelocationMode: 0.
Compressed class space mapped at: 0x0000000801000000-0x0000000841000000, reserved size: 1073741824
Narrow klass base: 0x0000000800000000, Narrow klass shift: 0, Narrow klass range: 0x100000000

GC Precious Log:
 CardTable entry size: 512
 Card Set container configuration: InlinePtr #cards 5 size 8 Array Of Cards #cards 12 size 40 Howl #buckets 4 coarsen threshold 1843 Howl Bitmap #cards 512 size 80 coarsen threshold 460 Card regions per heap region 1 cards per card region 2048
 CPUs: 16 total, 16 available
 Memory: 7514M
 Large Page Support: Disabled
 NUMA Support: Disabled
 Compressed Oops: Enabled (32-bit)
 Heap Region Size: 1M
 Heap Min Capacity: 8M
 Heap Initial Capacity: 118M
 Heap Max Capacity: 1880M
 Pre-touch: Disabled
 Parallel Workers: 13
 Concurrent Workers: 3
 Concurrent Refinement Workers: 13
 Periodic GC: Disabled

Heap:
 garbage-first heap   total 138240K, used 81887K [0x000000008a800000, 0x0000000100000000)
  region size 1024K, 1 young (1024K), 1 survivors (1024K)
 Metaspace       used 35553K, committed 36288K, reserved 1114112K
  class space    used 3837K, committed 4224K, reserved 1048576K

Heap Regions: E=young(eden), S=young(survivor), O=old, HS=humongous(starts), HC=humongous(continues), CS=collection set, F=free, OA=open archive, CA=closed archive, TAMS=top-at-mark-start (previous, next)
|   0|0x000000008a800000, 0x000000008a900000, 0x000000008a900000|100%| O|  |TAMS 0x000000008a900000, 0x000000008a800000| Untracked 
|   1|0x000000008a900000, 0x000000008aa00000, 0x000000008aa00000|100%| O|  |TAMS 0x000000008aa00000, 0x000000008a900000| Untracked 
|   2|0x000000008aa00000, 0x000000008ab00000, 0x000000008ab00000|100%| O|  |TAMS 0x000000008ab00000, 0x000000008aa00000| Untracked 
|   3|0x000000008ab00000, 0x000000008ac00000, 0x000000008ac00000|100%| O|  |TAMS 0x000000008ac00000, 0x000000008ab00000| Untracked 
|   4|0x000000008ac00000, 0x000000008ad00000, 0x000000008ad00000|100%| O|  |TAMS 0x000000008ad00000, 0x000000008ac00000| Untracked 
|   5|0x000000008ad00000, 0x000000008ae00000, 0x000000008ae00000|100%| O|  |TAMS 0x000000008ae00000, 0x000000008ad00000| Untracked 
|   6|0x000000008ae00000, 0x000000008af00000, 0x000000008af00000|100%| O|  |TAMS 0x000000008af00000, 0x000000008ae00000| Untracked 
|   7|0x000000008af00000, 0x000000008b000000, 0x000000008b000000|100%| O|  |TAMS 0x000000008b000000, 0x000000008af00000| Untracked 
|   8|0x000000008b000000, 0x000000008b100000, 0x000000008b100000|100%| O|  |TAMS 0x000000008b100000, 0x000000008b000000| Untracked 
|   9|0x000000008b100000, 0x000000008b200000, 0x000000008b200000|100%| O|  |TAMS 0x000000008b200000, 0x000000008b100000| Untracked 
|  10|0x000000008b200000, 0x000000008b300000, 0x000000008b300000|100%| O|  |TAMS 0x000000008b300000, 0x000000008b200000| Untracked 
|  11|0x000000008b300000, 0x000000008b400000, 0x000000008b400000|100%| O|  |TAMS 0x000000008b400000, 0x000000008b300000| Untracked 
|  12|0x000000008b400000, 0x000000008b500000, 0x000000008b500000|100%| O|  |TAMS 0x000000008b500000, 0x000000008b400000| Untracked 
|  13|0x000000008b500000, 0x000000008b600000, 0x000000008b600000|100%| O|  |TAMS 0x000000008b600000, 0x000000008b500000| Untracked 
|  14|0x000000008b600000, 0x000000008b700000, 0x000000008b700000|100%| O|  |TAMS 0x000000008b700000, 0x000000008b600000| Untracked 
|  15|0x000000008b700000, 0x000000008b800000, 0x000000008b800000|100%| O|  |TAMS 0x000000008b800000, 0x000000008b700000| Untracked 
|  16|0x000000008b800000, 0x000000008b900000, 0x000000008b900000|100%| O|  |TAMS 0x000000008b900000, 0x000000008b800000| Untracked 
|  17|0x000000008b900000, 0x000000008ba00000, 0x000000008ba00000|100%| O|  |TAMS 0x000000008ba00000, 0x000000008b900000| Complete 
|  18|0x000000008ba00000, 0x000000008bb00000, 0x000000008bb00000|100%|HS|  |TAMS 0x000000008bb00000, 0x000000008ba00000| Complete 
|  19|0x000000008bb00000, 0x000000008bc00000, 0x000000008bc00000|100%|HC|  |TAMS 0x000000008bc00000, 0x000000008bb00000| Complete 
|  20|0x000000008bc00000, 0x000000008bd00000, 0x000000008bd00000|100%| O|  |TAMS 0x000000008bd00000, 0x000000008bc00000| Untracked 
|  21|0x000000008bd00000, 0x000000008be00000, 0x000000008be00000|100%| O|  |TAMS 0x000000008be00000, 0x000000008bd00000| Untracked 
|  22|0x000000008be00000, 0x000000008bf00000, 0x000000008bf00000|100%| O|  |TAMS 0x000000008bf00000, 0x000000008be00000| Untracked 
|  23|0x000000008bf00000, 0x000000008c000000, 0x000000008c000000|100%| O|  |TAMS 0x000000008c000000, 0x000000008bf00000| Untracked 
|  24|0x000000008c000000, 0x000000008c100000, 0x000000008c100000|100%| O|  |TAMS 0x000000008c100000, 0x000000008c000000| Untracked 
|  25|0x000000008c100000, 0x000000008c200000, 0x000000008c200000|100%| O|  |TAMS 0x000000008c200000, 0x000000008c100000| Complete 
|  26|0x000000008c200000, 0x000000008c300000, 0x000000008c300000|100%| O|  |TAMS 0x000000008c300000, 0x000000008c200000| Untracked 
|  27|0x000000008c300000, 0x000000008c400000, 0x000000008c400000|100%|HS|  |TAMS 0x000000008c400000, 0x000000008c300000| Complete 
|  28|0x000000008c400000, 0x000000008c500000, 0x000000008c500000|100%|HS|  |TAMS 0x000000008c500000, 0x000000008c400000| Complete 
|  29|0x000000008c500000, 0x000000008c600000, 0x000000008c600000|100%| O|  |TAMS 0x000000008c600000, 0x000000008c500000| Untracked 
|  30|0x000000008c600000, 0x000000008c700000, 0x000000008c700000|100%| O|  |TAMS 0x000000008c700000, 0x000000008c600000| Untracked 
|  31|0x000000008c700000, 0x000000008c800000, 0x000000008c800000|100%| O|  |TAMS 0x000000008c700000, 0x000000008c700000| Untracked 
|  32|0x000000008c800000, 0x000000008c900000, 0x000000008c900000|100%| O|  |TAMS 0x000000008c900000, 0x000000008c800000| Complete 
|  33|0x000000008c900000, 0x000000008ca00000, 0x000000008ca00000|100%| O|  |TAMS 0x000000008ca00000, 0x000000008c900000| Complete 
|  34|0x000000008ca00000, 0x000000008cb00000, 0x000000008cb00000|100%| O|  |TAMS 0x000000008cb00000, 0x000000008ca00000| Untracked 
|  35|0x000000008cb00000, 0x000000008cc00000, 0x000000008cc00000|100%| O|  |TAMS 0x000000008cc00000, 0x000000008cb00000| Untracked 
|  36|0x000000008cc00000, 0x000000008cd00000, 0x000000008cd00000|100%| O|  |TAMS 0x000000008cd00000, 0x000000008cc00000| Complete 
|  37|0x000000008cd00000, 0x000000008ce00000, 0x000000008ce00000|100%| O|  |TAMS 0x000000008ce00000, 0x000000008cd00000| Untracked 
|  38|0x000000008ce00000, 0x000000008cf00000, 0x000000008cf00000|100%| O|  |TAMS 0x000000008cf00000, 0x000000008ce00000| Untracked 
|  39|0x000000008cf00000, 0x000000008d000000, 0x000000008d000000|100%| O|  |TAMS 0x000000008d000000, 0x000000008cf00000| Complete 
|  40|0x000000008d000000, 0x000000008d100000, 0x000000008d100000|100%| O|  |TAMS 0x000000008d100000, 0x000000008d000000| Complete 
|  41|0x000000008d100000, 0x000000008d200000, 0x000000008d200000|100%| O|  |TAMS 0x000000008d200000, 0x000000008d100000| Untracked 
|  42|0x000000008d200000, 0x000000008d300000, 0x000000008d300000|100%| O|  |TAMS 0x000000008d300000, 0x000000008d200000| Untracked 
|  43|0x000000008d300000, 0x000000008d400000, 0x000000008d400000|100%| O|  |TAMS 0x000000008d400000, 0x000000008d300000| Untracked 
|  44|0x000000008d400000, 0x000000008d500000, 0x000000008d500000|100%| O|  |TAMS 0x000000008d500000, 0x000000008d400000| Untracked 
|  45|0x000000008d500000, 0x000000008d600000, 0x000000008d600000|100%| O|  |TAMS 0x000000008d600000, 0x000000008d500000| Untracked 
|  46|0x000000008d600000, 0x000000008d700000, 0x000000008d700000|100%| O|  |TAMS 0x000000008d700000, 0x000000008d600000| Untracked 
|  47|0x000000008d700000, 0x000000008d800000, 0x000000008d800000|100%|HS|  |TAMS 0x000000008d800000, 0x000000008d700000| Complete 
|  48|0x000000008d800000, 0x000000008d900000, 0x000000008d900000|100%|HC|  |TAMS 0x000000008d900000, 0x000000008d800000| Complete 
|  49|0x000000008d900000, 0x000000008da00000, 0x000000008da00000|100%| O|  |TAMS 0x000000008da00000, 0x000000008d900000| Untracked 
|  50|0x000000008da00000, 0x000000008db00000, 0x000000008db00000|100%| O|  |TAMS 0x000000008db00000, 0x000000008da00000| Untracked 
|  51|0x000000008db00000, 0x000000008dc00000, 0x000000008dc00000|100%|HS|  |TAMS 0x000000008dc00000, 0x000000008db00000| Complete 
|  52|0x000000008dc00000, 0x000000008dd00000, 0x000000008dd00000|100%|HS|  |TAMS 0x000000008dd00000, 0x000000008dc00000| Complete 
|  53|0x000000008dd00000, 0x000000008de00000, 0x000000008de00000|100%| O|  |TAMS 0x000000008de00000, 0x000000008dd00000| Untracked 
|  54|0x000000008de00000, 0x000000008df00000, 0x000000008df00000|100%| O|  |TAMS 0x000000008df00000, 0x000000008de00000| Untracked 
|  55|0x000000008df00000, 0x000000008e000000, 0x000000008e000000|100%| O|  |TAMS 0x000000008e000000, 0x000000008df00000| Untracked 
|  56|0x000000008e000000, 0x000000008e100000, 0x000000008e100000|100%| O|  |TAMS 0x000000008e100000, 0x000000008e000000| Untracked 
|  57|0x000000008e100000, 0x000000008e200000, 0x000000008e200000|100%| O|  |TAMS 0x000000008e200000, 0x000000008e100000| Untracked 
|  58|0x000000008e200000, 0x000000008e300000, 0x000000008e300000|100%| O|  |TAMS 0x000000008e300000, 0x000000008e200000| Untracked 
|  59|0x000000008e300000, 0x000000008e400000, 0x000000008e400000|100%| O|  |TAMS 0x000000008e400000, 0x000000008e300000| Untracked 
|  60|0x000000008e400000, 0x000000008e500000, 0x000000008e500000|100%| O|  |TAMS 0x000000008e500000, 0x000000008e400000| Untracked 
|  61|0x000000008e500000, 0x000000008e600000, 0x000000008e600000|100%| O|  |TAMS 0x000000008e600000, 0x000000008e500000| Untracked 
|  62|0x000000008e600000, 0x000000008e700000, 0x000000008e700000|100%| O|  |TAMS 0x000000008e700000, 0x000000008e600000| Untracked 
|  63|0x000000008e700000, 0x000000008e800000, 0x000000008e800000|100%| O|  |TAMS 0x000000008e800000, 0x000000008e700000| Untracked 
|  64|0x000000008e800000, 0x000000008e900000, 0x000000008e900000|100%| O|  |TAMS 0x000000008e900000, 0x000000008e800000| Untracked 
|  65|0x000000008e900000, 0x000000008ea00000, 0x000000008ea00000|100%| O|  |TAMS 0x000000008ea00000, 0x000000008e900000| Untracked 
|  66|0x000000008ea00000, 0x000000008eb00000, 0x000000008eb00000|100%| O|  |TAMS 0x000000008eb00000, 0x000000008ea00000| Untracked 
|  67|0x000000008eb00000, 0x000000008ec00000, 0x000000008ec00000|100%| O|  |TAMS 0x000000008ec00000, 0x000000008eb00000| Untracked 
|  68|0x000000008ec00000, 0x000000008ed00000, 0x000000008ed00000|100%| O|  |TAMS 0x000000008ed00000, 0x000000008ec00000| Untracked 
|  69|0x000000008ed00000, 0x000000008ee00000, 0x000000008ee00000|100%| O|  |TAMS 0x000000008ed00000, 0x000000008ed00000| Untracked 
|  70|0x000000008ee00000, 0x000000008ef00000, 0x000000008ef00000|100%| O|  |TAMS 0x000000008ee00000, 0x000000008ee00000| Untracked 
|  71|0x000000008ef00000, 0x000000008f000000, 0x000000008f000000|100%| O|  |TAMS 0x000000008ef00000, 0x000000008ef00000| Untracked 
|  72|0x000000008f000000, 0x000000008f100000, 0x000000008f100000|100%| O|  |TAMS 0x000000008f000000, 0x000000008f000000| Untracked 
|  73|0x000000008f100000, 0x000000008f200000, 0x000000008f200000|100%| O|  |TAMS 0x000000008f100000, 0x000000008f100000| Untracked 
|  74|0x000000008f200000, 0x000000008f300000, 0x000000008f300000|100%| O|  |TAMS 0x000000008f200000, 0x000000008f200000| Untracked 
|  75|0x000000008f300000, 0x000000008f400000, 0x000000008f400000|100%| O|  |TAMS 0x000000008f300000, 0x000000008f300000| Untracked 
|  76|0x000000008f400000, 0x000000008f500000, 0x000000008f500000|100%| O|  |TAMS 0x000000008f400000, 0x000000008f400000| Untracked 
|  77|0x000000008f500000, 0x000000008f600000, 0x000000008f600000|100%| O|  |TAMS 0x000000008f500000, 0x000000008f500000| Untracked 
|  78|0x000000008f600000, 0x000000008f6f7c00, 0x000000008f700000| 96%| O|  |TAMS 0x000000008f600000, 0x000000008f600000| Untracked 
|  79|0x000000008f700000, 0x000000008f700000, 0x000000008f800000|  0%| F|  |TAMS 0x000000008f700000, 0x000000008f700000| Untracked 
|  80|0x000000008f800000, 0x000000008f800000, 0x000000008f900000|  0%| F|  |TAMS 0x000000008f800000, 0x000000008f800000| Untracked 
|  81|0x000000008f900000, 0x000000008f900000, 0x000000008fa00000|  0%| F|  |TAMS 0x000000008f900000, 0x000000008f900000| Untracked 
|  82|0x000000008fa00000, 0x000000008fa00000, 0x000000008fb00000|  0%| F|  |TAMS 0x000000008fa00000, 0x000000008fa00000| Untracked 
|  83|0x000000008fb00000, 0x000000008fb00000, 0x000000008fc00000|  0%| F|  |TAMS 0x000000008fb00000, 0x000000008fb00000| Untracked 
|  84|0x000000008fc00000, 0x000000008fc00000, 0x000000008fd00000|  0%| F|  |TAMS 0x000000008fc00000, 0x000000008fc00000| Untracked 
|  85|0x000000008fd00000, 0x000000008fd00000, 0x000000008fe00000|  0%| F|  |TAMS 0x000000008fd00000, 0x000000008fd00000| Untracked 
|  86|0x000000008fe00000, 0x000000008fe00000, 0x000000008ff00000|  0%| F|  |TAMS 0x000000008fe00000, 0x000000008fe00000| Untracked 
|  87|0x000000008ff00000, 0x000000008ff00000, 0x0000000090000000|  0%| F|  |TAMS 0x000000008ff00000, 0x000000008ff00000| Untracked 
|  88|0x0000000090000000, 0x0000000090000000, 0x0000000090100000|  0%| F|  |TAMS 0x0000000090000000, 0x0000000090000000| Untracked 
|  89|0x0000000090100000, 0x0000000090100000, 0x0000000090200000|  0%| F|  |TAMS 0x0000000090100000, 0x0000000090100000| Untracked 
|  90|0x0000000090200000, 0x0000000090200000, 0x0000000090300000|  0%| F|  |TAMS 0x0000000090200000, 0x0000000090200000| Untracked 
|  91|0x0000000090300000, 0x0000000090300000, 0x0000000090400000|  0%| F|  |TAMS 0x0000000090300000, 0x0000000090300000| Untracked 
|  92|0x0000000090400000, 0x0000000090400000, 0x0000000090500000|  0%| F|  |TAMS 0x0000000090400000, 0x0000000090400000| Untracked 
|  93|0x0000000090500000, 0x0000000090500000, 0x0000000090600000|  0%| F|  |TAMS 0x0000000090500000, 0x0000000090500000| Untracked 
|  94|0x0000000090600000, 0x0000000090600000, 0x0000000090700000|  0%| F|  |TAMS 0x0000000090600000, 0x0000000090600000| Untracked 
|  95|0x0000000090700000, 0x0000000090700000, 0x0000000090800000|  0%| F|  |TAMS 0x0000000090700000, 0x0000000090700000| Untracked 
|  96|0x0000000090800000, 0x0000000090800000, 0x0000000090900000|  0%| F|  |TAMS 0x0000000090800000, 0x0000000090800000| Untracked 
|  97|0x0000000090900000, 0x0000000090900000, 0x0000000090a00000|  0%| F|  |TAMS 0x0000000090900000, 0x0000000090900000| Untracked 
|  98|0x0000000090a00000, 0x0000000090a00000, 0x0000000090b00000|  0%| F|  |TAMS 0x0000000090a00000, 0x0000000090a00000| Untracked 
|  99|0x0000000090b00000, 0x0000000090b00000, 0x0000000090c00000|  0%| F|  |TAMS 0x0000000090b00000, 0x0000000090b00000| Untracked 
| 100|0x0000000090c00000, 0x0000000090c00000, 0x0000000090d00000|  0%| F|  |TAMS 0x0000000090c00000, 0x0000000090c00000| Untracked 
| 101|0x0000000090d00000, 0x0000000090d00000, 0x0000000090e00000|  0%| F|  |TAMS 0x0000000090d00000, 0x0000000090d00000| Untracked 
| 102|0x0000000090e00000, 0x0000000090e00000, 0x0000000090f00000|  0%| F|  |TAMS 0x0000000090e00000, 0x0000000090e00000| Untracked 
| 103|0x0000000090f00000, 0x0000000090f00000, 0x0000000091000000|  0%| F|  |TAMS 0x0000000090f00000, 0x0000000090f00000| Untracked 
| 104|0x0000000091000000, 0x0000000091000000, 0x0000000091100000|  0%| F|  |TAMS 0x0000000091000000, 0x0000000091000000| Untracked 
| 105|0x0000000091100000, 0x0000000091100000, 0x0000000091200000|  0%| F|  |TAMS 0x0000000091100000, 0x0000000091100000| Untracked 
| 106|0x0000000091200000, 0x0000000091200000, 0x0000000091300000|  0%| F|  |TAMS 0x0000000091200000, 0x0000000091200000| Untracked 
| 107|0x0000000091300000, 0x0000000091300000, 0x0000000091400000|  0%| F|  |TAMS 0x0000000091300000, 0x0000000091300000| Untracked 
| 108|0x0000000091400000, 0x0000000091400000, 0x0000000091500000|  0%| F|  |TAMS 0x0000000091400000, 0x0000000091400000| Untracked 
| 109|0x0000000091500000, 0x0000000091600000, 0x0000000091600000|100%| S|CS|TAMS 0x0000000091500000, 0x0000000091500000| Complete 
| 110|0x0000000091600000, 0x0000000091600000, 0x0000000091700000|  0%| F|  |TAMS 0x0000000091600000, 0x0000000091600000| Untracked 
| 111|0x0000000091700000, 0x0000000091700000, 0x0000000091800000|  0%| F|  |TAMS 0x0000000091700000, 0x0000000091700000| Untracked 
| 112|0x0000000091800000, 0x0000000091800000, 0x0000000091900000|  0%| F|  |TAMS 0x0000000091800000, 0x0000000091800000| Untracked 
| 113|0x0000000091900000, 0x0000000091900000, 0x0000000091a00000|  0%| F|  |TAMS 0x0000000091900000, 0x0000000091900000| Untracked 
| 114|0x0000000091a00000, 0x0000000091a00000, 0x0000000091b00000|  0%| F|  |TAMS 0x0000000091a00000, 0x0000000091a00000| Untracked 
| 115|0x0000000091b00000, 0x0000000091b00000, 0x0000000091c00000|  0%| F|  |TAMS 0x0000000091b00000, 0x0000000091b00000| Untracked 
| 116|0x0000000091c00000, 0x0000000091c00000, 0x0000000091d00000|  0%| F|  |TAMS 0x0000000091c00000, 0x0000000091c00000| Untracked 
| 117|0x0000000091d00000, 0x0000000091d00000, 0x0000000091e00000|  0%| F|  |TAMS 0x0000000091d00000, 0x0000000091d00000| Untracked 
| 118|0x0000000091e00000, 0x0000000091e00000, 0x0000000091f00000|  0%| F|  |TAMS 0x0000000091e00000, 0x0000000091e00000| Untracked 
| 119|0x0000000091f00000, 0x0000000091f00000, 0x0000000092000000|  0%| F|  |TAMS 0x0000000091f00000, 0x0000000091f00000| Untracked 
| 120|0x0000000092000000, 0x0000000092000000, 0x0000000092100000|  0%| F|  |TAMS 0x0000000092000000, 0x0000000092000000| Untracked 
| 121|0x0000000092100000, 0x0000000092100000, 0x0000000092200000|  0%| F|  |TAMS 0x0000000092100000, 0x0000000092100000| Untracked 
| 122|0x0000000092200000, 0x0000000092200000, 0x0000000092300000|  0%| F|  |TAMS 0x0000000092200000, 0x0000000092200000| Untracked 
| 123|0x0000000092300000, 0x0000000092300000, 0x0000000092400000|  0%| F|  |TAMS 0x0000000092300000, 0x0000000092300000| Untracked 
| 124|0x0000000092400000, 0x0000000092400000, 0x0000000092500000|  0%| F|  |TAMS 0x0000000092400000, 0x0000000092400000| Untracked 
| 125|0x0000000092500000, 0x0000000092500000, 0x0000000092600000|  0%| F|  |TAMS 0x0000000092500000, 0x0000000092500000| Untracked 
| 126|0x0000000092600000, 0x0000000092600000, 0x0000000092700000|  0%| F|  |TAMS 0x0000000092600000, 0x0000000092600000| Untracked 
| 127|0x0000000092700000, 0x0000000092700000, 0x0000000092800000|  0%| F|  |TAMS 0x0000000092700000, 0x0000000092700000| Untracked 
| 128|0x0000000092800000, 0x0000000092800000, 0x0000000092900000|  0%| F|  |TAMS 0x0000000092800000, 0x0000000092800000| Untracked 
| 129|0x0000000092900000, 0x0000000092900000, 0x0000000092a00000|  0%| F|  |TAMS 0x0000000092900000, 0x0000000092900000| Untracked 
| 130|0x0000000092a00000, 0x0000000092a00000, 0x0000000092b00000|  0%| F|  |TAMS 0x0000000092a00000, 0x0000000092a00000| Untracked 
| 131|0x0000000092b00000, 0x0000000092b00000, 0x0000000092c00000|  0%| F|  |TAMS 0x0000000092b00000, 0x0000000092b00000| Untracked 
| 132|0x0000000092c00000, 0x0000000092c00000, 0x0000000092d00000|  0%| F|  |TAMS 0x0000000092c00000, 0x0000000092c00000| Untracked 
| 133|0x0000000092d00000, 0x0000000092d00000, 0x0000000092e00000|  0%| F|  |TAMS 0x0000000092d00000, 0x0000000092d00000| Untracked 
| 134|0x0000000092e00000, 0x0000000092e00000, 0x0000000092f00000|  0%| F|  |TAMS 0x0000000092e00000, 0x0000000092e00000| Untracked 

Card table byte_map: [0x000002022d370000,0x000002022d720000] _byte_map_base: 0x000002022cf1c000

Marking Bits (Prev, Next): (CMBitMap*) 0x000002021583bee0, (CMBitMap*) 0x000002021583bea0
 Prev Bits: [0x000002022f830000, 0x0000020231590000)
 Next Bits: [0x000002022dad0000, 0x000002022f830000)

Polling page: 0x0000020213b30000

Metaspace:

Usage:
  Non-class:     30.97 MB used.
      Class:      3.75 MB used.
       Both:     34.72 MB used.

Virtual space:
  Non-class space:       64.00 MB reserved,      31.31 MB ( 49%) committed,  1 nodes.
      Class space:        1.00 GB reserved,       4.12 MB ( <1%) committed,  1 nodes.
             Both:        1.06 GB reserved,      35.44 MB (  3%) committed. 

Chunk freelists:
   Non-Class:  3.79 MB
       Class:  4.01 MB
        Both:  7.80 MB

MaxMetaspaceSize: unlimited
CompressedClassSpaceSize: 1.00 GB
Initial GC threshold: 21.00 MB
Current GC threshold: 59.62 MB
CDS: on
MetaspaceReclaimPolicy: balanced
 - commit_granule_bytes: 65536.
 - commit_granule_words: 8192.
 - virtual_space_node_default_size: 8388608.
 - enlarge_chunks_in_place: 1.
 - new_chunks_are_fully_committed: 0.
 - uncommit_free_chunks: 1.
 - use_allocation_guard: 0.


Internal statistics:

num_allocs_failed_limit: 9.
num_arena_births: 582.
num_arena_deaths: 8.
num_vsnodes_births: 2.
num_vsnodes_deaths: 0.
num_space_committed: 599.
num_space_uncommitted: 15.
num_chunks_returned_to_freelist: 165.
num_chunks_taken_from_freelist: 2091.
num_chunk_merges: 51.
num_chunk_splits: 1444.
num_chunks_enlarged: 1100.
num_inconsistent_stats: 0.

CodeHeap 'non-profiled nmethods': size=119168Kb used=4461Kb max_used=5181Kb free=114706Kb
 bounds [0x00000202252e0000, 0x00000202257f0000, 0x000002022c740000]
CodeHeap 'profiled nmethods': size=119104Kb used=19128Kb max_used=21809Kb free=99976Kb
 bounds [0x000002021d740000, 0x000002021ec90000, 0x0000020224b90000]
CodeHeap 'non-nmethods': size=7488Kb used=2463Kb max_used=3097Kb free=5024Kb
 bounds [0x0000020224b90000, 0x0000020224ea0000, 0x00000202252e0000]
 total_blobs=8771 nmethods=8200 adapters=479
 compilation: enabled
              stopped_count=0, restarted_count=0
 full_count=0

Compilation events (20 events):
Event: 15.524 Thread 0x0000020233aae0e0 nmethod 10042 0x000002021dd8a910 code [0x000002021dd8b1a0, 0x000002021dd913c8]
Event: 15.524 Thread 0x0000020233aae0e0 10047       1       lombok.javac.HandlerLibrary$VisitorContainer::getPriority (5 bytes)
Event: 15.524 Thread 0x0000020233aae0e0 nmethod 10047 0x00000202255ada10 code [0x00000202255adba0, 0x00000202255adc58]
Event: 15.524 Thread 0x0000020238920c60 nmethod 10045 0x000002021e407790 code [0x000002021e407b40, 0x000002021e409d38]
Event: 15.525 Thread 0x0000020233aa3d10 nmethod 10030 0x000002022554c810 code [0x000002022554c9c0, 0x000002022554ccd8]
Event: 15.525 Thread 0x0000020233aa3d10 9992       4       lombok.core.LombokImmutableList$1::hasNext (19 bytes)
Event: 15.525 Thread 0x0000020233aa3d10 nmethod 9992 0x00000202255d3910 code [0x00000202255d3aa0, 0x00000202255d3b58]
Event: 15.525 Thread 0x0000020238923600 10049       3       lombok.javac.JavacAST::buildMethod (192 bytes)
Event: 15.525 Thread 0x0000020233aa3d10 10026       4       lombok.core.configuration.ConfigurationFile::hashCode (8 bytes)
Event: 15.527 Thread 0x0000020238923600 nmethod 10049 0x000002021d7bdf10 code [0x000002021d7be3a0, 0x000002021d7c13f8]
Event: 15.529 Thread 0x0000020233aa3d10 nmethod 10026 0x0000020225349990 code [0x0000020225349b20, 0x0000020225349d38]
Event: 15.529 Thread 0x0000020233aa3d10 10039       4       lombok.core.LombokImmutableList$1::next (43 bytes)
Event: 15.529 Thread 0x0000020233aa3d10 nmethod 10039 0x00000202253a1710 code [0x00000202253a18a0, 0x00000202253a1978]
Event: 15.529 Thread 0x0000020233aa3d10 10044       4       java.io.StringWriter::write (10 bytes)
Event: 15.530 Thread 0x0000020238923600 10050       3       com.sun.tools.javac.tree.JCTree$JCPackageDecl::accept (6 bytes)
Event: 15.530 Thread 0x0000020233aae0e0 10051       3       com.sun.tools.javac.tree.TreeScanner::visitTypeApply (17 bytes)
Event: 15.530 Thread 0x0000020238923600 nmethod 10050 0x000002021dae2210 code [0x000002021dae23c0, 0x000002021dae25a8]
Event: 15.530 Thread 0x0000020233aae0e0 nmethod 10051 0x000002021d84eb10 code [0x000002021d84ed00, 0x000002021d84f3d8]
Event: 15.534 Thread 0x0000020233aa3d10 nmethod 10044 0x00000202254d2390 code [0x00000202254d2540, 0x00000202254d2ba8]
Event: 15.534 Thread 0x0000020233aa3d10 10017       4       com.sun.tools.javac.code.Types$16::visitClassType (10 bytes)

GC Heap History (20 events):
Event: 6.983 GC heap after
{Heap after GC invocations=7 (full 0):
 garbage-first heap   total 112640K, used 37376K [0x000000008a800000, 0x0000000100000000)
  region size 1024K, 7 young (7168K), 7 survivors (7168K)
 Metaspace       used 29390K, committed 29824K, reserved 1114112K
  class space    used 3234K, committed 3456K, reserved 1048576K
}
Event: 6.993 GC heap before
{Heap before GC invocations=7 (full 0):
 garbage-first heap   total 112640K, used 38400K [0x000000008a800000, 0x0000000100000000)
  region size 1024K, 8 young (8192K), 7 survivors (7168K)
 Metaspace       used 29401K, committed 29824K, reserved 1114112K
  class space    used 3234K, committed 3456K, reserved 1048576K
}
Event: 7.002 GC heap after
{Heap after GC invocations=8 (full 0):
 garbage-first heap   total 135168K, used 37888K [0x000000008a800000, 0x0000000100000000)
  region size 1024K, 1 young (1024K), 1 survivors (1024K)
 Metaspace       used 29401K, committed 29824K, reserved 1114112K
  class space    used 3234K, committed 3456K, reserved 1048576K
}
Event: 8.052 GC heap before
{Heap before GC invocations=8 (full 0):
 garbage-first heap   total 135168K, used 96256K [0x000000008a800000, 0x0000000100000000)
  region size 1024K, 57 young (58368K), 1 survivors (1024K)
 Metaspace       used 31828K, committed 32384K, reserved 1114112K
  class space    used 3455K, committed 3712K, reserved 1048576K
}
Event: 8.059 GC heap after
{Heap after GC invocations=9 (full 0):
 garbage-first heap   total 135168K, used 42838K [0x000000008a800000, 0x0000000100000000)
  region size 1024K, 4 young (4096K), 4 survivors (4096K)
 Metaspace       used 31828K, committed 32384K, reserved 1114112K
  class space    used 3455K, committed 3712K, reserved 1048576K
}
Event: 9.160 GC heap before
{Heap before GC invocations=9 (full 0):
 garbage-first heap   total 135168K, used 97110K [0x000000008a800000, 0x0000000100000000)
  region size 1024K, 58 young (59392K), 4 survivors (4096K)
 Metaspace       used 33380K, committed 33856K, reserved 1114112K
  class space    used 3617K, committed 3840K, reserved 1048576K
}
Event: 9.167 GC heap after
{Heap after GC invocations=10 (full 0):
 garbage-first heap   total 135168K, used 43390K [0x000000008a800000, 0x0000000100000000)
  region size 1024K, 5 young (5120K), 5 survivors (5120K)
 Metaspace       used 33380K, committed 33856K, reserved 1114112K
  class space    used 3617K, committed 3840K, reserved 1048576K
}
Event: 10.040 GC heap before
{Heap before GC invocations=10 (full 0):
 garbage-first heap   total 135168K, used 76158K [0x000000008a800000, 0x0000000100000000)
  region size 1024K, 37 young (37888K), 5 survivors (5120K)
 Metaspace       used 35909K, committed 36480K, reserved 1114112K
  class space    used 3920K, committed 4224K, reserved 1048576K
}
Event: 10.049 GC heap after
{Heap after GC invocations=11 (full 0):
 garbage-first heap   total 135168K, used 43820K [0x000000008a800000, 0x0000000100000000)
  region size 1024K, 4 young (4096K), 4 survivors (4096K)
 Metaspace       used 35909K, committed 36480K, reserved 1114112K
  class space    used 3920K, committed 4224K, reserved 1048576K
}
Event: 11.821 GC heap before
{Heap before GC invocations=12 (full 0):
 garbage-first heap   total 135168K, used 121644K [0x000000008a800000, 0x0000000100000000)
  region size 1024K, 61 young (62464K), 4 survivors (4096K)
 Metaspace       used 36411K, committed 36992K, reserved 1114112K
  class space    used 3963K, committed 4288K, reserved 1048576K
}
Event: 11.831 GC heap after
{Heap after GC invocations=13 (full 0):
 garbage-first heap   total 135168K, used 48779K [0x000000008a800000, 0x0000000100000000)
  region size 1024K, 8 young (8192K), 8 survivors (8192K)
 Metaspace       used 36411K, committed 36992K, reserved 1114112K
  class space    used 3963K, committed 4288K, reserved 1048576K
}
Event: 11.840 GC heap before
{Heap before GC invocations=13 (full 0):
 garbage-first heap   total 135168K, used 49803K [0x000000008a800000, 0x0000000100000000)
  region size 1024K, 9 young (9216K), 8 survivors (8192K)
 Metaspace       used 36412K, committed 36992K, reserved 1114112K
  class space    used 3963K, committed 4288K, reserved 1048576K
}
Event: 11.849 GC heap after
{Heap after GC invocations=14 (full 0):
 garbage-first heap   total 135168K, used 47264K [0x000000008a800000, 0x0000000100000000)
  region size 1024K, 2 young (2048K), 2 survivors (2048K)
 Metaspace       used 36412K, committed 36992K, reserved 1114112K
  class space    used 3963K, committed 4288K, reserved 1048576K
}
Event: 13.269 GC heap before
{Heap before GC invocations=14 (full 0):
 garbage-first heap   total 135168K, used 105632K [0x000000008a800000, 0x0000000100000000)
  region size 1024K, 55 young (56320K), 2 survivors (2048K)
 Metaspace       used 36781K, committed 37376K, reserved 1114112K
  class space    used 3987K, committed 4288K, reserved 1048576K
}
Event: 13.279 GC heap after
{Heap after GC invocations=15 (full 0):
 garbage-first heap   total 135168K, used 57146K [0x000000008a800000, 0x0000000100000000)
  region size 1024K, 7 young (7168K), 7 survivors (7168K)
 Metaspace       used 36781K, committed 37376K, reserved 1114112K
  class space    used 3987K, committed 4288K, reserved 1048576K
}
Event: 14.000 GC heap before
{Heap before GC invocations=15 (full 0):
 garbage-first heap   total 135168K, used 108346K [0x000000008a800000, 0x0000000100000000)
  region size 1024K, 52 young (53248K), 7 survivors (7168K)
 Metaspace       used 36910K, committed 37504K, reserved 1114112K
  class space    used 3989K, committed 4288K, reserved 1048576K
}
Event: 14.016 GC heap after
{Heap after GC invocations=16 (full 0):
 garbage-first heap   total 135168K, used 76800K [0x000000008a800000, 0x0000000100000000)
  region size 1024K, 7 young (7168K), 7 survivors (7168K)
 Metaspace       used 36910K, committed 37504K, reserved 1114112K
  class space    used 3989K, committed 4288K, reserved 1048576K
}
Event: 14.874 GC heap before
{Heap before GC invocations=16 (full 0):
 garbage-first heap   total 135168K, used 103424K [0x000000008a800000, 0x0000000100000000)
  region size 1024K, 34 young (34816K), 7 survivors (7168K)
 Metaspace       used 37547K, committed 38208K, reserved 1114112K
  class space    used 4069K, committed 4352K, reserved 1048576K
}
Event: 14.884 GC heap after
{Heap after GC invocations=17 (full 0):
 garbage-first heap   total 135168K, used 81408K [0x000000008a800000, 0x0000000100000000)
  region size 1024K, 4 young (4096K), 4 survivors (4096K)
 Metaspace       used 37547K, committed 38208K, reserved 1114112K
  class space    used 4069K, committed 4352K, reserved 1048576K
}
Event: 15.535 GC heap before
{Heap before GC invocations=18 (full 0):
 garbage-first heap   total 138240K, used 107008K [0x000000008a800000, 0x0000000100000000)
  region size 1024K, 29 young (29696K), 4 survivors (4096K)
 Metaspace       used 35553K, committed 36288K, reserved 1114112K
  class space    used 3837K, committed 4224K, reserved 1048576K
}

Dll operation events (8 events):
Event: 0.008 Loaded shared library C:\Program Files\Java\jdk-19\bin\java.dll
Event: 0.020 Loaded shared library C:\Program Files\Java\jdk-19\bin\jsvml.dll
Event: 0.060 Loaded shared library C:\Program Files\Java\jdk-19\bin\net.dll
Event: 0.062 Loaded shared library C:\Program Files\Java\jdk-19\bin\nio.dll
Event: 0.066 Loaded shared library C:\Program Files\Java\jdk-19\bin\zip.dll
Event: 0.264 Loaded shared library C:\Program Files\Java\jdk-19\bin\jimage.dll
Event: 0.266 Loaded shared library C:\Program Files\Apache\Maven\apache-maven-3.9.8\lib\jansi-native\Windows\x86_64\jansi.dll
Event: 0.289 Loaded shared library C:\Program Files\Java\jdk-19\bin\verify.dll

Deoptimization events (20 events):
Event: 14.689 Thread 0x00000202157df310 DEOPT PACKING pc=0x000002021ec7e2f3 sp=0x000000296f6f93d0
Event: 14.689 Thread 0x00000202157df310 DEOPT UNPACKING pc=0x0000020224bf7543 sp=0x000000296f6f8880 mode 0
Event: 14.701 Thread 0x00000202157df310 DEOPT PACKING pc=0x000002021ec7e2f3 sp=0x000000296f6fc930
Event: 14.701 Thread 0x00000202157df310 DEOPT UNPACKING pc=0x0000020224bf7543 sp=0x000000296f6fbde0 mode 0
Event: 14.711 Thread 0x00000202157df310 DEOPT PACKING pc=0x000002021ec7e2f3 sp=0x000000296f6fc860
Event: 14.711 Thread 0x00000202157df310 DEOPT UNPACKING pc=0x0000020224bf7543 sp=0x000000296f6fbd10 mode 0
Event: 14.733 Thread 0x00000202157df310 DEOPT PACKING pc=0x000002021ec7e2f3 sp=0x000000296f6f8fc0
Event: 14.733 Thread 0x00000202157df310 DEOPT UNPACKING pc=0x0000020224bf7543 sp=0x000000296f6f8470 mode 0
Event: 14.761 Thread 0x00000202157df310 DEOPT PACKING pc=0x000002021ec7e2f3 sp=0x000000296f6f8fc0
Event: 14.761 Thread 0x00000202157df310 DEOPT UNPACKING pc=0x0000020224bf7543 sp=0x000000296f6f8470 mode 0
Event: 14.786 Thread 0x00000202157df310 DEOPT PACKING pc=0x000002021ec7e2f3 sp=0x000000296f6f8fc0
Event: 14.786 Thread 0x00000202157df310 DEOPT UNPACKING pc=0x0000020224bf7543 sp=0x000000296f6f8470 mode 0
Event: 14.810 Thread 0x00000202157df310 DEOPT PACKING pc=0x000002021ec7e2f3 sp=0x000000296f6f8fc0
Event: 14.810 Thread 0x00000202157df310 DEOPT UNPACKING pc=0x0000020224bf7543 sp=0x000000296f6f8470 mode 0
Event: 14.835 Thread 0x00000202157df310 DEOPT PACKING pc=0x000002021ec7e2f3 sp=0x000000296f6f8f60
Event: 14.835 Thread 0x00000202157df310 DEOPT UNPACKING pc=0x0000020224bf7543 sp=0x000000296f6f8410 mode 0
Event: 15.411 Thread 0x00000202157df310 Uncommon trap: trap_request=0xffffff45 fr.pc=0x00000202253e1814 relative=0x0000000000002914
Event: 15.411 Thread 0x00000202157df310 Uncommon trap: reason=unstable_if action=reinterpret pc=0x00000202253e1814 method=java.util.regex.Pattern.compile()V @ 462 c2
Event: 15.411 Thread 0x00000202157df310 DEOPT PACKING pc=0x00000202253e1814 sp=0x000000296f6fbda0
Event: 15.411 Thread 0x00000202157df310 DEOPT UNPACKING pc=0x0000020224bf6da3 sp=0x000000296f6fbd88 mode 2

Classes loaded (20 events):
Event: 10.055 Loading class java/util/concurrent/ConcurrentLinkedDeque
Event: 10.056 Loading class java/util/concurrent/ConcurrentLinkedDeque done
Event: 10.056 Loading class java/util/concurrent/ConcurrentLinkedDeque$Node
Event: 10.056 Loading class java/util/concurrent/ConcurrentLinkedDeque$Node done
Event: 10.064 Loading class java/io/DataOutputStream
Event: 10.064 Loading class java/io/DataOutputStream done
Event: 10.072 Loading class java/util/concurrent/ThreadPoolExecutor$Worker
Event: 10.073 Loading class java/util/concurrent/ThreadPoolExecutor$Worker done
Event: 10.089 Loading class java/util/concurrent/ConcurrentLinkedQueue$Itr
Event: 10.090 Loading class java/util/concurrent/ConcurrentLinkedQueue$Itr done
Event: 10.105 Loading class java/nio/StringCharBuffer
Event: 10.105 Loading class java/nio/StringCharBuffer done
Event: 10.112 Loading class java/util/concurrent/ConcurrentLinkedDeque$Itr
Event: 10.113 Loading class java/util/concurrent/ConcurrentLinkedDeque$AbstractItr
Event: 10.113 Loading class java/util/concurrent/ConcurrentLinkedDeque$AbstractItr done
Event: 10.113 Loading class java/util/concurrent/ConcurrentLinkedDeque$Itr done
Event: 12.828 Loading class java/io/CharArrayWriter
Event: 12.828 Loading class java/io/CharArrayWriter done
Event: 14.314 Loading class jdk/internal/module/IllegalAccessLogger
Event: 14.314 Loading class jdk/internal/module/IllegalAccessLogger done

Classes unloaded (20 events):
Event: 14.931 Thread 0x0000020233a78c70 Unloading class 0x000000080131ebd0 'lombok/javac/apt/LombokFileObject'
Event: 14.931 Thread 0x0000020233a78c70 Unloading class 0x000000080131e9e0 'lombok/javac/apt/LombokFileObjects'
Event: 14.931 Thread 0x0000020233a78c70 Unloading class 0x000000080131e7b8 'lombok/javac/apt/MessagerDiagnosticsReceiver'
Event: 14.932 Thread 0x0000020233a78c70 Unloading class 0x000000080131e400 'lombok/javac/apt/InterceptingJavaFileManager'
Event: 14.932 Thread 0x0000020233a78c70 Unloading class 0x000000080131e208 'lombok/permit/dummy/Parent'
Event: 14.932 Thread 0x0000020233a78c70 Unloading class 0x000000080131e000 'lombok/core/CleanupRegistry'
Event: 14.932 Thread 0x0000020233a78c70 Unloading class 0x000000080131dcc8 'lombok/permit/Permit$Fake'
Event: 14.932 Thread 0x0000020233a78c70 Unloading class 0x000000080131dad8 'lombok/permit/Permit'
Event: 14.932 Thread 0x0000020233a78c70 Unloading class 0x000000080131d800 'lombok/javac/apt/LombokProcessor$1'
Event: 14.932 Thread 0x0000020233a78c70 Unloading class 0x000000080131cd28 'lombok/core/DiagnosticsReceiver'
Event: 14.932 Thread 0x0000020233a78c70 Unloading class 0x000000080131caa0 'lombok/javac/apt/LombokProcessor'
Event: 14.932 Thread 0x0000020233a78c70 Unloading class 0x000000080131c880 'lombok/core/AnnotationProcessor$EcjDescriptor'
Event: 14.932 Thread 0x0000020233a78c70 Unloading class 0x000000080131c658 'lombok/core/AnnotationProcessor$JavacDescriptor'
Event: 14.932 Thread 0x0000020233a78c70 Unloading class 0x000000080131c270 'lombok/core/AnnotationProcessor$ProcessorDescriptor'
Event: 14.932 Thread 0x0000020233a78c70 Unloading class 0x000000080131c000 'lombok/core/AnnotationProcessor'
Event: 14.932 Thread 0x0000020233a78c70 Unloading class 0x000000080131d1f0 'lombok/launch/AnnotationProcessorHider$ClaimingProcessor'
Event: 14.932 Thread 0x0000020233a78c70 Unloading class 0x000000080131d000 'lombok/launch/AnnotationProcessorHider$AstModificationNotifierData'
Event: 14.932 Thread 0x0000020233a78c70 Unloading class 0x00000008012f8460 'lombok/launch/ShadowClassLoader'
Event: 14.932 Thread 0x0000020233a78c70 Unloading class 0x00000008012f8270 'lombok/launch/Main'
Event: 14.932 Thread 0x0000020233a78c70 Unloading class 0x00000008012f8000 'lombok/launch/AnnotationProcessorHider$AnnotationProcessor'

Classes redefined (0 events):
No events

Internal exceptions (20 events):
Event: 14.228 Thread 0x00000202157df310 Exception <a 'sun/nio/fs/WindowsException'{0x00000000920ddaf0}> (0x00000000920ddaf0) 
thrown [s\open\src\hotspot\share\prims\jni.cpp, line 517]
Event: 14.228 Thread 0x00000202157df310 Exception <a 'sun/nio/fs/WindowsException'{0x00000000920dde50}> (0x00000000920dde50) 
thrown [s\open\src\hotspot\share\prims\jni.cpp, line 517]
Event: 14.230 Thread 0x00000202157df310 Exception <a 'sun/nio/fs/WindowsException'{0x0000000091f0b988}> (0x0000000091f0b988) 
thrown [s\open\src\hotspot\share\prims\jni.cpp, line 517]
Event: 14.230 Thread 0x00000202157df310 Exception <a 'sun/nio/fs/WindowsException'{0x0000000091f0bda8}> (0x0000000091f0bda8) 
thrown [s\open\src\hotspot\share\prims\jni.cpp, line 517]
Event: 14.230 Thread 0x00000202157df310 Exception <a 'sun/nio/fs/WindowsException'{0x0000000091f0ce48}> (0x0000000091f0ce48) 
thrown [s\open\src\hotspot\share\prims\jni.cpp, line 517]
Event: 14.231 Thread 0x00000202157df310 Exception <a 'sun/nio/fs/WindowsException'{0x0000000091f0d2f0}> (0x0000000091f0d2f0) 
thrown [s\open\src\hotspot\share\prims\jni.cpp, line 517]
Event: 14.232 Thread 0x00000202157df310 Exception <a 'sun/nio/fs/WindowsException'{0x0000000091f0fe48}> (0x0000000091f0fe48) 
thrown [s\open\src\hotspot\share\prims\jni.cpp, line 517]
Event: 14.233 Thread 0x00000202157df310 Exception <a 'sun/nio/fs/WindowsException'{0x0000000091f10250}> (0x0000000091f10250) 
thrown [s\open\src\hotspot\share\prims\jni.cpp, line 517]
Event: 14.233 Thread 0x00000202157df310 Exception <a 'sun/nio/fs/WindowsException'{0x0000000091f1b068}> (0x0000000091f1b068) 
thrown [s\open\src\hotspot\share\prims\jni.cpp, line 517]
Event: 14.233 Thread 0x00000202157df310 Exception <a 'sun/nio/fs/WindowsException'{0x0000000091f1b3a8}> (0x0000000091f1b3a8) 
thrown [s\open\src\hotspot\share\prims\jni.cpp, line 517]
Event: 14.234 Thread 0x00000202157df310 Exception <a 'sun/nio/fs/WindowsException'{0x0000000091f388b8}> (0x0000000091f388b8) 
thrown [s\open\src\hotspot\share\prims\jni.cpp, line 517]
Event: 14.234 Thread 0x00000202157df310 Exception <a 'sun/nio/fs/WindowsException'{0x0000000091f38cb8}> (0x0000000091f38cb8) 
thrown [s\open\src\hotspot\share\prims\jni.cpp, line 517]
Event: 14.235 Thread 0x00000202157df310 Exception <a 'sun/nio/fs/WindowsException'{0x0000000091f39d38}> (0x0000000091f39d38) 
thrown [s\open\src\hotspot\share\prims\jni.cpp, line 517]
Event: 14.235 Thread 0x00000202157df310 Exception <a 'sun/nio/fs/WindowsException'{0x0000000091f3a1b8}> (0x0000000091f3a1b8) 
thrown [s\open\src\hotspot\share\prims\jni.cpp, line 517]
Event: 15.531 Thread 0x00000202157df310 Exception <a 'sun/nio/fs/WindowsException'{0x00000000916b8530}> (0x00000000916b8530) 
thrown [s\open\src\hotspot\share\prims\jni.cpp, line 517]
Event: 15.531 Thread 0x00000202157df310 Exception <a 'sun/nio/fs/WindowsException'{0x00000000916b8890}> (0x00000000916b8890) 
thrown [s\open\src\hotspot\share\prims\jni.cpp, line 517]
Event: 15.531 Thread 0x00000202157df310 Exception <a 'sun/nio/fs/WindowsException'{0x00000000916b9828}> (0x00000000916b9828) 
thrown [s\open\src\hotspot\share\prims\jni.cpp, line 517]
Event: 15.531 Thread 0x00000202157df310 Exception <a 'sun/nio/fs/WindowsException'{0x00000000916b9c10}> (0x00000000916b9c10) 
thrown [s\open\src\hotspot\share\prims\jni.cpp, line 517]
Event: 15.532 Thread 0x00000202157df310 Exception <a 'sun/nio/fs/WindowsException'{0x00000000916bac90}> (0x00000000916bac90) 
thrown [s\open\src\hotspot\share\prims\jni.cpp, line 517]
Event: 15.532 Thread 0x00000202157df310 Exception <a 'sun/nio/fs/WindowsException'{0x00000000916baff0}> (0x00000000916baff0) 
thrown [s\open\src\hotspot\share\prims\jni.cpp, line 517]

VM Operations (20 events):
Event: 11.849 Executing VM operation: G1CollectForAllocation done
Event: 12.853 Executing VM operation: Cleanup
Event: 12.853 Executing VM operation: Cleanup done
Event: 13.269 Executing VM operation: G1CollectForAllocation
Event: 13.279 Executing VM operation: G1CollectForAllocation done
Event: 14.000 Executing VM operation: G1CollectForAllocation
Event: 14.017 Executing VM operation: G1CollectForAllocation done
Event: 14.874 Executing VM operation: G1CollectForAllocation
Event: 14.884 Executing VM operation: G1CollectForAllocation done
Event: 14.927 Executing VM operation: G1PauseRemark
Event: 14.959 Executing VM operation: G1PauseRemark done
Event: 14.959 Executing VM operation: HandshakeAllThreads
Event: 14.961 Executing VM operation: HandshakeAllThreads done
Event: 14.978 Executing VM operation: G1PauseCleanup
Event: 14.978 Executing VM operation: G1PauseCleanup done
Event: 15.005 Executing VM operation: HandshakeAllThreads
Event: 15.005 Executing VM operation: HandshakeAllThreads done
Event: 15.304 Executing VM operation: HandshakeAllThreads
Event: 15.304 Executing VM operation: HandshakeAllThreads done
Event: 15.534 Executing VM operation: G1CollectForAllocation

Events (20 events):
Event: 15.317 Thread 0x0000020238808090 flushing nmethod 0x000002021e847990
Event: 15.317 Thread 0x0000020238808090 flushing nmethod 0x000002021e858b90
Event: 15.317 Thread 0x0000020238808090 flushing nmethod 0x000002021e933a10
Event: 15.318 Thread 0x0000020238808090 flushing nmethod 0x000002021e94d710
Event: 15.318 Thread 0x0000020238808090 flushing nmethod 0x000002021e99ef90
Event: 15.318 Thread 0x0000020238808090 flushing nmethod 0x000002021e9d1690
Event: 15.318 Thread 0x0000020238808090 flushing nmethod 0x000002021ea59210
Event: 15.318 Thread 0x0000020238808090 flushing nmethod 0x000002021ea74190
Event: 15.319 Thread 0x0000020238808090 flushing nmethod 0x000002021eaa6990
Event: 15.319 Thread 0x0000020238808090 flushing nmethod 0x000002021eb13190
Event: 15.319 Thread 0x0000020238808090 flushing nmethod 0x000002021ebc0690
Event: 15.319 Thread 0x0000020238808090 flushing nmethod 0x000002021ebd3210
Event: 15.319 Thread 0x0000020238808090 flushing nmethod 0x000002021ebd3b10
Event: 15.320 Thread 0x0000020238808090 flushing nmethod 0x000002021ec2ad10
Event: 15.320 Thread 0x0000020238808090 flushing nmethod 0x000002021ec2b310
Event: 15.320 Thread 0x0000020238808090 flushing nmethod 0x000002021ec79810
Event: 15.320 Thread 0x0000020238808090 flushing nmethod 0x000002021ec7a110
Event: 15.320 Thread 0x0000020238808090 flushing nmethod 0x000002021ec7a510
Event: 15.320 Thread 0x0000020238808090 flushing nmethod 0x000002021ec7be90
Event: 15.320 Thread 0x0000020238808090 flushing nmethod 0x000002021ec7d710


Dynamic libraries:
0x00007ff700470000 - 0x00007ff700480000 	C:\Program Files\Java\jdk-19\bin\java.exe
0x00007ffe1cb80000 - 0x00007ffe1cde9000 	C:\WINDOWS\SYSTEM32\ntdll.dll
0x00007ffe1ba90000 - 0x00007ffe1bb59000 	C:\WINDOWS\System32\KERNEL32.DLL
0x00007ffe1a550000 - 0x00007ffe1a943000 	C:\WINDOWS\System32\KERNELBASE.dll
0x00007ffe19f20000 - 0x00007ffe1a06b000 	C:\WINDOWS\System32\ucrtbase.dll
0x00007ffe0d9f0000 - 0x00007ffe0da08000 	C:\Program Files\Java\jdk-19\bin\jli.dll
0x00007ffe0fc90000 - 0x00007ffe0fcab000 	C:\Program Files\Java\jdk-19\bin\VCRUNTIME140.dll
0x00007ffe1b9d0000 - 0x00007ffe1ba84000 	C:\WINDOWS\System32\ADVAPI32.dll
0x00007ffe1ca60000 - 0x00007ffe1cb09000 	C:\WINDOWS\System32\msvcrt.dll
0x00007ffe1b690000 - 0x00007ffe1b736000 	C:\WINDOWS\System32\sechost.dll
0x00007ffe1c520000 - 0x00007ffe1c638000 	C:\WINDOWS\System32\RPCRT4.dll
0x00007ffe1c6f0000 - 0x00007ffe1c8b4000 	C:\WINDOWS\System32\USER32.dll
0x00007ffe19dc0000 - 0x00007ffe19de7000 	C:\WINDOWS\System32\win32u.dll
0x00007ffe01bb0000 - 0x00007ffe01e43000 	C:\WINDOWS\WinSxS\amd64_microsoft.windows.common-controls_6595b64144ccf1df_6.0.26100.5074_none_3e0d6f78e32fd63f\COMCTL32.dll
0x00007ffe1aa50000 - 0x00007ffe1aa7b000 	C:\WINDOWS\System32\GDI32.dll
0x00007ffe1a2a0000 - 0x00007ffe1a3cd000 	C:\WINDOWS\System32\gdi32full.dll
0x00007ffe19d10000 - 0x00007ffe19db3000 	C:\WINDOWS\System32\msvcp_win.dll
0x00007ffe12410000 - 0x00007ffe1241b000 	C:\WINDOWS\SYSTEM32\VERSION.dll
0x00007ffe1c6b0000 - 0x00007ffe1c6df000 	C:\WINDOWS\System32\IMM32.DLL
0x00007ffe0fcf0000 - 0x00007ffe0fcfc000 	C:\Program Files\Java\jdk-19\bin\vcruntime140_1.dll
0x00007ffdc9820000 - 0x00007ffdc98ae000 	C:\Program Files\Java\jdk-19\bin\msvcp140.dll
0x00007ffd7f880000 - 0x00007ffd80540000 	C:\Program Files\Java\jdk-19\bin\server\jvm.dll
0x00007ffe135d0000 - 0x00007ffe13605000 	C:\WINDOWS\SYSTEM32\WINMM.dll
0x00007ffe13800000 - 0x00007ffe1380a000 	C:\WINDOWS\SYSTEM32\WSOCK32.dll
0x00007ffe1b870000 - 0x00007ffe1b8e4000 	C:\WINDOWS\System32\WS2_32.dll
0x00007ffe18af0000 - 0x00007ffe18b0b000 	C:\WINDOWS\SYSTEM32\kernel.appcore.dll
0x00007ffe0c600000 - 0x00007ffe0c60a000 	C:\Program Files\Java\jdk-19\bin\jimage.dll
0x00007ffe12e10000 - 0x00007ffe13052000 	C:\WINDOWS\SYSTEM32\DBGHELP.DLL
0x00007ffe1b240000 - 0x00007ffe1b5bb000 	C:\WINDOWS\System32\combase.dll
0x00007ffe1b790000 - 0x00007ffe1b867000 	C:\WINDOWS\System32\OLEAUT32.dll
0x00007ffe13590000 - 0x00007ffe135cd000 	C:\WINDOWS\SYSTEM32\dbgcore.DLL
0x00007ffe19e80000 - 0x00007ffe19f19000 	C:\WINDOWS\System32\bcryptPrimitives.dll
0x00007ffe07120000 - 0x00007ffe07146000 	C:\Program Files\Java\jdk-19\bin\java.dll
0x00007ffdc94e0000 - 0x00007ffdc95b7000 	C:\Program Files\Java\jdk-19\bin\jsvml.dll
0x00007ffe1bb60000 - 0x00007ffe1c2ad000 	C:\WINDOWS\System32\SHELL32.dll
0x00007ffe1a130000 - 0x00007ffe1a29c000 	C:\WINDOWS\System32\wintypes.dll
0x00007ffe17970000 - 0x00007ffe181c9000 	C:\WINDOWS\SYSTEM32\windows.storage.dll
0x00007ffe1a950000 - 0x00007ffe1aa40000 	C:\WINDOWS\System32\SHCORE.dll
0x00007ffe1c640000 - 0x00007ffe1c6a2000 	C:\WINDOWS\System32\shlwapi.dll
0x00007ffe19c30000 - 0x00007ffe19c59000 	C:\WINDOWS\SYSTEM32\profapi.dll
0x00007ffe0fef0000 - 0x00007ffe0ff03000 	C:\Program Files\Java\jdk-19\bin\net.dll
0x00007ffe12280000 - 0x00007ffe1239f000 	C:\WINDOWS\SYSTEM32\WINHTTP.dll
0x00007ffe19070000 - 0x00007ffe190db000 	C:\WINDOWS\system32\mswsock.dll
0x00007ffe0fe80000 - 0x00007ffe0fe96000 	C:\Program Files\Java\jdk-19\bin\nio.dll
0x00007ffe0fd50000 - 0x00007ffe0fd68000 	C:\Program Files\Java\jdk-19\bin\zip.dll
0x00007ffe0a080000 - 0x00007ffe0a0a4000 	C:\Program Files\Apache\Maven\apache-maven-3.9.8\lib\jansi-native\Windows\x86_64\jansi.dll
0x00007ffe0c5f0000 - 0x00007ffe0c600000 	C:\Program Files\Java\jdk-19\bin\verify.dll

dbghelp: loaded successfully - version: 4.0.5 - missing functions: none
symbol engine: initialized successfully - sym options: 0x614 - pdb path: .;C:\Program Files\Java\jdk-19\bin;C:\WINDOWS\SYSTEM32;C:\WINDOWS\WinSxS\amd64_microsoft.windows.common-controls_6595b64144ccf1df_6.0.26100.5074_none_3e0d6f78e32fd63f;C:\Program Files\Java\jdk-19\bin\server;C:\Program Files\Apache\Maven\apache-maven-3.9.8\lib\jansi-native\Windows\x86_64

VM Arguments:
jvm_args: -Dclassworlds.conf=C:\Program Files\Apache\Maven\apache-maven-3.9.8\bin\m2.conf -Dmaven.home=C:\Program Files\Apache\Maven\apache-maven-3.9.8 -Dlibrary.jansi.path=C:\Program Files\Apache\Maven\apache-maven-3.9.8\lib\jansi-native -Dmaven.multiModuleProjectDirectory=D:\Sony_Course\NewGetEmployed\GetEmployed 
java_command: org.codehaus.plexus.classworlds.launcher.Launcher clean install -DskipTests
java_class_path (initial): C:\Program Files\Apache\Maven\apache-maven-3.9.8\boot\plexus-classworlds-2.8.0.jar
Launcher Type: SUN_STANDARD

[Global flags]
     intx CICompilerCount                          = 12                                        {product} {ergonomic}
     uint ConcGCThreads                            = 3                                         {product} {ergonomic}
     uint G1ConcRefinementThreads                  = 13                                        {product} {ergonomic}
   size_t G1HeapRegionSize                         = 1048576                                   {product} {ergonomic}
    uintx GCDrainStackTargetSize                   = 64                                        {product} {ergonomic}
   size_t InitialHeapSize                          = 123731968                                 {product} {ergonomic}
   size_t MarkStackSize                            = 4194304                                   {product} {ergonomic}
   size_t MaxHeapSize                              = 1971322880                                {product} {ergonomic}
   size_t MaxNewSize                               = 1182793728                                {product} {ergonomic}
   size_t MinHeapDeltaBytes                        = 1048576                                   {product} {ergonomic}
   size_t MinHeapSize                              = 8388608                                   {product} {ergonomic}
    uintx NonNMethodCodeHeapSize                   = 7602480                                {pd product} {ergonomic}
    uintx NonProfiledCodeHeapSize                  = 122027880                              {pd product} {ergonomic}
    uintx ProfiledCodeHeapSize                     = 122027880                              {pd product} {ergonomic}
    uintx ReservedCodeCacheSize                    = 251658240                              {pd product} {ergonomic}
     bool SegmentedCodeCache                       = true                                      {product} {ergonomic}
   size_t SoftMaxHeapSize                          = 1971322880                             {manageable} {ergonomic}
     bool UseCompressedClassPointers               = true                           {product lp64_product} {ergonomic}
     bool UseCompressedOops                        = true                           {product lp64_product} {ergonomic}
     bool UseG1GC                                  = true                                      {product} {ergonomic}
     bool UseLargePagesIndividualAllocation        = false                                  {pd product} {ergonomic}

Logging:
Log output configuration:
 #0: stdout all=warning uptime,level,tags foldmultilines=false
 #1: stderr all=off uptime,level,tags foldmultilines=false

Environment Variables:
PATH=C:\Python312\Scripts\;C:\Python312\;C:\Program Files\Common Files\Oracle\Java\javapath;C:\WINDOWS\system32;C:\WINDOWS;C:\WINDOWS\System32\Wbem;C:\WINDOWS\System32\WindowsPowerShell\v1.0\;C:\WINDOWS\System32\OpenSSH\;C:\MinGW\bin;C:\Program Files\Git\cmd;C:\Program Files\Java\jdk-19\bin;C:\Program Files\MongoDB\Server\6.0\bin;C:\Program Files\MySQL\MySQL Server 8.0\bin;C:\xampp\php;C:\Program Files (x86)\GnuWin32\bin;C:\Program Files\Apache\Maven\apache-maven-3.9.8\bin;C:\Program Files\Git LFS;C:\Program Files (x86)\mongosh-2.3.1-win32-x64\bin;C:\Program Files (x86)\ffmpeg-7.1-full_build\bin;C:\Program Files\nodejs\;C:\ProgramData\chocolatey\bin;C:\Program Files\Docker\Docker\resources\bin;C:\Program Files\MySQL\MySQL Shell 8.0\bin\;C:\Users\Lenovo\AppData\Local\Programs\Python\Python310\Scripts\;C:\Users\Lenovo\AppData\Local\Programs\Python\Python310\;C:\Users\Lenovo\AppData\Local\Programs\Python\Python311\Scripts\;C:\Users\Lenovo\AppData\Local\Programs\Python\Python311\;C:\Users\Lenovo\AppData\Local\Microsoft\WindowsApps;C:\Users\Lenovo\AppData\Local\Programs\Microsoft VS Code\bin;C:\Users\Lenovo\AppData\Local\GitHubDesktop\bin;C:\Program Files\JetBrains\IntelliJ IDEA Community Edition 2024.1.4\bin;;C:\Users\Lenovo\AppData\Roaming\npm;C:\Users\Lenovo\AppData\Local\Programs\cursor\resources\app\bin
USERNAME=Lenovo
OS=Windows_NT
PROCESSOR_IDENTIFIER=AMD64 Family 23 Model 104 Stepping 1, AuthenticAMD
TMP=C:\Users\Lenovo\AppData\Local\Temp
TEMP=C:\Users\Lenovo\AppData\Local\Temp



---------------  S Y S T E M  ---------------

OS:
 Windows 11 , 64 bit Build 26100 (10.0.26100.5074)
OS uptime: 1 days 9:46 hours
Hyper-V role detected

CPU: total 16 (initial active 16) (16 cores per cpu, 2 threads per core) family 23 model 104 stepping 1 microcode 0x8608103, cx8, cmov, fxsr, ht, mmx, 3dnowpref, sse, sse2, sse3, ssse3, sse4a, sse4.1, sse4.2, popcnt, lzcnt, tsc, tscinvbit, avx, avx2, aes, clmul, bmi1, bmi2, adx, sha, fma, vzeroupper, clflush, clflushopt, hv, rdtscp, rdpid

Memory: 4k page, system-wide physical 7514M (346M free)
TotalPageFile size 31066M (AvailPageFile size 118M)
current process WorkingSet (physical memory assigned to process): 302M, peak: 302M
current process commit charge ("private bytes"): 354M, peak: 599M

vm_info: Java HotSpot(TM) 64-Bit Server VM (19.0.2+7-44) for windows-amd64 JRE (19.0.2+7-44), built on 2022-11-30T18:02:09Z by "mach5one" with MS VC++ 17.1 (VS2022)

END.
