#
# There is insufficient memory for the Java Runtime Environment to continue.
# Native memory allocation (malloc) failed to allocate 1471728 bytes for Chunk::new
# Possible reasons:
#   The system is out of physical RAM or swap space
#   The process is running with CompressedOops enabled, and the Java Heap may be blocking the growth of the native heap
# Possible solutions:
#   Reduce memory load on the system
#   Increase physical memory or swap space
#   Check if swap backing store is full
#   Decrease Java heap size (-Xmx/-Xms)
#   Decrease number of Java threads
#   Decrease Java thread stack sizes (-Xss)
#   Set larger code cache with -XX:ReservedCodeCacheSize=
#   JVM is running with Unscaled Compressed Oops mode in which the Java heap is
#     placed in the first 4GB address space. The Java Heap base address is the
#     maximum limit for the native heap growth. Please use -XX:HeapBaseMinAddress
#     to set the Java Heap base and to place the Java Heap above 4GB virtual address.
# This output file may be truncated or incomplete.
#
#  Out of Memory Error (arena.cpp:184), pid=30556, tid=11872
#
# JRE version: Java(TM) SE Runtime Environment (19.0.2+7) (build 19.0.2+7-44)
# Java VM: Java HotSpot(TM) 64-Bit Server VM (19.0.2+7-44, mixed mode, sharing, tiered, compressed oops, compressed class ptrs, g1 gc, windows-amd64)
# No core dump will be written. Minidumps are not enabled by default on client versions of Windows
#

---------------  S U M M A R Y ------------

Command Line: -Dclassworlds.conf=C:\Program Files\Apache\Maven\apache-maven-3.9.8\bin\m2.conf -Dmaven.home=C:\Program Files\Apache\Maven\apache-maven-3.9.8 -Dlibrary.jansi.path=C:\Program Files\Apache\Maven\apache-maven-3.9.8\lib\jansi-native -Dmaven.multiModuleProjectDirectory=D:\Sony_Course\NewGetEmployed\GetEmployed org.codehaus.plexus.classworlds.launcher.Launcher clean install -DskipTests

Host: AMD Ryzen 7 5700U with Radeon Graphics         , 16 cores, 7G,  Windows 11 , 64 bit Build 26100 (10.0.26100.5074)
Time: Sat Oct  4 20:08:49 2025 India Standard Time elapsed time: 11.808410 seconds (0d 0h 0m 11s)

---------------  T H R E A D  ---------------

Current thread (0x00000225e00a4ed0):  JavaThread "C2 CompilerThread3" daemon [_thread_in_native, id=11872, stack(0x00000047e7800000,0x00000047e7900000)]


Current CompileTask:
C2:  11808 7222       4       lombok.core.AST::buildWithField (21 bytes)

Stack: [0x00000047e7800000,0x00000047e7900000]
Native frames: (J=compiled Java code, j=interpreted, Vv=VM code, C=native code)
V  [jvm.dll+0x6ee21a]
V  [jvm.dll+0x85765e]
V  [jvm.dll+0x85904e]
V  [jvm.dll+0x859703]
V  [jvm.dll+0x28298f]
V  [jvm.dll+0xc9adf]
V  [jvm.dll+0xc9e65]
V  [jvm.dll+0x3bca4c]
V  [jvm.dll+0x1ee0aa]
V  [jvm.dll+0x24c52b]
V  [jvm.dll+0x24b781]
V  [jvm.dll+0x1d6ce1]
V  [jvm.dll+0x25b25a]
V  [jvm.dll+0x2596e8]
V  [jvm.dll+0x807588]
V  [jvm.dll+0x80125a]
V  [jvm.dll+0x6ecf0b]
C  [ucrtbase.dll+0x37b0]
C  [KERNEL32.DLL+0x2e8d7]
C  [ntdll.dll+0x8d9c]


---------------  P R O C E S S  ---------------

Threads class SMR info:
_java_thread_list=0x00000225df521340, length=20, elements={
0x00000225bbcef3f0, 0x00000225daa5af20, 0x00000225daa5d860, 0x00000225daa61880,
0x00000225daa64440, 0x00000225daa658e0, 0x00000225daa68d90, 0x00000225daa6e580,
0x00000225dec20090, 0x00000225dec20a00, 0x00000225ded162f0, 0x00000225ded2f670,
0x00000225ded42920, 0x00000225ded4bb20, 0x00000225dffc11c0, 0x00000225e0324d90,
0x00000225dfa8d550, 0x00000225e00a4940, 0x00000225e00a4ed0, 0x00000225e00a1730
}

Java Threads: ( => current thread )
  0x00000225bbcef3f0 JavaThread "main" [_thread_in_native, id=18208, stack(0x00000047e5300000,0x00000047e5400000)]
  0x00000225daa5af20 JavaThread "Reference Handler" daemon [_thread_blocked, id=14116, stack(0x00000047e5a00000,0x00000047e5b00000)]
  0x00000225daa5d860 JavaThread "Finalizer" daemon [_thread_blocked, id=6332, stack(0x00000047e5b00000,0x00000047e5c00000)]
  0x00000225daa61880 JavaThread "Signal Dispatcher" daemon [_thread_blocked, id=24364, stack(0x00000047e5c00000,0x00000047e5d00000)]
  0x00000225daa64440 JavaThread "Attach Listener" daemon [_thread_blocked, id=5068, stack(0x00000047e5d00000,0x00000047e5e00000)]
  0x00000225daa658e0 JavaThread "Service Thread" daemon [_thread_blocked, id=27112, stack(0x00000047e5e00000,0x00000047e5f00000)]
  0x00000225daa68d90 JavaThread "Monitor Deflation Thread" daemon [_thread_blocked, id=24400, stack(0x00000047e5f00000,0x00000047e6000000)]
  0x00000225daa6e580 JavaThread "C2 CompilerThread0" daemon [_thread_in_native, id=30520, stack(0x00000047e6000000,0x00000047e6100000)]
  0x00000225dec20090 JavaThread "C1 CompilerThread0" daemon [_thread_blocked, id=16736, stack(0x00000047e6100000,0x00000047e6200000)]
  0x00000225dec20a00 JavaThread "Sweeper thread" daemon [_thread_blocked, id=33588, stack(0x00000047e6200000,0x00000047e6300000)]
  0x00000225ded162f0 JavaThread "C1 CompilerThread1" daemon [_thread_blocked, id=15892, stack(0x00000047e6300000,0x00000047e6400000)]
  0x00000225ded2f670 JavaThread "C1 CompilerThread2" daemon [_thread_blocked, id=33344, stack(0x00000047e6400000,0x00000047e6500000)]
  0x00000225ded42920 JavaThread "Notification Thread" daemon [_thread_blocked, id=30256, stack(0x00000047e6500000,0x00000047e6600000)]
  0x00000225ded4bb20 JavaThread "Common-Cleaner" daemon [_thread_blocked, id=20220, stack(0x00000047e6700000,0x00000047e6800000)]
  0x00000225dffc11c0 JavaThread "Thread-1" daemon [_thread_blocked, id=27324, stack(0x00000047e7100000,0x00000047e7200000)]
  0x00000225e0324d90 JavaThread "C1 CompilerThread3" daemon [_thread_blocked, id=33988, stack(0x00000047e7600000,0x00000047e7700000)]
  0x00000225dfa8d550 JavaThread "C2 CompilerThread1" daemon [_thread_in_native, id=2912, stack(0x00000047e7500000,0x00000047e7600000)]
  0x00000225e00a4940 JavaThread "C2 CompilerThread2" daemon [_thread_in_native, id=14472, stack(0x00000047e7700000,0x00000047e7800000)]
=>0x00000225e00a4ed0 JavaThread "C2 CompilerThread3" daemon [_thread_in_native, id=11872, stack(0x00000047e7800000,0x00000047e7900000)]
  0x00000225e00a1730 JavaThread "C2 CompilerThread4" daemon [_thread_in_native, id=16368, stack(0x00000047e7900000,0x00000047e7a00000)]

Other Threads:
  0x00000225daa41350 VMThread "VM Thread" [stack: 0x00000047e5900000,0x00000047e5a00000] [id=25380]
  0x00000225ded48e90 WatcherThread "VM Periodic Task Thread" [stack: 0x00000047e6600000,0x00000047e6700000] [id=14232]
  0x00000225bbd4a810 WorkerThread "GC Thread#0" [stack: 0x00000047e5400000,0x00000047e5500000] [id=28728]
  0x00000225df1186e0 WorkerThread "GC Thread#1" [stack: 0x00000047e6800000,0x00000047e6900000] [id=28780]
  0x00000225df118410 WorkerThread "GC Thread#2" [stack: 0x00000047e6a00000,0x00000047e6b00000] [id=24200]
  0x00000225df1189b0 WorkerThread "GC Thread#3" [stack: 0x00000047e6b00000,0x00000047e6c00000] [id=34404]
  0x00000225df1178d0 WorkerThread "GC Thread#4" [stack: 0x00000047e6c00000,0x00000047e6d00000] [id=34408]
  0x00000225df117600 WorkerThread "GC Thread#5" [stack: 0x00000047e6d00000,0x00000047e6e00000] [id=23388]
  0x00000225df117ba0 WorkerThread "GC Thread#6" [stack: 0x00000047e6e00000,0x00000047e6f00000] [id=21116]
  0x00000225df117e70 WorkerThread "GC Thread#7" [stack: 0x00000047e6f00000,0x00000047e7000000] [id=22444]
  0x00000225dfedbdd0 WorkerThread "GC Thread#8" [stack: 0x00000047e6900000,0x00000047e6a00000] [id=15300]
  0x00000225dfedf070 WorkerThread "GC Thread#9" [stack: 0x00000047e7000000,0x00000047e7100000] [id=8328]
  0x00000225dfedcbe0 WorkerThread "GC Thread#10" [stack: 0x00000047e7200000,0x00000047e7300000] [id=492]
  0x00000225dfedb560 WorkerThread "GC Thread#11" [stack: 0x00000047e7300000,0x00000047e7400000] [id=33680]
  0x00000225dfedd180 WorkerThread "GC Thread#12" [stack: 0x00000047e7400000,0x00000047e7500000] [id=1408]
  0x00000225bbd5a270 ConcurrentGCThread "G1 Main Marker" [stack: 0x00000047e5500000,0x00000047e5600000] [id=28576]
  0x00000225bbd5cb20 WorkerThread "G1 Conc#0" [stack: 0x00000047e5600000,0x00000047e5700000] [id=2492]
  0x00000225dfedead0 WorkerThread "G1 Conc#1" [stack: 0x00000047e7a00000,0x00000047e7b00000] [id=28596]
  0x00000225dfedb830 WorkerThread "G1 Conc#2" [stack: 0x00000047e7b00000,0x00000047e7c00000] [id=31256]
  0x00000225da8fc930 ConcurrentGCThread "G1 Refine#0" [stack: 0x00000047e5700000,0x00000047e5800000] [id=5112]
  0x00000225da8ff480 ConcurrentGCThread "G1 Service" [stack: 0x00000047e5800000,0x00000047e5900000] [id=20404]

Threads with active compile tasks:
C2 CompilerThread0    11849 7223   !   4       lombok.core.AST::buildWithField0 (121 bytes)
C2 CompilerThread1    11849 7177       4       lombok.javac.JavacAST::buildStatementOrExpression (120 bytes)
C2 CompilerThread2    11849 7238       4       lombok.javac.JavacAST::buildTree (176 bytes)
C2 CompilerThread3    11849 7222       4       lombok.core.AST::buildWithField (21 bytes)
C2 CompilerThread4    11849 7227   !   4       lombok.javac.JavacAST::drill (146 bytes)

VM state: not at safepoint (normal execution)

VM Mutex/Monitor currently owned by a thread: None

Heap address: 0x000000008a800000, size: 1880 MB, Compressed Oops mode: 32-bit

CDS archive(s) mapped at: [0x0000000800000000-0x0000000800c40000-0x0000000800c40000), size 12845056, SharedBaseAddress: 0x0000000800000000, ArchiveRelocationMode: 0.
Compressed class space mapped at: 0x0000000801000000-0x0000000841000000, reserved size: 1073741824
Narrow klass base: 0x0000000800000000, Narrow klass shift: 0, Narrow klass range: 0x100000000

GC Precious Log:
 CardTable entry size: 512
 Card Set container configuration: InlinePtr #cards 5 size 8 Array Of Cards #cards 12 size 40 Howl #buckets 4 coarsen threshold 1843 Howl Bitmap #cards 512 size 80 coarsen threshold 460 Card regions per heap region 1 cards per card region 2048
 CPUs: 16 total, 16 available
 Memory: 7514M
 Large Page Support: Disabled
 NUMA Support: Disabled
 Compressed Oops: Enabled (32-bit)
 Heap Region Size: 1M
 Heap Min Capacity: 8M
 Heap Initial Capacity: 118M
 Heap Max Capacity: 1880M
 Pre-touch: Disabled
 Parallel Workers: 13
 Concurrent Workers: 3
 Concurrent Refinement Workers: 13
 Periodic GC: Disabled

Heap:
 garbage-first heap   total 112640K, used 71680K [0x000000008a800000, 0x0000000100000000)
  region size 1024K, 36 young (36864K), 1 survivors (1024K)
 Metaspace       used 30707K, committed 31168K, reserved 1114112K
  class space    used 3358K, committed 3584K, reserved 1048576K

Heap Regions: E=young(eden), S=young(survivor), O=old, HS=humongous(starts), HC=humongous(continues), CS=collection set, F=free, OA=open archive, CA=closed archive, TAMS=top-at-mark-start (previous, next)
|   0|0x000000008a800000, 0x000000008a900000, 0x000000008a900000|100%| O|  |TAMS 0x000000008a900000, 0x000000008a800000| Untracked 
|   1|0x000000008a900000, 0x000000008aa00000, 0x000000008aa00000|100%| O|  |TAMS 0x000000008aa00000, 0x000000008a900000| Untracked 
|   2|0x000000008aa00000, 0x000000008ab00000, 0x000000008ab00000|100%| O|  |TAMS 0x000000008ab00000, 0x000000008aa00000| Untracked 
|   3|0x000000008ab00000, 0x000000008ac00000, 0x000000008ac00000|100%| O|  |TAMS 0x000000008ac00000, 0x000000008ab00000| Untracked 
|   4|0x000000008ac00000, 0x000000008ad00000, 0x000000008ad00000|100%| O|  |TAMS 0x000000008ad00000, 0x000000008ac00000| Untracked 
|   5|0x000000008ad00000, 0x000000008ae00000, 0x000000008ae00000|100%| O|  |TAMS 0x000000008ae00000, 0x000000008ad00000| Untracked 
|   6|0x000000008ae00000, 0x000000008af00000, 0x000000008af00000|100%| O|  |TAMS 0x000000008af00000, 0x000000008ae00000| Untracked 
|   7|0x000000008af00000, 0x000000008b000000, 0x000000008b000000|100%| O|  |TAMS 0x000000008b000000, 0x000000008af00000| Untracked 
|   8|0x000000008b000000, 0x000000008b100000, 0x000000008b100000|100%| O|  |TAMS 0x000000008b100000, 0x000000008b000000| Untracked 
|   9|0x000000008b100000, 0x000000008b200000, 0x000000008b200000|100%| O|  |TAMS 0x000000008b200000, 0x000000008b100000| Untracked 
|  10|0x000000008b200000, 0x000000008b300000, 0x000000008b300000|100%| O|  |TAMS 0x000000008b300000, 0x000000008b200000| Untracked 
|  11|0x000000008b300000, 0x000000008b400000, 0x000000008b400000|100%| O|  |TAMS 0x000000008b400000, 0x000000008b300000| Untracked 
|  12|0x000000008b400000, 0x000000008b500000, 0x000000008b500000|100%| O|  |TAMS 0x000000008b500000, 0x000000008b400000| Untracked 
|  13|0x000000008b500000, 0x000000008b600000, 0x000000008b600000|100%| O|  |TAMS 0x000000008b600000, 0x000000008b500000| Untracked 
|  14|0x000000008b600000, 0x000000008b700000, 0x000000008b700000|100%| O|  |TAMS 0x000000008b700000, 0x000000008b600000| Untracked 
|  15|0x000000008b700000, 0x000000008b800000, 0x000000008b800000|100%| O|  |TAMS 0x000000008b700000, 0x000000008b700000| Untracked 
|  16|0x000000008b800000, 0x000000008b900000, 0x000000008b900000|100%| O|  |TAMS 0x000000008b800000, 0x000000008b800000| Untracked 
|  17|0x000000008b900000, 0x000000008ba00000, 0x000000008ba00000|100%|HS|  |TAMS 0x000000008ba00000, 0x000000008b900000| Complete 
|  18|0x000000008ba00000, 0x000000008bb00000, 0x000000008bb00000|100%|HC|  |TAMS 0x000000008bb00000, 0x000000008ba00000| Complete 
|  19|0x000000008bb00000, 0x000000008bc00000, 0x000000008bc00000|100%| O|  |TAMS 0x000000008bb00000, 0x000000008bb00000| Untracked 
|  20|0x000000008bc00000, 0x000000008bd00000, 0x000000008bd00000|100%| O|  |TAMS 0x000000008bc00000, 0x000000008bc00000| Untracked 
|  21|0x000000008bd00000, 0x000000008be00000, 0x000000008be00000|100%| O|  |TAMS 0x000000008bd00000, 0x000000008bd00000| Untracked 
|  22|0x000000008be00000, 0x000000008bf00000, 0x000000008bf00000|100%| O|  |TAMS 0x000000008be00000, 0x000000008be00000| Untracked 
|  23|0x000000008bf00000, 0x000000008c000000, 0x000000008c000000|100%| O|  |TAMS 0x000000008bf00000, 0x000000008bf00000| Untracked 
|  24|0x000000008c000000, 0x000000008c100000, 0x000000008c100000|100%| O|  |TAMS 0x000000008c000000, 0x000000008c000000| Untracked 
|  25|0x000000008c100000, 0x000000008c100000, 0x000000008c200000|  0%| F|  |TAMS 0x000000008c100000, 0x000000008c100000| Untracked 
|  26|0x000000008c200000, 0x000000008c300000, 0x000000008c300000|100%| O|  |TAMS 0x000000008c200000, 0x000000008c200000| Untracked 
|  27|0x000000008c300000, 0x000000008c400000, 0x000000008c400000|100%| O|  |TAMS 0x000000008c300000, 0x000000008c300000| Untracked 
|  28|0x000000008c400000, 0x000000008c500000, 0x000000008c500000|100%| O|  |TAMS 0x000000008c400000, 0x000000008c400000| Untracked 
|  29|0x000000008c500000, 0x000000008c600000, 0x000000008c600000|100%| O|  |TAMS 0x000000008c500000, 0x000000008c500000| Untracked 
|  30|0x000000008c600000, 0x000000008c700000, 0x000000008c700000|100%| O|  |TAMS 0x000000008c600000, 0x000000008c600000| Untracked 
|  31|0x000000008c700000, 0x000000008c800000, 0x000000008c800000|100%| O|  |TAMS 0x000000008c700000, 0x000000008c700000| Untracked 
|  32|0x000000008c800000, 0x000000008c900000, 0x000000008c900000|100%| O|  |TAMS 0x000000008c800000, 0x000000008c800000| Untracked 
|  33|0x000000008c900000, 0x000000008ca00000, 0x000000008ca00000|100%| O|  |TAMS 0x000000008c900000, 0x000000008c900000| Untracked 
|  34|0x000000008ca00000, 0x000000008cb00000, 0x000000008cb00000|100%| O|  |TAMS 0x000000008ca00000, 0x000000008ca00000| Untracked 
|  35|0x000000008cb00000, 0x000000008cc00000, 0x000000008cc00000|100%| O|  |TAMS 0x000000008cb00000, 0x000000008cb00000| Untracked 
|  36|0x000000008cc00000, 0x000000008cd00000, 0x000000008cd00000|100%| O|  |TAMS 0x000000008cc00000, 0x000000008cc00000| Untracked 
|  37|0x000000008cd00000, 0x000000008cd00000, 0x000000008ce00000|  0%| F|  |TAMS 0x000000008cd00000, 0x000000008cd00000| Untracked 
|  38|0x000000008ce00000, 0x000000008ce00000, 0x000000008cf00000|  0%| F|  |TAMS 0x000000008ce00000, 0x000000008ce00000| Untracked 
|  39|0x000000008cf00000, 0x000000008cf00000, 0x000000008d000000|  0%| F|  |TAMS 0x000000008cf00000, 0x000000008cf00000| Untracked 
|  40|0x000000008d000000, 0x000000008d000000, 0x000000008d100000|  0%| F|  |TAMS 0x000000008d000000, 0x000000008d000000| Untracked 
|  41|0x000000008d100000, 0x000000008d100000, 0x000000008d200000|  0%| F|  |TAMS 0x000000008d100000, 0x000000008d100000| Untracked 
|  42|0x000000008d200000, 0x000000008d200000, 0x000000008d300000|  0%| F|  |TAMS 0x000000008d200000, 0x000000008d200000| Untracked 
|  43|0x000000008d300000, 0x000000008d300000, 0x000000008d400000|  0%| F|  |TAMS 0x000000008d300000, 0x000000008d300000| Untracked 
|  44|0x000000008d400000, 0x000000008d400000, 0x000000008d500000|  0%| F|  |TAMS 0x000000008d400000, 0x000000008d400000| Untracked 
|  45|0x000000008d500000, 0x000000008d500000, 0x000000008d600000|  0%| F|  |TAMS 0x000000008d500000, 0x000000008d500000| Untracked 
|  46|0x000000008d600000, 0x000000008d600000, 0x000000008d700000|  0%| F|  |TAMS 0x000000008d600000, 0x000000008d600000| Untracked 
|  47|0x000000008d700000, 0x000000008d700000, 0x000000008d800000|  0%| F|  |TAMS 0x000000008d700000, 0x000000008d700000| Untracked 
|  48|0x000000008d800000, 0x000000008d800000, 0x000000008d900000|  0%| F|  |TAMS 0x000000008d800000, 0x000000008d800000| Untracked 
|  49|0x000000008d900000, 0x000000008d900000, 0x000000008da00000|  0%| F|  |TAMS 0x000000008d900000, 0x000000008d900000| Untracked 
|  50|0x000000008da00000, 0x000000008da00000, 0x000000008db00000|  0%| F|  |TAMS 0x000000008da00000, 0x000000008da00000| Untracked 
|  51|0x000000008db00000, 0x000000008db00000, 0x000000008dc00000|  0%| F|  |TAMS 0x000000008db00000, 0x000000008db00000| Untracked 
|  52|0x000000008dc00000, 0x000000008dc00000, 0x000000008dd00000|  0%| F|  |TAMS 0x000000008dc00000, 0x000000008dc00000| Untracked 
|  53|0x000000008dd00000, 0x000000008dd00000, 0x000000008de00000|  0%| F|  |TAMS 0x000000008dd00000, 0x000000008dd00000| Untracked 
|  54|0x000000008de00000, 0x000000008de00000, 0x000000008df00000|  0%| F|  |TAMS 0x000000008de00000, 0x000000008de00000| Untracked 
|  55|0x000000008df00000, 0x000000008df00000, 0x000000008e000000|  0%| F|  |TAMS 0x000000008df00000, 0x000000008df00000| Untracked 
|  56|0x000000008e000000, 0x000000008e000000, 0x000000008e100000|  0%| F|  |TAMS 0x000000008e000000, 0x000000008e000000| Untracked 
|  57|0x000000008e100000, 0x000000008e100000, 0x000000008e200000|  0%| F|  |TAMS 0x000000008e100000, 0x000000008e100000| Untracked 
|  58|0x000000008e200000, 0x000000008e200000, 0x000000008e300000|  0%| F|  |TAMS 0x000000008e200000, 0x000000008e200000| Untracked 
|  59|0x000000008e300000, 0x000000008e300000, 0x000000008e400000|  0%| F|  |TAMS 0x000000008e300000, 0x000000008e300000| Untracked 
|  60|0x000000008e400000, 0x000000008e400000, 0x000000008e500000|  0%| F|  |TAMS 0x000000008e400000, 0x000000008e400000| Untracked 
|  61|0x000000008e500000, 0x000000008e500000, 0x000000008e600000|  0%| F|  |TAMS 0x000000008e500000, 0x000000008e500000| Untracked 
|  62|0x000000008e600000, 0x000000008e600000, 0x000000008e700000|  0%| F|  |TAMS 0x000000008e600000, 0x000000008e600000| Untracked 
|  63|0x000000008e700000, 0x000000008e700000, 0x000000008e800000|  0%| F|  |TAMS 0x000000008e700000, 0x000000008e700000| Untracked 
|  64|0x000000008e800000, 0x000000008e800000, 0x000000008e900000|  0%| F|  |TAMS 0x000000008e800000, 0x000000008e800000| Untracked 
|  65|0x000000008e900000, 0x000000008e900000, 0x000000008ea00000|  0%| F|  |TAMS 0x000000008e900000, 0x000000008e900000| Untracked 
|  66|0x000000008ea00000, 0x000000008ea00000, 0x000000008eb00000|  0%| F|  |TAMS 0x000000008ea00000, 0x000000008ea00000| Untracked 
|  67|0x000000008eb00000, 0x000000008eb00000, 0x000000008ec00000|  0%| F|  |TAMS 0x000000008eb00000, 0x000000008eb00000| Untracked 
|  68|0x000000008ec00000, 0x000000008ec00000, 0x000000008ed00000|  0%| F|  |TAMS 0x000000008ec00000, 0x000000008ec00000| Untracked 
|  69|0x000000008ed00000, 0x000000008ed00000, 0x000000008ee00000|  0%| F|  |TAMS 0x000000008ed00000, 0x000000008ed00000| Untracked 
|  70|0x000000008ee00000, 0x000000008ee00000, 0x000000008ef00000|  0%| F|  |TAMS 0x000000008ee00000, 0x000000008ee00000| Untracked 
|  71|0x000000008ef00000, 0x000000008ef00000, 0x000000008f000000|  0%| F|  |TAMS 0x000000008ef00000, 0x000000008ef00000| Untracked 
|  72|0x000000008f000000, 0x000000008f000000, 0x000000008f100000|  0%| F|  |TAMS 0x000000008f000000, 0x000000008f000000| Untracked 
|  73|0x000000008f100000, 0x000000008f100000, 0x000000008f200000|  0%| F|  |TAMS 0x000000008f100000, 0x000000008f100000| Untracked 
|  74|0x000000008f200000, 0x000000008f257650, 0x000000008f300000| 34%| E|  |TAMS 0x000000008f200000, 0x000000008f200000| Complete 
|  75|0x000000008f300000, 0x000000008f400000, 0x000000008f400000|100%| E|CS|TAMS 0x000000008f300000, 0x000000008f300000| Complete 
|  76|0x000000008f400000, 0x000000008f500000, 0x000000008f500000|100%| E|CS|TAMS 0x000000008f400000, 0x000000008f400000| Complete 
|  77|0x000000008f500000, 0x000000008f600000, 0x000000008f600000|100%| E|CS|TAMS 0x000000008f500000, 0x000000008f500000| Complete 
|  78|0x000000008f600000, 0x000000008f700000, 0x000000008f700000|100%| E|CS|TAMS 0x000000008f600000, 0x000000008f600000| Complete 
|  79|0x000000008f700000, 0x000000008f800000, 0x000000008f800000|100%| E|CS|TAMS 0x000000008f700000, 0x000000008f700000| Complete 
|  80|0x000000008f800000, 0x000000008f900000, 0x000000008f900000|100%| E|CS|TAMS 0x000000008f800000, 0x000000008f800000| Complete 
|  81|0x000000008f900000, 0x000000008fa00000, 0x000000008fa00000|100%| E|CS|TAMS 0x000000008f900000, 0x000000008f900000| Complete 
|  82|0x000000008fa00000, 0x000000008fb00000, 0x000000008fb00000|100%| E|CS|TAMS 0x000000008fa00000, 0x000000008fa00000| Complete 
|  83|0x000000008fb00000, 0x000000008fc00000, 0x000000008fc00000|100%| E|CS|TAMS 0x000000008fb00000, 0x000000008fb00000| Complete 
|  84|0x000000008fc00000, 0x000000008fd00000, 0x000000008fd00000|100%| E|CS|TAMS 0x000000008fc00000, 0x000000008fc00000| Complete 
|  85|0x000000008fd00000, 0x000000008fe00000, 0x000000008fe00000|100%| E|CS|TAMS 0x000000008fd00000, 0x000000008fd00000| Complete 
|  86|0x000000008fe00000, 0x000000008ff00000, 0x000000008ff00000|100%| E|  |TAMS 0x000000008fe00000, 0x000000008fe00000| Complete 
|  87|0x000000008ff00000, 0x0000000090000000, 0x0000000090000000|100%| E|CS|TAMS 0x000000008ff00000, 0x000000008ff00000| Complete 
|  88|0x0000000090000000, 0x0000000090100000, 0x0000000090100000|100%| E|CS|TAMS 0x0000000090000000, 0x0000000090000000| Complete 
|  89|0x0000000090100000, 0x0000000090200000, 0x0000000090200000|100%| E|CS|TAMS 0x0000000090100000, 0x0000000090100000| Complete 
|  90|0x0000000090200000, 0x0000000090300000, 0x0000000090300000|100%| E|CS|TAMS 0x0000000090200000, 0x0000000090200000| Complete 
|  91|0x0000000090300000, 0x0000000090400000, 0x0000000090400000|100%| E|CS|TAMS 0x0000000090300000, 0x0000000090300000| Complete 
|  92|0x0000000090400000, 0x0000000090500000, 0x0000000090500000|100%| E|CS|TAMS 0x0000000090400000, 0x0000000090400000| Complete 
|  93|0x0000000090500000, 0x0000000090600000, 0x0000000090600000|100%| E|CS|TAMS 0x0000000090500000, 0x0000000090500000| Complete 
|  94|0x0000000090600000, 0x0000000090700000, 0x0000000090700000|100%| E|CS|TAMS 0x0000000090600000, 0x0000000090600000| Complete 
|  95|0x0000000090700000, 0x0000000090800000, 0x0000000090800000|100%| E|CS|TAMS 0x0000000090700000, 0x0000000090700000| Complete 
|  96|0x0000000090800000, 0x0000000090900000, 0x0000000090900000|100%| E|CS|TAMS 0x0000000090800000, 0x0000000090800000| Complete 
|  97|0x0000000090900000, 0x0000000090a00000, 0x0000000090a00000|100%| E|CS|TAMS 0x0000000090900000, 0x0000000090900000| Complete 
|  98|0x0000000090a00000, 0x0000000090b00000, 0x0000000090b00000|100%| E|CS|TAMS 0x0000000090a00000, 0x0000000090a00000| Complete 
|  99|0x0000000090b00000, 0x0000000090c00000, 0x0000000090c00000|100%| E|CS|TAMS 0x0000000090b00000, 0x0000000090b00000| Complete 
| 100|0x0000000090c00000, 0x0000000090d00000, 0x0000000090d00000|100%| E|CS|TAMS 0x0000000090c00000, 0x0000000090c00000| Complete 
| 101|0x0000000090d00000, 0x0000000090e00000, 0x0000000090e00000|100%| E|CS|TAMS 0x0000000090d00000, 0x0000000090d00000| Complete 
| 102|0x0000000090e00000, 0x0000000090f00000, 0x0000000090f00000|100%| E|CS|TAMS 0x0000000090e00000, 0x0000000090e00000| Complete 
| 103|0x0000000090f00000, 0x0000000091000000, 0x0000000091000000|100%| E|CS|TAMS 0x0000000090f00000, 0x0000000090f00000| Complete 
| 104|0x0000000091000000, 0x0000000091100000, 0x0000000091100000|100%| E|CS|TAMS 0x0000000091000000, 0x0000000091000000| Complete 
| 105|0x0000000091100000, 0x0000000091200000, 0x0000000091200000|100%| E|CS|TAMS 0x0000000091100000, 0x0000000091100000| Complete 
| 106|0x0000000091200000, 0x0000000091300000, 0x0000000091300000|100%| E|CS|TAMS 0x0000000091200000, 0x0000000091200000| Complete 
| 107|0x0000000091300000, 0x0000000091400000, 0x0000000091400000|100%| E|CS|TAMS 0x0000000091300000, 0x0000000091300000| Complete 
| 108|0x0000000091400000, 0x0000000091500000, 0x0000000091500000|100%| S|CS|TAMS 0x0000000091400000, 0x0000000091400000| Complete 
| 141|0x0000000093500000, 0x0000000093600000, 0x0000000093600000|100%| E|CS|TAMS 0x0000000093500000, 0x0000000093500000| Complete 

Card table byte_map: [0x00000225d3880000,0x00000225d3c30000] _byte_map_base: 0x00000225d342c000

Marking Bits (Prev, Next): (CMBitMap*) 0x00000225bbd4ae80, (CMBitMap*) 0x00000225bbd4ae40
 Prev Bits: [0x00000225d5d40000, 0x00000225d7aa0000)
 Next Bits: [0x00000225d3fe0000, 0x00000225d5d40000)

Polling page: 0x00000225b9c10000

Metaspace:

Usage:
  Non-class:     26.71 MB used.
      Class:      3.28 MB used.
       Both:     29.99 MB used.

Virtual space:
  Non-class space:       64.00 MB reserved,      26.94 MB ( 42%) committed,  1 nodes.
      Class space:        1.00 GB reserved,       3.50 MB ( <1%) committed,  1 nodes.
             Both:        1.06 GB reserved,      30.44 MB (  3%) committed. 

Chunk freelists:
   Non-Class:  524.00 KB
       Class:  470.00 KB
        Both:  994.00 KB

MaxMetaspaceSize: unlimited
CompressedClassSpaceSize: 1.00 GB
Initial GC threshold: 21.00 MB
Current GC threshold: 35.94 MB
CDS: on
MetaspaceReclaimPolicy: balanced
 - commit_granule_bytes: 65536.
 - commit_granule_words: 8192.
 - virtual_space_node_default_size: 8388608.
 - enlarge_chunks_in_place: 1.
 - new_chunks_are_fully_committed: 0.
 - uncommit_free_chunks: 1.
 - use_allocation_guard: 0.


Internal statistics:

num_allocs_failed_limit: 6.
num_arena_births: 524.
num_arena_deaths: 0.
num_vsnodes_births: 2.
num_vsnodes_deaths: 0.
num_space_committed: 487.
num_space_uncommitted: 0.
num_chunks_returned_to_freelist: 6.
num_chunks_taken_from_freelist: 1686.
num_chunk_merges: 6.
num_chunk_splits: 1173.
num_chunks_enlarged: 874.
num_inconsistent_stats: 0.

CodeHeap 'non-profiled nmethods': size=119168Kb used=3157Kb max_used=3157Kb free=116010Kb
 bounds [0x00000225cb7f0000, 0x00000225cbb10000, 0x00000225d2c50000]
CodeHeap 'profiled nmethods': size=119104Kb used=15209Kb max_used=15209Kb free=103894Kb
 bounds [0x00000225c3c50000, 0x00000225c4b30000, 0x00000225cb0a0000]
CodeHeap 'non-nmethods': size=7488Kb used=3005Kb max_used=3068Kb free=4482Kb
 bounds [0x00000225cb0a0000, 0x00000225cb3b0000, 0x00000225cb7f0000]
 total_blobs=7308 nmethods=6764 adapters=451
 compilation: enabled
              stopped_count=0, restarted_count=0
 full_count=0

Compilation events (20 events):
Event: 11.699 Thread 0x00000225ded162f0 7622       3       com.sun.tools.javac.util.ArrayUtils::ensureCapacity (30 bytes)
Event: 11.699 Thread 0x00000225e0324d90 nmethod 7618 0x00000225c4b23310 code [0x00000225c4b235c0, 0x00000225c4b24818]
Event: 11.700 Thread 0x00000225ded2f670 nmethod 7620 0x00000225c4b24d10 code [0x00000225c4b24ee0, 0x00000225c4b25268]
Event: 11.700 Thread 0x00000225dec20090 nmethod 7619 0x00000225c4b25410 code [0x00000225c4b255e0, 0x00000225c4b258c8]
Event: 11.700 Thread 0x00000225ded162f0 nmethod 7622 0x00000225c4b25a90 code [0x00000225c4b25c60, 0x00000225c4b25fe8]
Event: 11.701 Thread 0x00000225e0324d90 7623       2       com.sun.tools.javac.util.Bits::sizeTo (22 bytes)
Event: 11.701 Thread 0x00000225e0324d90 nmethod 7623 0x00000225c4b26190 code [0x00000225c4b26340, 0x00000225c4b264c8]
Event: 11.702 Thread 0x00000225e0324d90 7624   !   2       sun.nio.ch.IOUtil::read (133 bytes)
Event: 11.702 Thread 0x00000225ded162f0 7625   !   2       sun.nio.ch.IOUtil::readIntoNativeBuffer (173 bytes)
Event: 11.702 Thread 0x00000225ded2f670 7626   !   2       jdk.internal.misc.ScopedMemoryAccess::copyMemory (27 bytes)
Event: 11.702 Thread 0x00000225dec20090 7627   !   2       jdk.internal.misc.ScopedMemoryAccess::copyMemoryInternal (56 bytes)
Event: 11.702 Thread 0x00000225dec20090 nmethod 7627 0x00000225c4b26590 code [0x00000225c4b26760, 0x00000225c4b26968]
Event: 11.702 Thread 0x00000225ded2f670 nmethod 7626 0x00000225c4b26b10 code [0x00000225c4b26ce0, 0x00000225c4b26f58]
Event: 11.702 Thread 0x00000225dec20090 7630       3       java.util.HashMap::put (13 bytes)
Event: 11.702 Thread 0x00000225ded2f670 7629       2       com.sun.tools.javac.jvm.Code::isAlive (20 bytes)
Event: 11.702 Thread 0x00000225e0324d90 nmethod 7624 0x00000225c4b27190 code [0x00000225c4b273c0, 0x00000225c4b27868]
Event: 11.702 Thread 0x00000225ded2f670 nmethod 7629 0x00000225c4b27b90 code [0x00000225c4b27d20, 0x00000225c4b27e58]
Event: 11.702 Thread 0x00000225e0324d90 7628       2       jdk.nio.zipfs.ZipFileSystem$EntryInputStream::close (20 bytes)
Event: 11.703 Thread 0x00000225ded2f670 7631       2       java.nio.ByteBuffer::put (124 bytes)
Event: 11.802 Thread 0x00000225e0324d90 nmethod 7628 0x00000225c4b27f10 code [0x00000225c4b280c0, 0x00000225c4b28208]

GC Heap History (14 events):
Event: 0.938 GC heap before
{Heap before GC invocations=0 (full 0):
 garbage-first heap   total 120832K, used 23552K [0x000000008a800000, 0x0000000100000000)
  region size 1024K, 23 young (23552K), 0 survivors (0K)
 Metaspace       used 5686K, committed 5888K, reserved 1114112K
  class space    used 649K, committed 768K, reserved 1048576K
}
Event: 0.950 GC heap after
{Heap after GC invocations=1 (full 0):
 garbage-first heap   total 120832K, used 3704K [0x000000008a800000, 0x0000000100000000)
  region size 1024K, 3 young (3072K), 3 survivors (3072K)
 Metaspace       used 5686K, committed 5888K, reserved 1114112K
  class space    used 649K, committed 768K, reserved 1048576K
}
Event: 1.753 GC heap before
{Heap before GC invocations=1 (full 0):
 garbage-first heap   total 120832K, used 34424K [0x000000008a800000, 0x0000000100000000)
  region size 1024K, 33 young (33792K), 3 survivors (3072K)
 Metaspace       used 10019K, committed 10240K, reserved 1114112K
  class space    used 1162K, committed 1280K, reserved 1048576K
}
Event: 1.765 GC heap after
{Heap after GC invocations=2 (full 0):
 garbage-first heap   total 120832K, used 5545K [0x000000008a800000, 0x0000000100000000)
  region size 1024K, 2 young (2048K), 2 survivors (2048K)
 Metaspace       used 10019K, committed 10240K, reserved 1114112K
  class space    used 1162K, committed 1280K, reserved 1048576K
}
Event: 4.202 GC heap before
{Heap before GC invocations=2 (full 0):
 garbage-first heap   total 120832K, used 75177K [0x000000008a800000, 0x0000000100000000)
  region size 1024K, 70 young (71680K), 2 survivors (2048K)
 Metaspace       used 15770K, committed 15936K, reserved 1114112K
  class space    used 1771K, committed 1856K, reserved 1048576K
}
Event: 4.229 GC heap after
{Heap after GC invocations=3 (full 0):
 garbage-first heap   total 120832K, used 15921K [0x000000008a800000, 0x0000000100000000)
  region size 1024K, 9 young (9216K), 9 survivors (9216K)
 Metaspace       used 15770K, committed 15936K, reserved 1114112K
  class space    used 1771K, committed 1856K, reserved 1048576K
}
Event: 6.936 GC heap before
{Heap before GC invocations=3 (full 0):
 garbage-first heap   total 120832K, used 73265K [0x000000008a800000, 0x0000000100000000)
  region size 1024K, 65 young (66560K), 9 survivors (9216K)
 Metaspace       used 17679K, committed 17984K, reserved 1114112K
  class space    used 1956K, committed 2112K, reserved 1048576K
}
Event: 6.966 GC heap after
{Heap after GC invocations=4 (full 0):
 garbage-first heap   total 120832K, used 22528K [0x000000008a800000, 0x0000000100000000)
  region size 1024K, 7 young (7168K), 7 survivors (7168K)
 Metaspace       used 17679K, committed 17984K, reserved 1114112K
  class space    used 1956K, committed 2112K, reserved 1048576K
}
Event: 9.142 GC heap before
{Heap before GC invocations=4 (full 0):
 garbage-first heap   total 120832K, used 62464K [0x000000008a800000, 0x0000000100000000)
  region size 1024K, 43 young (44032K), 7 survivors (7168K)
 Metaspace       used 21259K, committed 21504K, reserved 1114112K
  class space    used 2312K, committed 2432K, reserved 1048576K
}
Event: 9.158 GC heap after
{Heap after GC invocations=5 (full 0):
 garbage-first heap   total 145408K, used 31744K [0x000000008a800000, 0x0000000100000000)
  region size 1024K, 6 young (6144K), 6 survivors (6144K)
 Metaspace       used 21259K, committed 21504K, reserved 1114112K
  class space    used 2312K, committed 2432K, reserved 1048576K
}
Event: 11.127 GC heap before
{Heap before GC invocations=6 (full 0):
 garbage-first heap   total 112640K, used 92160K [0x000000008a800000, 0x0000000100000000)
  region size 1024K, 66 young (67584K), 6 survivors (6144K)
 Metaspace       used 29566K, committed 30016K, reserved 1114112K
  class space    used 3242K, committed 3456K, reserved 1048576K
}
Event: 11.145 GC heap after
{Heap after GC invocations=7 (full 0):
 garbage-first heap   total 112640K, used 37376K [0x000000008a800000, 0x0000000100000000)
  region size 1024K, 7 young (7168K), 7 survivors (7168K)
 Metaspace       used 29566K, committed 30016K, reserved 1114112K
  class space    used 3242K, committed 3456K, reserved 1048576K
}
Event: 11.156 GC heap before
{Heap before GC invocations=7 (full 0):
 garbage-first heap   total 112640K, used 38400K [0x000000008a800000, 0x0000000100000000)
  region size 1024K, 8 young (8192K), 7 survivors (7168K)
 Metaspace       used 29590K, committed 30080K, reserved 1114112K
  class space    used 3243K, committed 3456K, reserved 1048576K
}
Event: 11.164 GC heap after
{Heap after GC invocations=8 (full 0):
 garbage-first heap   total 112640K, used 37888K [0x000000008a800000, 0x0000000100000000)
  region size 1024K, 1 young (1024K), 1 survivors (1024K)
 Metaspace       used 29590K, committed 30080K, reserved 1114112K
  class space    used 3243K, committed 3456K, reserved 1048576K
}

Dll operation events (8 events):
Event: 0.009 Loaded shared library C:\Program Files\Java\jdk-19\bin\java.dll
Event: 0.019 Loaded shared library C:\Program Files\Java\jdk-19\bin\jsvml.dll
Event: 0.056 Loaded shared library C:\Program Files\Java\jdk-19\bin\net.dll
Event: 0.058 Loaded shared library C:\Program Files\Java\jdk-19\bin\nio.dll
Event: 0.063 Loaded shared library C:\Program Files\Java\jdk-19\bin\zip.dll
Event: 0.289 Loaded shared library C:\Program Files\Java\jdk-19\bin\jimage.dll
Event: 0.292 Loaded shared library C:\Program Files\Apache\Maven\apache-maven-3.9.8\lib\jansi-native\Windows\x86_64\jansi.dll
Event: 0.313 Loaded shared library C:\Program Files\Java\jdk-19\bin\verify.dll

Deoptimization events (20 events):
Event: 11.476 Thread 0x00000225bbcef3f0 Uncommon trap: trap_request=0xfffffff4 fr.pc=0x00000225cb87e850 relative=0x00000000000006f0
Event: 11.476 Thread 0x00000225bbcef3f0 Uncommon trap: reason=null_check action=make_not_entrant pc=0x00000225cb87e850 method=java.util.IdentityHashMap.put(Ljava/lang/Object;Ljava/lang/Object;)Ljava/lang/Object; @ 57 c2
Event: 11.476 Thread 0x00000225bbcef3f0 DEOPT PACKING pc=0x00000225cb87e850 sp=0x00000047e53fdb50
Event: 11.476 Thread 0x00000225bbcef3f0 DEOPT UNPACKING pc=0x00000225cb106da3 sp=0x00000047e53fdaf0 mode 2
Event: 11.665 Thread 0x00000225bbcef3f0 Uncommon trap: trap_request=0xffffffc6 fr.pc=0x00000225cba8c638 relative=0x0000000000000538
Event: 11.665 Thread 0x00000225bbcef3f0 Uncommon trap: reason=bimorphic_or_optimized_type_check action=maybe_recompile pc=0x00000225cba8c638 method=java.util.HashMap.putVal(ILjava/lang/Object;Ljava/lang/Object;ZZ)Ljava/lang/Object; @ 253 c2
Event: 11.665 Thread 0x00000225bbcef3f0 DEOPT PACKING pc=0x00000225cba8c638 sp=0x00000047e53fdfb0
Event: 11.665 Thread 0x00000225bbcef3f0 DEOPT UNPACKING pc=0x00000225cb106da3 sp=0x00000047e53fded8 mode 2
Event: 11.669 Thread 0x00000225bbcef3f0 Uncommon trap: trap_request=0xffffffc6 fr.pc=0x00000225cba8c638 relative=0x0000000000000538
Event: 11.669 Thread 0x00000225bbcef3f0 Uncommon trap: reason=bimorphic_or_optimized_type_check action=maybe_recompile pc=0x00000225cba8c638 method=java.util.HashMap.putVal(ILjava/lang/Object;Ljava/lang/Object;ZZ)Ljava/lang/Object; @ 253 c2
Event: 11.669 Thread 0x00000225bbcef3f0 DEOPT PACKING pc=0x00000225cba8c638 sp=0x00000047e53fdfa0
Event: 11.669 Thread 0x00000225bbcef3f0 DEOPT UNPACKING pc=0x00000225cb106da3 sp=0x00000047e53fdec8 mode 2
Event: 11.672 Thread 0x00000225bbcef3f0 Uncommon trap: trap_request=0xffffffc6 fr.pc=0x00000225cba90a3c relative=0x00000000000004bc
Event: 11.672 Thread 0x00000225bbcef3f0 Uncommon trap: reason=bimorphic_or_optimized_type_check action=maybe_recompile pc=0x00000225cba90a3c method=java.util.HashMap.putVal(ILjava/lang/Object;Ljava/lang/Object;ZZ)Ljava/lang/Object; @ 253 c2
Event: 11.672 Thread 0x00000225bbcef3f0 DEOPT PACKING pc=0x00000225cba90a3c sp=0x00000047e53fdf10
Event: 11.672 Thread 0x00000225bbcef3f0 DEOPT UNPACKING pc=0x00000225cb106da3 sp=0x00000047e53fdec0 mode 2
Event: 11.698 Thread 0x00000225bbcef3f0 Uncommon trap: trap_request=0xffffff45 fr.pc=0x00000225cbad28e8 relative=0x0000000000000048
Event: 11.698 Thread 0x00000225bbcef3f0 Uncommon trap: reason=unstable_if action=reinterpret pc=0x00000225cbad28e8 method=com.sun.tools.javac.util.ArrayUtils.ensureCapacity([BI)[B @ 3 c2
Event: 11.698 Thread 0x00000225bbcef3f0 DEOPT PACKING pc=0x00000225cbad28e8 sp=0x00000047e53fd4a0
Event: 11.698 Thread 0x00000225bbcef3f0 DEOPT UNPACKING pc=0x00000225cb106da3 sp=0x00000047e53fd428 mode 2

Classes loaded (20 events):
Event: 10.528 Loading class java/io/PushbackInputStream
Event: 10.529 Loading class java/io/PushbackInputStream done
Event: 10.748 Loading class java/util/Collections$UnmodifiableSortedSet
Event: 10.749 Loading class java/util/Collections$UnmodifiableSortedSet done
Event: 10.756 Loading class java/util/IdentityHashMap$EntrySet
Event: 10.757 Loading class java/util/IdentityHashMap$EntrySet done
Event: 10.757 Loading class java/util/IdentityHashMap$EntryIterator
Event: 10.757 Loading class java/util/IdentityHashMap$EntryIterator done
Event: 10.757 Loading class java/util/IdentityHashMap$EntryIterator$Entry
Event: 10.757 Loading class java/util/IdentityHashMap$EntryIterator$Entry done
Event: 10.856 Loading class java/util/regex/Pattern$SliceI
Event: 10.856 Loading class java/util/regex/Pattern$SliceI done
Event: 10.885 Loading class java/util/regex/Pattern$Loop
Event: 10.885 Loading class java/util/regex/Pattern$Loop done
Event: 10.885 Loading class java/util/regex/Pattern$Prolog
Event: 10.885 Loading class java/util/regex/Pattern$Prolog done
Event: 10.901 Loading class java/util/regex/Pattern$LazyLoop
Event: 10.901 Loading class java/util/regex/Pattern$LazyLoop done
Event: 11.684 Loading class java/util/function/ToIntBiFunction
Event: 11.687 Loading class java/util/function/ToIntBiFunction done

Classes unloaded (0 events):
No events

Classes redefined (0 events):
No events

Internal exceptions (20 events):
Event: 11.388 Thread 0x00000225bbcef3f0 Exception <a 'sun/nio/fs/WindowsException'{0x0000000090317c30}> (0x0000000090317c30) 
thrown [s\open\src\hotspot\share\prims\jni.cpp, line 517]
Event: 11.388 Thread 0x00000225bbcef3f0 Exception <a 'sun/nio/fs/WindowsException'{0x0000000090317f50}> (0x0000000090317f50) 
thrown [s\open\src\hotspot\share\prims\jni.cpp, line 517]
Event: 11.389 Thread 0x00000225bbcef3f0 Exception <a 'sun/nio/fs/WindowsException'{0x0000000090318eb0}> (0x0000000090318eb0) 
thrown [s\open\src\hotspot\share\prims\jni.cpp, line 517]
Event: 11.389 Thread 0x00000225bbcef3f0 Exception <a 'sun/nio/fs/WindowsException'{0x0000000090319260}> (0x0000000090319260) 
thrown [s\open\src\hotspot\share\prims\jni.cpp, line 517]
Event: 11.389 Thread 0x00000225bbcef3f0 Exception <a 'sun/nio/fs/WindowsException'{0x000000009031a2a0}> (0x000000009031a2a0) 
thrown [s\open\src\hotspot\share\prims\jni.cpp, line 517]
Event: 11.389 Thread 0x00000225bbcef3f0 Exception <a 'sun/nio/fs/WindowsException'{0x000000009031a5d0}> (0x000000009031a5d0) 
thrown [s\open\src\hotspot\share\prims\jni.cpp, line 517]
Event: 11.476 Thread 0x00000225bbcef3f0 Implicit null exception at 0x00000225cb930699 to 0x00000225cb931b84
Event: 11.476 Thread 0x00000225bbcef3f0 Implicit null exception at 0x00000225cb87e374 to 0x00000225cb87e838
Event: 11.480 Thread 0x00000225bbcef3f0 Exception <a 'sun/nio/fs/WindowsException'{0x000000008fa52d18}> (0x000000008fa52d18) 
thrown [s\open\src\hotspot\share\prims\jni.cpp, line 517]
Event: 11.480 Thread 0x00000225bbcef3f0 Exception <a 'sun/nio/fs/WindowsException'{0x000000008fa53038}> (0x000000008fa53038) 
thrown [s\open\src\hotspot\share\prims\jni.cpp, line 517]
Event: 11.481 Thread 0x00000225bbcef3f0 Exception <a 'sun/nio/fs/WindowsException'{0x000000008fa53f98}> (0x000000008fa53f98) 
thrown [s\open\src\hotspot\share\prims\jni.cpp, line 517]
Event: 11.481 Thread 0x00000225bbcef3f0 Exception <a 'sun/nio/fs/WindowsException'{0x000000008fa54348}> (0x000000008fa54348) 
thrown [s\open\src\hotspot\share\prims\jni.cpp, line 517]
Event: 11.481 Thread 0x00000225bbcef3f0 Exception <a 'sun/nio/fs/WindowsException'{0x000000008fa55388}> (0x000000008fa55388) 
thrown [s\open\src\hotspot\share\prims\jni.cpp, line 517]
Event: 11.481 Thread 0x00000225bbcef3f0 Exception <a 'sun/nio/fs/WindowsException'{0x000000008fa556b8}> (0x000000008fa556b8) 
thrown [s\open\src\hotspot\share\prims\jni.cpp, line 517]
Event: 11.521 Thread 0x00000225bbcef3f0 Exception <a 'sun/nio/fs/WindowsException'{0x000000008f774360}> (0x000000008f774360) 
thrown [s\open\src\hotspot\share\prims\jni.cpp, line 517]
Event: 11.522 Thread 0x00000225bbcef3f0 Exception <a 'sun/nio/fs/WindowsException'{0x000000008f774680}> (0x000000008f774680) 
thrown [s\open\src\hotspot\share\prims\jni.cpp, line 517]
Event: 11.522 Thread 0x00000225bbcef3f0 Exception <a 'sun/nio/fs/WindowsException'{0x000000008f7755e0}> (0x000000008f7755e0) 
thrown [s\open\src\hotspot\share\prims\jni.cpp, line 517]
Event: 11.522 Thread 0x00000225bbcef3f0 Exception <a 'sun/nio/fs/WindowsException'{0x000000008f775990}> (0x000000008f775990) 
thrown [s\open\src\hotspot\share\prims\jni.cpp, line 517]
Event: 11.522 Thread 0x00000225bbcef3f0 Exception <a 'sun/nio/fs/WindowsException'{0x000000008f7769d0}> (0x000000008f7769d0) 
thrown [s\open\src\hotspot\share\prims\jni.cpp, line 517]
Event: 11.522 Thread 0x00000225bbcef3f0 Exception <a 'sun/nio/fs/WindowsException'{0x000000008f776d00}> (0x000000008f776d00) 
thrown [s\open\src\hotspot\share\prims\jni.cpp, line 517]

VM Operations (20 events):
Event: 9.694 Executing VM operation: HandshakeAllThreads
Event: 9.694 Executing VM operation: HandshakeAllThreads done
Event: 9.861 Executing VM operation: ICBufferFull
Event: 9.875 Executing VM operation: ICBufferFull done
Event: 9.999 Executing VM operation: HandshakeAllThreads
Event: 9.999 Executing VM operation: HandshakeAllThreads done
Event: 10.834 Executing VM operation: ICBufferFull
Event: 10.834 Executing VM operation: ICBufferFull done
Event: 11.102 Executing VM operation: ICBufferFull
Event: 11.103 Executing VM operation: ICBufferFull done
Event: 11.127 Executing VM operation: G1CollectForAllocation
Event: 11.145 Executing VM operation: G1CollectForAllocation done
Event: 11.156 Executing VM operation: G1CollectForAllocation
Event: 11.164 Executing VM operation: G1CollectForAllocation done
Event: 11.478 Executing VM operation: ICBufferFull
Event: 11.478 Executing VM operation: ICBufferFull done
Event: 11.622 Executing VM operation: HandshakeAllThreads
Event: 11.622 Executing VM operation: HandshakeAllThreads done
Event: 11.692 Executing VM operation: ICBufferFull
Event: 11.693 Executing VM operation: ICBufferFull done

Events (20 events):
Event: 9.512 Thread 0x00000225dec20a00 flushing nmethod 0x00000225c47fa010
Event: 9.512 Thread 0x00000225dec20a00 flushing nmethod 0x00000225c47fad10
Event: 9.512 Thread 0x00000225dec20a00 flushing nmethod 0x00000225c47fb510
Event: 9.512 Thread 0x00000225dec20a00 flushing nmethod 0x00000225c47fc410
Event: 9.512 Thread 0x00000225dec20a00 flushing nmethod 0x00000225c47fce10
Event: 9.512 Thread 0x00000225dec20a00 flushing nmethod 0x00000225c480cf10
Event: 9.632 Thread 0x00000225e00ed000 Thread added: 0x00000225e00ed000
Event: 9.680 Thread 0x00000225e25e6480 Thread added: 0x00000225e25e6480
Event: 9.778 Thread 0x00000225dfdfc280 Thread added: 0x00000225dfdfc280
Event: 9.840 Thread 0x00000225e0256da0 Thread added: 0x00000225e0256da0
Event: 10.141 Thread 0x00000225e0256da0 Thread exited: 0x00000225e0256da0
Event: 10.150 Thread 0x00000225dfdfc280 Thread exited: 0x00000225dfdfc280
Event: 10.275 Thread 0x00000225e25e6480 Thread exited: 0x00000225e25e6480
Event: 10.376 Thread 0x00000225e00ed000 Thread exited: 0x00000225e00ed000
Event: 10.538 Thread 0x00000225e1002000 Thread added: 0x00000225e1002000
Event: 10.751 Thread 0x00000225e1002000 Thread exited: 0x00000225e1002000
Event: 10.958 Thread 0x00000225dfa8d550 Thread added: 0x00000225dfa8d550
Event: 11.210 Thread 0x00000225e00a4940 Thread added: 0x00000225e00a4940
Event: 11.244 Thread 0x00000225e00a4ed0 Thread added: 0x00000225e00a4ed0
Event: 11.248 Thread 0x00000225e00a1730 Thread added: 0x00000225e00a1730


Dynamic libraries:
0x00007ff700470000 - 0x00007ff700480000 	C:\Program Files\Java\jdk-19\bin\java.exe
0x00007ffe1cb80000 - 0x00007ffe1cde9000 	C:\WINDOWS\SYSTEM32\ntdll.dll
0x00007ffe1ba90000 - 0x00007ffe1bb59000 	C:\WINDOWS\System32\KERNEL32.DLL
0x00007ffe1a550000 - 0x00007ffe1a943000 	C:\WINDOWS\System32\KERNELBASE.dll
0x00007ffe19f20000 - 0x00007ffe1a06b000 	C:\WINDOWS\System32\ucrtbase.dll
0x00007ffe0d9f0000 - 0x00007ffe0da08000 	C:\Program Files\Java\jdk-19\bin\jli.dll
0x00007ffe0fc90000 - 0x00007ffe0fcab000 	C:\Program Files\Java\jdk-19\bin\VCRUNTIME140.dll
0x00007ffe1b9d0000 - 0x00007ffe1ba84000 	C:\WINDOWS\System32\ADVAPI32.dll
0x00007ffe1ca60000 - 0x00007ffe1cb09000 	C:\WINDOWS\System32\msvcrt.dll
0x00007ffe1b690000 - 0x00007ffe1b736000 	C:\WINDOWS\System32\sechost.dll
0x00007ffe1c520000 - 0x00007ffe1c638000 	C:\WINDOWS\System32\RPCRT4.dll
0x00007ffe1c6f0000 - 0x00007ffe1c8b4000 	C:\WINDOWS\System32\USER32.dll
0x00007ffe01bb0000 - 0x00007ffe01e43000 	C:\WINDOWS\WinSxS\amd64_microsoft.windows.common-controls_6595b64144ccf1df_6.0.26100.5074_none_3e0d6f78e32fd63f\COMCTL32.dll
0x00007ffe19dc0000 - 0x00007ffe19de7000 	C:\WINDOWS\System32\win32u.dll
0x00007ffe1aa50000 - 0x00007ffe1aa7b000 	C:\WINDOWS\System32\GDI32.dll
0x00007ffe1a2a0000 - 0x00007ffe1a3cd000 	C:\WINDOWS\System32\gdi32full.dll
0x00007ffe19d10000 - 0x00007ffe19db3000 	C:\WINDOWS\System32\msvcp_win.dll
0x00007ffe12410000 - 0x00007ffe1241b000 	C:\WINDOWS\SYSTEM32\VERSION.dll
0x00007ffe1c6b0000 - 0x00007ffe1c6df000 	C:\WINDOWS\System32\IMM32.DLL
0x00007ffe0fcf0000 - 0x00007ffe0fcfc000 	C:\Program Files\Java\jdk-19\bin\vcruntime140_1.dll
0x00007ffdc9820000 - 0x00007ffdc98ae000 	C:\Program Files\Java\jdk-19\bin\msvcp140.dll
0x00007ffd7f880000 - 0x00007ffd80540000 	C:\Program Files\Java\jdk-19\bin\server\jvm.dll
0x00007ffe13800000 - 0x00007ffe1380a000 	C:\WINDOWS\SYSTEM32\WSOCK32.dll
0x00007ffe1b870000 - 0x00007ffe1b8e4000 	C:\WINDOWS\System32\WS2_32.dll
0x00007ffe135d0000 - 0x00007ffe13605000 	C:\WINDOWS\SYSTEM32\WINMM.dll
0x00007ffe18af0000 - 0x00007ffe18b0b000 	C:\WINDOWS\SYSTEM32\kernel.appcore.dll
0x00007ffe0c600000 - 0x00007ffe0c60a000 	C:\Program Files\Java\jdk-19\bin\jimage.dll
0x00007ffe12e10000 - 0x00007ffe13052000 	C:\WINDOWS\SYSTEM32\DBGHELP.DLL
0x00007ffe1b240000 - 0x00007ffe1b5bb000 	C:\WINDOWS\System32\combase.dll
0x00007ffe1b790000 - 0x00007ffe1b867000 	C:\WINDOWS\System32\OLEAUT32.dll
0x00007ffe13590000 - 0x00007ffe135cd000 	C:\WINDOWS\SYSTEM32\dbgcore.DLL
0x00007ffe19e80000 - 0x00007ffe19f19000 	C:\WINDOWS\System32\bcryptPrimitives.dll
0x00007ffe07120000 - 0x00007ffe07146000 	C:\Program Files\Java\jdk-19\bin\java.dll
0x00007ffdc94e0000 - 0x00007ffdc95b7000 	C:\Program Files\Java\jdk-19\bin\jsvml.dll
0x00007ffe1bb60000 - 0x00007ffe1c2ad000 	C:\WINDOWS\System32\SHELL32.dll
0x00007ffe1a130000 - 0x00007ffe1a29c000 	C:\WINDOWS\System32\wintypes.dll
0x00007ffe17970000 - 0x00007ffe181c9000 	C:\WINDOWS\SYSTEM32\windows.storage.dll
0x00007ffe1a950000 - 0x00007ffe1aa40000 	C:\WINDOWS\System32\SHCORE.dll
0x00007ffe1c640000 - 0x00007ffe1c6a2000 	C:\WINDOWS\System32\shlwapi.dll
0x00007ffe19c30000 - 0x00007ffe19c59000 	C:\WINDOWS\SYSTEM32\profapi.dll
0x00007ffe0fef0000 - 0x00007ffe0ff03000 	C:\Program Files\Java\jdk-19\bin\net.dll
0x00007ffe12280000 - 0x00007ffe1239f000 	C:\WINDOWS\SYSTEM32\WINHTTP.dll
0x00007ffe19070000 - 0x00007ffe190db000 	C:\WINDOWS\system32\mswsock.dll
0x00007ffe0fe80000 - 0x00007ffe0fe96000 	C:\Program Files\Java\jdk-19\bin\nio.dll
0x00007ffe0fd50000 - 0x00007ffe0fd68000 	C:\Program Files\Java\jdk-19\bin\zip.dll
0x00007ffe0a080000 - 0x00007ffe0a0a4000 	C:\Program Files\Apache\Maven\apache-maven-3.9.8\lib\jansi-native\Windows\x86_64\jansi.dll
0x00007ffe0c5f0000 - 0x00007ffe0c600000 	C:\Program Files\Java\jdk-19\bin\verify.dll

dbghelp: loaded successfully - version: 4.0.5 - missing functions: none
symbol engine: initialized successfully - sym options: 0x614 - pdb path: .;C:\Program Files\Java\jdk-19\bin;C:\WINDOWS\SYSTEM32;C:\WINDOWS\WinSxS\amd64_microsoft.windows.common-controls_6595b64144ccf1df_6.0.26100.5074_none_3e0d6f78e32fd63f;C:\Program Files\Java\jdk-19\bin\server;C:\Program Files\Apache\Maven\apache-maven-3.9.8\lib\jansi-native\Windows\x86_64

VM Arguments:
jvm_args: -Dclassworlds.conf=C:\Program Files\Apache\Maven\apache-maven-3.9.8\bin\m2.conf -Dmaven.home=C:\Program Files\Apache\Maven\apache-maven-3.9.8 -Dlibrary.jansi.path=C:\Program Files\Apache\Maven\apache-maven-3.9.8\lib\jansi-native -Dmaven.multiModuleProjectDirectory=D:\Sony_Course\NewGetEmployed\GetEmployed 
java_command: org.codehaus.plexus.classworlds.launcher.Launcher clean install -DskipTests
java_class_path (initial): C:\Program Files\Apache\Maven\apache-maven-3.9.8\boot\plexus-classworlds-2.8.0.jar
Launcher Type: SUN_STANDARD

[Global flags]
     intx CICompilerCount                          = 12                                        {product} {ergonomic}
     uint ConcGCThreads                            = 3                                         {product} {ergonomic}
     uint G1ConcRefinementThreads                  = 13                                        {product} {ergonomic}
   size_t G1HeapRegionSize                         = 1048576                                   {product} {ergonomic}
    uintx GCDrainStackTargetSize                   = 64                                        {product} {ergonomic}
   size_t InitialHeapSize                          = 123731968                                 {product} {ergonomic}
   size_t MarkStackSize                            = 4194304                                   {product} {ergonomic}
   size_t MaxHeapSize                              = 1971322880                                {product} {ergonomic}
   size_t MaxNewSize                               = 1182793728                                {product} {ergonomic}
   size_t MinHeapDeltaBytes                        = 1048576                                   {product} {ergonomic}
   size_t MinHeapSize                              = 8388608                                   {product} {ergonomic}
    uintx NonNMethodCodeHeapSize                   = 7602480                                {pd product} {ergonomic}
    uintx NonProfiledCodeHeapSize                  = 122027880                              {pd product} {ergonomic}
    uintx ProfiledCodeHeapSize                     = 122027880                              {pd product} {ergonomic}
    uintx ReservedCodeCacheSize                    = 251658240                              {pd product} {ergonomic}
     bool SegmentedCodeCache                       = true                                      {product} {ergonomic}
   size_t SoftMaxHeapSize                          = 1971322880                             {manageable} {ergonomic}
     bool UseCompressedClassPointers               = true                           {product lp64_product} {ergonomic}
     bool UseCompressedOops                        = true                           {product lp64_product} {ergonomic}
     bool UseG1GC                                  = true                                      {product} {ergonomic}
     bool UseLargePagesIndividualAllocation        = false                                  {pd product} {ergonomic}

Logging:
Log output configuration:
 #0: stdout all=warning uptime,level,tags foldmultilines=false
 #1: stderr all=off uptime,level,tags foldmultilines=false

Environment Variables:
PATH=C:\Python312\Scripts\;C:\Python312\;C:\Program Files\Common Files\Oracle\Java\javapath;C:\WINDOWS\system32;C:\WINDOWS;C:\WINDOWS\System32\Wbem;C:\WINDOWS\System32\WindowsPowerShell\v1.0\;C:\WINDOWS\System32\OpenSSH\;C:\MinGW\bin;C:\Program Files\Git\cmd;C:\Program Files\Java\jdk-19\bin;C:\Program Files\MongoDB\Server\6.0\bin;C:\Program Files\MySQL\MySQL Server 8.0\bin;C:\xampp\php;C:\Program Files (x86)\GnuWin32\bin;C:\Program Files\Apache\Maven\apache-maven-3.9.8\bin;C:\Program Files\Git LFS;C:\Program Files (x86)\mongosh-2.3.1-win32-x64\bin;C:\Program Files (x86)\ffmpeg-7.1-full_build\bin;C:\Program Files\nodejs\;C:\ProgramData\chocolatey\bin;C:\Program Files\Docker\Docker\resources\bin;C:\Program Files\MySQL\MySQL Shell 8.0\bin\;C:\Users\Lenovo\AppData\Local\Programs\Python\Python310\Scripts\;C:\Users\Lenovo\AppData\Local\Programs\Python\Python310\;C:\Users\Lenovo\AppData\Local\Programs\Python\Python311\Scripts\;C:\Users\Lenovo\AppData\Local\Programs\Python\Python311\;C:\Users\Lenovo\AppData\Local\Microsoft\WindowsApps;C:\Users\Lenovo\AppData\Local\Programs\Microsoft VS Code\bin;C:\Users\Lenovo\AppData\Local\GitHubDesktop\bin;C:\Program Files\JetBrains\IntelliJ IDEA Community Edition 2024.1.4\bin;;C:\Users\Lenovo\AppData\Roaming\npm;C:\Users\Lenovo\AppData\Local\Programs\cursor\resources\app\bin
USERNAME=Lenovo
OS=Windows_NT
PROCESSOR_IDENTIFIER=AMD64 Family 23 Model 104 Stepping 1, AuthenticAMD
TMP=C:\Users\Lenovo\AppData\Local\Temp
TEMP=C:\Users\Lenovo\AppData\Local\Temp



---------------  S Y S T E M  ---------------

OS:
 Windows 11 , 64 bit Build 26100 (10.0.26100.5074)
OS uptime: 1 days 9:47 hours
Hyper-V role detected

CPU: total 16 (initial active 16) (16 cores per cpu, 2 threads per core) family 23 model 104 stepping 1 microcode 0x8608103, cx8, cmov, fxsr, ht, mmx, 3dnowpref, sse, sse2, sse3, ssse3, sse4a, sse4.1, sse4.2, popcnt, lzcnt, tsc, tscinvbit, avx, avx2, aes, clmul, bmi1, bmi2, adx, sha, fma, vzeroupper, clflush, clflushopt, hv, rdtscp, rdpid

Memory: 4k page, system-wide physical 7514M (1128M free)
TotalPageFile size 31066M (AvailPageFile size 8M)
current process WorkingSet (physical memory assigned to process): 291M, peak: 291M
current process commit charge ("private bytes"): 344M, peak: 345M

vm_info: Java HotSpot(TM) 64-Bit Server VM (19.0.2+7-44) for windows-amd64 JRE (19.0.2+7-44), built on 2022-11-30T18:02:09Z by "mach5one" with MS VC++ 17.1 (VS2022)

END.
