#
# There is insufficient memory for the Java Runtime Environment to continue.
# Native memory allocation (malloc) failed to allocate 1214016 bytes for Chunk::new
# Possible reasons:
#   The system is out of physical RAM or swap space
#   The process is running with CompressedOops enabled, and the Java Heap may be blocking the growth of the native heap
# Possible solutions:
#   Reduce memory load on the system
#   Increase physical memory or swap space
#   Check if swap backing store is full
#   Decrease Java heap size (-Xmx/-Xms)
#   Decrease number of Java threads
#   Decrease Java thread stack sizes (-Xss)
#   Set larger code cache with -XX:ReservedCodeCacheSize=
#   JVM is running with Unscaled Compressed Oops mode in which the Java heap is
#     placed in the first 4GB address space. The Java Heap base address is the
#     maximum limit for the native heap growth. Please use -XX:HeapBaseMinAddress
#     to set the Java Heap base and to place the Java Heap above 4GB virtual address.
# This output file may be truncated or incomplete.
#
#  Out of Memory Error (arena.cpp:184), pid=15108, tid=26648
#
# JRE version: Java(TM) SE Runtime Environment (19.0.2+7) (build 19.0.2+7-44)
# Java VM: Java HotSpot(TM) 64-Bit Server VM (19.0.2+7-44, mixed mode, sharing, tiered, compressed oops, compressed class ptrs, g1 gc, windows-amd64)
# No core dump will be written. Minidumps are not enabled by default on client versions of Windows
#

---------------  S U M M A R Y ------------

Command Line: -Dclassworlds.conf=C:\Program Files\Apache\Maven\apache-maven-3.9.8\bin\m2.conf -Dmaven.home=C:\Program Files\Apache\Maven\apache-maven-3.9.8 -Dlibrary.jansi.path=C:\Program Files\Apache\Maven\apache-maven-3.9.8\lib\jansi-native -Dmaven.multiModuleProjectDirectory=D:\Sony_Course\NewGetEmployed\GetEmployed\auth-service org.codehaus.plexus.classworlds.launcher.Launcher clean compile

Host: AMD Ryzen 7 5700U with Radeon Graphics         , 16 cores, 7G,  Windows 11 , 64 bit Build 26100 (10.0.26100.5074)
Time: Sat Oct  4 20:05:47 2025 India Standard Time elapsed time: 9.480558 seconds (0d 0h 0m 9s)

---------------  T H R E A D  ---------------

Current thread (0x000002d91911aa90):  JavaThread "C2 CompilerThread1" daemon [_thread_in_native, id=26648, stack(0x000000f5eb300000,0x000000f5eb400000)]


Current CompileTask:
C2:   9480 5467       4       org.apache.maven.model.inheritance.DefaultInheritanceAssembler$InheritanceModelMerger::mergePluginContainer_Plugins (433 bytes)

Stack: [0x000000f5eb300000,0x000000f5eb400000]
Native frames: (J=compiled Java code, j=interpreted, Vv=VM code, C=native code)
V  [jvm.dll+0x6ee21a]
V  [jvm.dll+0x85765e]
V  [jvm.dll+0x85904e]
V  [jvm.dll+0x859703]
V  [jvm.dll+0x28298f]
V  [jvm.dll+0xc9adf]
V  [jvm.dll+0xc9e65]
V  [jvm.dll+0x2f7caf]
V  [jvm.dll+0x5f076b]
V  [jvm.dll+0x25590c]
V  [jvm.dll+0x24e1a7]
V  [jvm.dll+0x24b673]
V  [jvm.dll+0x1d6ce1]
V  [jvm.dll+0x25b25a]
V  [jvm.dll+0x2596e8]
V  [jvm.dll+0x807588]
V  [jvm.dll+0x80125a]
V  [jvm.dll+0x6ecf0b]
C  [ucrtbase.dll+0x37b0]
C  [KERNEL32.DLL+0x2e8d7]
C  [ntdll.dll+0x8d9c]


---------------  P R O C E S S  ---------------

Threads class SMR info:
_java_thread_list=0x000002d919343be0, length=17, elements={
0x000002d974d5f2f0, 0x000002d913adc860, 0x000002d913ae0530, 0x000002d913ae9440,
0x000002d913ae8ef0, 0x000002d913ae89a0, 0x000002d913ae9990, 0x000002d913af5f90,
0x000002d913b02020, 0x000002d913ae7f00, 0x000002d917e218d0, 0x000002d917e2a290,
0x000002d913ae7460, 0x000002d913ae6470, 0x000002d9182c9f60, 0x000002d913ae69c0,
0x000002d91911aa90
}

Java Threads: ( => current thread )
  0x000002d974d5f2f0 JavaThread "main" [_thread_in_vm, id=22488, stack(0x000000f5e9d00000,0x000000f5e9e00000)]
  0x000002d913adc860 JavaThread "Reference Handler" daemon [_thread_blocked, id=6212, stack(0x000000f5ea400000,0x000000f5ea500000)]
  0x000002d913ae0530 JavaThread "Finalizer" daemon [_thread_blocked, id=8292, stack(0x000000f5ea500000,0x000000f5ea600000)]
  0x000002d913ae9440 JavaThread "Signal Dispatcher" daemon [_thread_blocked, id=31748, stack(0x000000f5ea600000,0x000000f5ea700000)]
  0x000002d913ae8ef0 JavaThread "Attach Listener" daemon [_thread_blocked, id=6524, stack(0x000000f5ea700000,0x000000f5ea800000)]
  0x000002d913ae89a0 JavaThread "Service Thread" daemon [_thread_blocked, id=24332, stack(0x000000f5ea800000,0x000000f5ea900000)]
  0x000002d913ae9990 JavaThread "Monitor Deflation Thread" daemon [_thread_blocked, id=16652, stack(0x000000f5ea900000,0x000000f5eaa00000)]
  0x000002d913af5f90 JavaThread "C2 CompilerThread0" daemon [_thread_blocked, id=27980, stack(0x000000f5eaa00000,0x000000f5eab00000)]
  0x000002d913b02020 JavaThread "C1 CompilerThread0" daemon [_thread_blocked, id=7424, stack(0x000000f5eab00000,0x000000f5eac00000)]
  0x000002d913ae7f00 JavaThread "Sweeper thread" daemon [_thread_blocked, id=16896, stack(0x000000f5eac00000,0x000000f5ead00000)]
  0x000002d917e218d0 JavaThread "C1 CompilerThread1" daemon [_thread_blocked, id=34208, stack(0x000000f5ead00000,0x000000f5eae00000)]
  0x000002d917e2a290 JavaThread "C1 CompilerThread2" daemon [_thread_blocked, id=31652, stack(0x000000f5eae00000,0x000000f5eaf00000)]
  0x000002d913ae7460 JavaThread "Notification Thread" daemon [_thread_blocked, id=20360, stack(0x000000f5eaf00000,0x000000f5eb000000)]
  0x000002d913ae6470 JavaThread "Common-Cleaner" daemon [_thread_blocked, id=32564, stack(0x000000f5eb100000,0x000000f5eb200000)]
  0x000002d9182c9f60 JavaThread "C1 CompilerThread3" daemon [_thread_in_native, id=27204, stack(0x000000f5eb200000,0x000000f5eb300000)]
  0x000002d913ae69c0 JavaThread "Thread-1" daemon [_thread_blocked, id=3132, stack(0x000000f5ebd00000,0x000000f5ebe00000)]
=>0x000002d91911aa90 JavaThread "C2 CompilerThread1" daemon [_thread_in_native, id=26648, stack(0x000000f5eb300000,0x000000f5eb400000)]

Other Threads:
  0x000002d913ac4730 VMThread "VM Thread" [stack: 0x000000f5ea300000,0x000000f5ea400000] [id=32132]
  0x000002d917e2c9e0 WatcherThread "VM Periodic Task Thread" [stack: 0x000000f5eb000000,0x000000f5eb100000] [id=34356]
  0x000002d974dba340 WorkerThread "GC Thread#0" [stack: 0x000000f5e9e00000,0x000000f5e9f00000] [id=27516]
  0x000002d918273690 WorkerThread "GC Thread#1" [stack: 0x000000f5eb500000,0x000000f5eb600000] [id=14744]
  0x000002d9182741d0 WorkerThread "GC Thread#2" [stack: 0x000000f5eb600000,0x000000f5eb700000] [id=28356]
  0x000002d9182744a0 WorkerThread "GC Thread#3" [stack: 0x000000f5eb700000,0x000000f5eb800000] [id=28740]
  0x000002d918274770 WorkerThread "GC Thread#4" [stack: 0x000000f5eb800000,0x000000f5eb900000] [id=31300]
  0x000002d918273960 WorkerThread "GC Thread#5" [stack: 0x000000f5eb900000,0x000000f5eba00000] [id=22472]
  0x000002d918274a40 WorkerThread "GC Thread#6" [stack: 0x000000f5eba00000,0x000000f5ebb00000] [id=28060]
  0x000002d918274d10 WorkerThread "GC Thread#7" [stack: 0x000000f5ebb00000,0x000000f5ebc00000] [id=1864]
  0x000002d918274fe0 WorkerThread "GC Thread#8" [stack: 0x000000f5eb400000,0x000000f5eb500000] [id=12904]
  0x000002d919467060 WorkerThread "GC Thread#9" [stack: 0x000000f5ebc00000,0x000000f5ebd00000] [id=8464]
  0x000002d919468f50 WorkerThread "GC Thread#10" [stack: 0x000000f5ebf00000,0x000000f5ec000000] [id=30164]
  0x000002d9194689b0 WorkerThread "GC Thread#11" [stack: 0x000000f5ec000000,0x000000f5ec100000] [id=26140]
  0x000002d919469220 WorkerThread "GC Thread#12" [stack: 0x000000f5ec100000,0x000000f5ec200000] [id=22888]
  0x000002d974dcb0b0 ConcurrentGCThread "G1 Main Marker" [stack: 0x000000f5e9f00000,0x000000f5ea000000] [id=20232]
  0x000002d974dcd500 WorkerThread "G1 Conc#0" [stack: 0x000000f5ea000000,0x000000f5ea100000] [id=27428]
  0x000002d91397d5a0 ConcurrentGCThread "G1 Refine#0" [stack: 0x000000f5ea100000,0x000000f5ea200000] [id=30944]
  0x000002d974e1ec10 ConcurrentGCThread "G1 Service" [stack: 0x000000f5ea200000,0x000000f5ea300000] [id=32976]

Threads with active compile tasks:
C2 CompilerThread0     9525 5591       4       java.lang.invoke.MethodType::methodType (69 bytes)
C2 CompilerThread1     9525 5467       4       org.apache.maven.model.inheritance.DefaultInheritanceAssembler$InheritanceModelMerger::mergePluginContainer_Plugins (433 bytes)

VM state: not at safepoint (normal execution)

VM Mutex/Monitor currently owned by a thread: None

Heap address: 0x000000008a800000, size: 1880 MB, Compressed Oops mode: 32-bit

CDS archive(s) mapped at: [0x0000000800000000-0x0000000800c40000-0x0000000800c40000), size 12845056, SharedBaseAddress: 0x0000000800000000, ArchiveRelocationMode: 0.
Compressed class space mapped at: 0x0000000801000000-0x0000000841000000, reserved size: 1073741824
Narrow klass base: 0x0000000800000000, Narrow klass shift: 0, Narrow klass range: 0x100000000

GC Precious Log:
 CardTable entry size: 512
 Card Set container configuration: InlinePtr #cards 5 size 8 Array Of Cards #cards 12 size 40 Howl #buckets 4 coarsen threshold 1843 Howl Bitmap #cards 512 size 80 coarsen threshold 460 Card regions per heap region 1 cards per card region 2048
 CPUs: 16 total, 16 available
 Memory: 7514M
 Large Page Support: Disabled
 NUMA Support: Disabled
 Compressed Oops: Enabled (32-bit)
 Heap Region Size: 1M
 Heap Min Capacity: 8M
 Heap Initial Capacity: 118M
 Heap Max Capacity: 1880M
 Pre-touch: Disabled
 Parallel Workers: 13
 Concurrent Workers: 3
 Concurrent Refinement Workers: 13
 Periodic GC: Disabled

Heap:
 garbage-first heap   total 120832K, used 77468K [0x000000008a800000, 0x0000000100000000)
  region size 1024K, 64 young (65536K), 7 survivors (7168K)
 Metaspace       used 18686K, committed 18944K, reserved 1114112K
  class space    used 2008K, committed 2112K, reserved 1048576K

Heap Regions: E=young(eden), S=young(survivor), O=old, HS=humongous(starts), HC=humongous(continues), CS=collection set, F=free, OA=open archive, CA=closed archive, TAMS=top-at-mark-start (previous, next)
|   0|0x000000008a800000, 0x000000008a900000, 0x000000008a900000|100%| O|  |TAMS 0x000000008a800000, 0x000000008a800000| Untracked 
|   1|0x000000008a900000, 0x000000008aa00000, 0x000000008aa00000|100%| O|  |TAMS 0x000000008a900000, 0x000000008a900000| Untracked 
|   2|0x000000008aa00000, 0x000000008ab00000, 0x000000008ab00000|100%| O|  |TAMS 0x000000008aa00000, 0x000000008aa00000| Untracked 
|   3|0x000000008ab00000, 0x000000008ac00000, 0x000000008ac00000|100%| O|  |TAMS 0x000000008ab00000, 0x000000008ab00000| Untracked 
|   4|0x000000008ac00000, 0x000000008ad00000, 0x000000008ad00000|100%| O|  |TAMS 0x000000008ac00000, 0x000000008ac00000| Untracked 
|   5|0x000000008ad00000, 0x000000008ae00000, 0x000000008ae00000|100%| O|  |TAMS 0x000000008ad00000, 0x000000008ad00000| Untracked 
|   6|0x000000008ae00000, 0x000000008af00000, 0x000000008af00000|100%| O|  |TAMS 0x000000008ae00000, 0x000000008ae00000| Untracked 
|   7|0x000000008af00000, 0x000000008b000000, 0x000000008b000000|100%| O|  |TAMS 0x000000008af00000, 0x000000008af00000| Untracked 
|   8|0x000000008b000000, 0x000000008b100000, 0x000000008b100000|100%| O|  |TAMS 0x000000008b000000, 0x000000008b000000| Untracked 
|   9|0x000000008b100000, 0x000000008b200000, 0x000000008b200000|100%| O|  |TAMS 0x000000008b100000, 0x000000008b100000| Untracked 
|  10|0x000000008b200000, 0x000000008b300000, 0x000000008b300000|100%| O|  |TAMS 0x000000008b200000, 0x000000008b200000| Untracked 
|  11|0x000000008b300000, 0x000000008b400000, 0x000000008b400000|100%| O|  |TAMS 0x000000008b300000, 0x000000008b300000| Untracked 
|  12|0x000000008b400000, 0x000000008b500000, 0x000000008b500000|100%| O|  |TAMS 0x000000008b400000, 0x000000008b400000| Untracked 
|  13|0x000000008b500000, 0x000000008b527200, 0x000000008b600000| 15%| O|  |TAMS 0x000000008b500000, 0x000000008b500000| Untracked 
|  14|0x000000008b600000, 0x000000008b600000, 0x000000008b700000|  0%| F|  |TAMS 0x000000008b600000, 0x000000008b600000| Untracked 
|  15|0x000000008b700000, 0x000000008b700000, 0x000000008b800000|  0%| F|  |TAMS 0x000000008b700000, 0x000000008b700000| Untracked 
|  16|0x000000008b800000, 0x000000008b800000, 0x000000008b900000|  0%| F|  |TAMS 0x000000008b800000, 0x000000008b800000| Untracked 
|  17|0x000000008b900000, 0x000000008b900000, 0x000000008ba00000|  0%| F|  |TAMS 0x000000008b900000, 0x000000008b900000| Untracked 
|  18|0x000000008ba00000, 0x000000008ba00000, 0x000000008bb00000|  0%| F|  |TAMS 0x000000008ba00000, 0x000000008ba00000| Untracked 
|  19|0x000000008bb00000, 0x000000008bb00000, 0x000000008bc00000|  0%| F|  |TAMS 0x000000008bb00000, 0x000000008bb00000| Untracked 
|  20|0x000000008bc00000, 0x000000008bc00000, 0x000000008bd00000|  0%| F|  |TAMS 0x000000008bc00000, 0x000000008bc00000| Untracked 
|  21|0x000000008bd00000, 0x000000008bd00000, 0x000000008be00000|  0%| F|  |TAMS 0x000000008bd00000, 0x000000008bd00000| Untracked 
|  22|0x000000008be00000, 0x000000008be00000, 0x000000008bf00000|  0%| F|  |TAMS 0x000000008be00000, 0x000000008be00000| Untracked 
|  23|0x000000008bf00000, 0x000000008bf00000, 0x000000008c000000|  0%| F|  |TAMS 0x000000008bf00000, 0x000000008bf00000| Untracked 
|  24|0x000000008c000000, 0x000000008c000000, 0x000000008c100000|  0%| F|  |TAMS 0x000000008c000000, 0x000000008c000000| Untracked 
|  25|0x000000008c100000, 0x000000008c100000, 0x000000008c200000|  0%| F|  |TAMS 0x000000008c100000, 0x000000008c100000| Untracked 
|  26|0x000000008c200000, 0x000000008c200000, 0x000000008c300000|  0%| F|  |TAMS 0x000000008c200000, 0x000000008c200000| Untracked 
|  27|0x000000008c300000, 0x000000008c300000, 0x000000008c400000|  0%| F|  |TAMS 0x000000008c300000, 0x000000008c300000| Untracked 
|  28|0x000000008c400000, 0x000000008c400000, 0x000000008c500000|  0%| F|  |TAMS 0x000000008c400000, 0x000000008c400000| Untracked 
|  29|0x000000008c500000, 0x000000008c500000, 0x000000008c600000|  0%| F|  |TAMS 0x000000008c500000, 0x000000008c500000| Untracked 
|  30|0x000000008c600000, 0x000000008c600000, 0x000000008c700000|  0%| F|  |TAMS 0x000000008c600000, 0x000000008c600000| Untracked 
|  31|0x000000008c700000, 0x000000008c700000, 0x000000008c800000|  0%| F|  |TAMS 0x000000008c700000, 0x000000008c700000| Untracked 
|  32|0x000000008c800000, 0x000000008c800000, 0x000000008c900000|  0%| F|  |TAMS 0x000000008c800000, 0x000000008c800000| Untracked 
|  33|0x000000008c900000, 0x000000008c900000, 0x000000008ca00000|  0%| F|  |TAMS 0x000000008c900000, 0x000000008c900000| Untracked 
|  34|0x000000008ca00000, 0x000000008ca00000, 0x000000008cb00000|  0%| F|  |TAMS 0x000000008ca00000, 0x000000008ca00000| Untracked 
|  35|0x000000008cb00000, 0x000000008cb00000, 0x000000008cc00000|  0%| F|  |TAMS 0x000000008cb00000, 0x000000008cb00000| Untracked 
|  36|0x000000008cc00000, 0x000000008cc00000, 0x000000008cd00000|  0%| F|  |TAMS 0x000000008cc00000, 0x000000008cc00000| Untracked 
|  37|0x000000008cd00000, 0x000000008cd00000, 0x000000008ce00000|  0%| F|  |TAMS 0x000000008cd00000, 0x000000008cd00000| Untracked 
|  38|0x000000008ce00000, 0x000000008ce00000, 0x000000008cf00000|  0%| F|  |TAMS 0x000000008ce00000, 0x000000008ce00000| Untracked 
|  39|0x000000008cf00000, 0x000000008cf00000, 0x000000008d000000|  0%| F|  |TAMS 0x000000008cf00000, 0x000000008cf00000| Untracked 
|  40|0x000000008d000000, 0x000000008d000000, 0x000000008d100000|  0%| F|  |TAMS 0x000000008d000000, 0x000000008d000000| Untracked 
|  41|0x000000008d100000, 0x000000008d100000, 0x000000008d200000|  0%| F|  |TAMS 0x000000008d100000, 0x000000008d100000| Untracked 
|  42|0x000000008d200000, 0x000000008d200000, 0x000000008d300000|  0%| F|  |TAMS 0x000000008d200000, 0x000000008d200000| Untracked 
|  43|0x000000008d300000, 0x000000008d300000, 0x000000008d400000|  0%| F|  |TAMS 0x000000008d300000, 0x000000008d300000| Untracked 
|  44|0x000000008d400000, 0x000000008d400000, 0x000000008d500000|  0%| F|  |TAMS 0x000000008d400000, 0x000000008d400000| Untracked 
|  45|0x000000008d500000, 0x000000008d500000, 0x000000008d600000|  0%| F|  |TAMS 0x000000008d500000, 0x000000008d500000| Untracked 
|  46|0x000000008d600000, 0x000000008d600000, 0x000000008d700000|  0%| F|  |TAMS 0x000000008d600000, 0x000000008d600000| Untracked 
|  47|0x000000008d700000, 0x000000008d700000, 0x000000008d800000|  0%| F|  |TAMS 0x000000008d700000, 0x000000008d700000| Untracked 
|  48|0x000000008d800000, 0x000000008d800000, 0x000000008d900000|  0%| F|  |TAMS 0x000000008d800000, 0x000000008d800000| Untracked 
|  49|0x000000008d900000, 0x000000008d900000, 0x000000008da00000|  0%| F|  |TAMS 0x000000008d900000, 0x000000008d900000| Untracked 
|  50|0x000000008da00000, 0x000000008da80000, 0x000000008db00000| 50%| S|CS|TAMS 0x000000008da00000, 0x000000008da00000| Complete 
|  51|0x000000008db00000, 0x000000008dc00000, 0x000000008dc00000|100%| S|CS|TAMS 0x000000008db00000, 0x000000008db00000| Complete 
|  52|0x000000008dc00000, 0x000000008dd00000, 0x000000008dd00000|100%| S|CS|TAMS 0x000000008dc00000, 0x000000008dc00000| Complete 
|  53|0x000000008dd00000, 0x000000008de00000, 0x000000008de00000|100%| S|CS|TAMS 0x000000008dd00000, 0x000000008dd00000| Complete 
|  54|0x000000008de00000, 0x000000008df00000, 0x000000008df00000|100%| S|CS|TAMS 0x000000008de00000, 0x000000008de00000| Complete 
|  55|0x000000008df00000, 0x000000008e000000, 0x000000008e000000|100%| S|CS|TAMS 0x000000008df00000, 0x000000008df00000| Complete 
|  56|0x000000008e000000, 0x000000008e100000, 0x000000008e100000|100%| S|CS|TAMS 0x000000008e000000, 0x000000008e000000| Complete 
|  57|0x000000008e100000, 0x000000008e100000, 0x000000008e200000|  0%| F|  |TAMS 0x000000008e100000, 0x000000008e100000| Untracked 
|  58|0x000000008e200000, 0x000000008e200000, 0x000000008e300000|  0%| F|  |TAMS 0x000000008e200000, 0x000000008e200000| Untracked 
|  59|0x000000008e300000, 0x000000008e300000, 0x000000008e400000|  0%| F|  |TAMS 0x000000008e300000, 0x000000008e300000| Untracked 
|  60|0x000000008e400000, 0x000000008e400000, 0x000000008e500000|  0%| F|  |TAMS 0x000000008e400000, 0x000000008e400000| Untracked 
|  61|0x000000008e500000, 0x000000008e600000, 0x000000008e600000|100%| E|  |TAMS 0x000000008e500000, 0x000000008e500000| Complete 
|  62|0x000000008e600000, 0x000000008e700000, 0x000000008e700000|100%| E|CS|TAMS 0x000000008e600000, 0x000000008e600000| Complete 
|  63|0x000000008e700000, 0x000000008e800000, 0x000000008e800000|100%| E|CS|TAMS 0x000000008e700000, 0x000000008e700000| Complete 
|  64|0x000000008e800000, 0x000000008e900000, 0x000000008e900000|100%| E|CS|TAMS 0x000000008e800000, 0x000000008e800000| Complete 
|  65|0x000000008e900000, 0x000000008ea00000, 0x000000008ea00000|100%| E|CS|TAMS 0x000000008e900000, 0x000000008e900000| Complete 
|  66|0x000000008ea00000, 0x000000008eb00000, 0x000000008eb00000|100%| E|CS|TAMS 0x000000008ea00000, 0x000000008ea00000| Complete 
|  67|0x000000008eb00000, 0x000000008ec00000, 0x000000008ec00000|100%| E|CS|TAMS 0x000000008eb00000, 0x000000008eb00000| Complete 
|  68|0x000000008ec00000, 0x000000008ed00000, 0x000000008ed00000|100%| E|CS|TAMS 0x000000008ec00000, 0x000000008ec00000| Complete 
|  69|0x000000008ed00000, 0x000000008ee00000, 0x000000008ee00000|100%| E|CS|TAMS 0x000000008ed00000, 0x000000008ed00000| Complete 
|  70|0x000000008ee00000, 0x000000008ef00000, 0x000000008ef00000|100%| E|CS|TAMS 0x000000008ee00000, 0x000000008ee00000| Complete 
|  71|0x000000008ef00000, 0x000000008f000000, 0x000000008f000000|100%| E|CS|TAMS 0x000000008ef00000, 0x000000008ef00000| Complete 
|  72|0x000000008f000000, 0x000000008f100000, 0x000000008f100000|100%| E|CS|TAMS 0x000000008f000000, 0x000000008f000000| Complete 
|  73|0x000000008f100000, 0x000000008f200000, 0x000000008f200000|100%| E|CS|TAMS 0x000000008f100000, 0x000000008f100000| Complete 
|  74|0x000000008f200000, 0x000000008f300000, 0x000000008f300000|100%| E|CS|TAMS 0x000000008f200000, 0x000000008f200000| Complete 
|  75|0x000000008f300000, 0x000000008f400000, 0x000000008f400000|100%| E|CS|TAMS 0x000000008f300000, 0x000000008f300000| Complete 
|  76|0x000000008f400000, 0x000000008f500000, 0x000000008f500000|100%| E|CS|TAMS 0x000000008f400000, 0x000000008f400000| Complete 
|  77|0x000000008f500000, 0x000000008f600000, 0x000000008f600000|100%| E|CS|TAMS 0x000000008f500000, 0x000000008f500000| Complete 
|  78|0x000000008f600000, 0x000000008f700000, 0x000000008f700000|100%| E|CS|TAMS 0x000000008f600000, 0x000000008f600000| Complete 
|  79|0x000000008f700000, 0x000000008f800000, 0x000000008f800000|100%| E|CS|TAMS 0x000000008f700000, 0x000000008f700000| Complete 
|  80|0x000000008f800000, 0x000000008f900000, 0x000000008f900000|100%| E|CS|TAMS 0x000000008f800000, 0x000000008f800000| Complete 
|  81|0x000000008f900000, 0x000000008fa00000, 0x000000008fa00000|100%| E|CS|TAMS 0x000000008f900000, 0x000000008f900000| Complete 
|  82|0x000000008fa00000, 0x000000008fb00000, 0x000000008fb00000|100%| E|CS|TAMS 0x000000008fa00000, 0x000000008fa00000| Complete 
|  83|0x000000008fb00000, 0x000000008fc00000, 0x000000008fc00000|100%| E|CS|TAMS 0x000000008fb00000, 0x000000008fb00000| Complete 
|  84|0x000000008fc00000, 0x000000008fd00000, 0x000000008fd00000|100%| E|CS|TAMS 0x000000008fc00000, 0x000000008fc00000| Complete 
|  85|0x000000008fd00000, 0x000000008fe00000, 0x000000008fe00000|100%| E|CS|TAMS 0x000000008fd00000, 0x000000008fd00000| Complete 
|  86|0x000000008fe00000, 0x000000008ff00000, 0x000000008ff00000|100%| E|CS|TAMS 0x000000008fe00000, 0x000000008fe00000| Complete 
|  87|0x000000008ff00000, 0x0000000090000000, 0x0000000090000000|100%| E|CS|TAMS 0x000000008ff00000, 0x000000008ff00000| Complete 
|  88|0x0000000090000000, 0x0000000090100000, 0x0000000090100000|100%| E|CS|TAMS 0x0000000090000000, 0x0000000090000000| Complete 
|  89|0x0000000090100000, 0x0000000090200000, 0x0000000090200000|100%| E|CS|TAMS 0x0000000090100000, 0x0000000090100000| Complete 
|  90|0x0000000090200000, 0x0000000090300000, 0x0000000090300000|100%| E|CS|TAMS 0x0000000090200000, 0x0000000090200000| Complete 
|  91|0x0000000090300000, 0x0000000090400000, 0x0000000090400000|100%| E|CS|TAMS 0x0000000090300000, 0x0000000090300000| Complete 
|  92|0x0000000090400000, 0x0000000090500000, 0x0000000090500000|100%| E|CS|TAMS 0x0000000090400000, 0x0000000090400000| Complete 
|  93|0x0000000090500000, 0x0000000090600000, 0x0000000090600000|100%| E|CS|TAMS 0x0000000090500000, 0x0000000090500000| Complete 
|  94|0x0000000090600000, 0x0000000090700000, 0x0000000090700000|100%| E|CS|TAMS 0x0000000090600000, 0x0000000090600000| Complete 
|  95|0x0000000090700000, 0x0000000090800000, 0x0000000090800000|100%| E|CS|TAMS 0x0000000090700000, 0x0000000090700000| Complete 
|  96|0x0000000090800000, 0x0000000090900000, 0x0000000090900000|100%| E|CS|TAMS 0x0000000090800000, 0x0000000090800000| Complete 
|  97|0x0000000090900000, 0x0000000090a00000, 0x0000000090a00000|100%| E|CS|TAMS 0x0000000090900000, 0x0000000090900000| Complete 
|  98|0x0000000090a00000, 0x0000000090b00000, 0x0000000090b00000|100%| E|CS|TAMS 0x0000000090a00000, 0x0000000090a00000| Complete 
|  99|0x0000000090b00000, 0x0000000090c00000, 0x0000000090c00000|100%| E|CS|TAMS 0x0000000090b00000, 0x0000000090b00000| Complete 
| 100|0x0000000090c00000, 0x0000000090d00000, 0x0000000090d00000|100%| E|CS|TAMS 0x0000000090c00000, 0x0000000090c00000| Complete 
| 101|0x0000000090d00000, 0x0000000090e00000, 0x0000000090e00000|100%| E|CS|TAMS 0x0000000090d00000, 0x0000000090d00000| Complete 
| 102|0x0000000090e00000, 0x0000000090f00000, 0x0000000090f00000|100%| E|CS|TAMS 0x0000000090e00000, 0x0000000090e00000| Complete 
| 103|0x0000000090f00000, 0x0000000091000000, 0x0000000091000000|100%| E|CS|TAMS 0x0000000090f00000, 0x0000000090f00000| Complete 
| 104|0x0000000091000000, 0x0000000091100000, 0x0000000091100000|100%| E|CS|TAMS 0x0000000091000000, 0x0000000091000000| Complete 
| 105|0x0000000091100000, 0x0000000091200000, 0x0000000091200000|100%| E|CS|TAMS 0x0000000091100000, 0x0000000091100000| Complete 
| 106|0x0000000091200000, 0x0000000091300000, 0x0000000091300000|100%| E|CS|TAMS 0x0000000091200000, 0x0000000091200000| Complete 
| 107|0x0000000091300000, 0x0000000091400000, 0x0000000091400000|100%| E|CS|TAMS 0x0000000091300000, 0x0000000091300000| Complete 
| 108|0x0000000091400000, 0x0000000091500000, 0x0000000091500000|100%| E|CS|TAMS 0x0000000091400000, 0x0000000091400000| Complete 
| 109|0x0000000091500000, 0x0000000091600000, 0x0000000091600000|100%| E|CS|TAMS 0x0000000091500000, 0x0000000091500000| Complete 
| 110|0x0000000091600000, 0x0000000091700000, 0x0000000091700000|100%| E|CS|TAMS 0x0000000091600000, 0x0000000091600000| Complete 
| 111|0x0000000091700000, 0x0000000091800000, 0x0000000091800000|100%| E|CS|TAMS 0x0000000091700000, 0x0000000091700000| Complete 
| 112|0x0000000091800000, 0x0000000091900000, 0x0000000091900000|100%| E|CS|TAMS 0x0000000091800000, 0x0000000091800000| Complete 
| 113|0x0000000091900000, 0x0000000091a00000, 0x0000000091a00000|100%| E|CS|TAMS 0x0000000091900000, 0x0000000091900000| Complete 
| 114|0x0000000091a00000, 0x0000000091b00000, 0x0000000091b00000|100%| E|CS|TAMS 0x0000000091a00000, 0x0000000091a00000| Complete 
| 115|0x0000000091b00000, 0x0000000091c00000, 0x0000000091c00000|100%| E|CS|TAMS 0x0000000091b00000, 0x0000000091b00000| Complete 
| 116|0x0000000091c00000, 0x0000000091d00000, 0x0000000091d00000|100%| E|CS|TAMS 0x0000000091c00000, 0x0000000091c00000| Complete 
| 117|0x0000000091d00000, 0x0000000091e00000, 0x0000000091e00000|100%| E|CS|TAMS 0x0000000091d00000, 0x0000000091d00000| Complete 

Card table byte_map: [0x000002d97d910000,0x000002d97dcc0000] _byte_map_base: 0x000002d97d4bc000

Marking Bits (Prev, Next): (CMBitMap*) 0x000002d974dba970, (CMBitMap*) 0x000002d974dba9b0
 Prev Bits: [0x000002d97e070000, 0x000002d97fdd0000)
 Next Bits: [0x000002d90f000000, 0x000002d910d60000)

Polling page: 0x000002d972ca0000

Metaspace:

Usage:
  Non-class:     16.29 MB used.
      Class:      1.96 MB used.
       Both:     18.25 MB used.

Virtual space:
  Non-class space:       64.00 MB reserved,      16.44 MB ( 26%) committed,  1 nodes.
      Class space:        1.00 GB reserved,       2.06 MB ( <1%) committed,  1 nodes.
             Both:        1.06 GB reserved,      18.50 MB (  2%) committed. 

Chunk freelists:
   Non-Class:  2.62 MB
       Class:  1.78 MB
        Both:  4.41 MB

MaxMetaspaceSize: unlimited
CompressedClassSpaceSize: 1.00 GB
Initial GC threshold: 21.00 MB
Current GC threshold: 21.00 MB
CDS: on
MetaspaceReclaimPolicy: balanced
 - commit_granule_bytes: 65536.
 - commit_granule_words: 8192.
 - virtual_space_node_default_size: 8388608.
 - enlarge_chunks_in_place: 1.
 - new_chunks_are_fully_committed: 0.
 - uncommit_free_chunks: 1.
 - use_allocation_guard: 0.


Internal statistics:

num_allocs_failed_limit: 0.
num_arena_births: 198.
num_arena_deaths: 0.
num_vsnodes_births: 2.
num_vsnodes_deaths: 0.
num_space_committed: 296.
num_space_uncommitted: 0.
num_chunks_returned_to_freelist: 0.
num_chunks_taken_from_freelist: 858.
num_chunk_merges: 0.
num_chunk_splits: 593.
num_chunks_enlarged: 484.
num_inconsistent_stats: 0.

CodeHeap 'non-profiled nmethods': size=119168Kb used=2798Kb max_used=2798Kb free=116369Kb
 bounds [0x000002d907ba0000, 0x000002d907e60000, 0x000002d90f000000]
CodeHeap 'profiled nmethods': size=119104Kb used=12593Kb max_used=12593Kb free=106510Kb
 bounds [0x000002d900000000, 0x000002d900c50000, 0x000002d907450000]
CodeHeap 'non-nmethods': size=7488Kb used=2975Kb max_used=3012Kb free=4512Kb
 bounds [0x000002d907450000, 0x000002d907750000, 0x000002d907ba0000]
 total_blobs=6098 nmethods=5593 adapters=412
 compilation: enabled
              stopped_count=0, restarted_count=0
 full_count=0

Compilation events (20 events):
Event: 9.449 Thread 0x000002d9182c9f60 5542       1       org.eclipse.sisu.plexus.ComponentImpl::description (5 bytes)
Event: 9.449 Thread 0x000002d917e2a290 nmethod 5540 0x000002d907e55990 code [0x000002d907e55b20, 0x000002d907e55bd8]
Event: 9.449 Thread 0x000002d917e218d0 nmethod 5541 0x000002d907e55c90 code [0x000002d907e55e20, 0x000002d907e55ed8]
Event: 9.449 Thread 0x000002d9182c9f60 nmethod 5542 0x000002d907e55f90 code [0x000002d907e56120, 0x000002d907e561d8]
Event: 9.449 Thread 0x000002d917e218d0 5543   !   3       jdk.proxy2.$Proxy5::annotationType (29 bytes)
Event: 9.449 Thread 0x000002d917e218d0 nmethod 5543 0x000002d900c2cd10 code [0x000002d900c2cee0, 0x000002d900c2d2d8]
Event: 9.453 Thread 0x000002d917e218d0 5544       3       java.util.zip.ZipFile::getEntryName (42 bytes)
Event: 9.453 Thread 0x000002d917e218d0 nmethod 5544 0x000002d900c2d490 code [0x000002d900c2d660, 0x000002d900c2d9b8]
Event: 9.456 Thread 0x000002d913af5f90 nmethod 5529 0x000002d907e56290 code [0x000002d907e56480, 0x000002d907e56e30]
Event: 9.456 Thread 0x000002d913af5f90 5537   !   4       java.util.zip.ZipFile$ZipFileInputStream::close (59 bytes)
Event: 9.458 Thread 0x000002d917e218d0 5545   !   3       java.util.jar.JarFile::getBytes (186 bytes)
Event: 9.459 Thread 0x000002d917e218d0 nmethod 5545 0x000002d900c2db90 code [0x000002d900c2dee0, 0x000002d900c2f1d8]
Event: 9.459 Thread 0x000002d917e218d0 5546       3       org.eclipse.sisu.space.asm.ClassReader::readMethod (1061 bytes)
Event: 9.459 Thread 0x000002d917e2a290 5547       3       org.eclipse.sisu.space.asm.ClassVisitor::visitMethod (24 bytes)
Event: 9.460 Thread 0x000002d917e2a290 nmethod 5547 0x000002d900c2fc10 code [0x000002d900c2fdc0, 0x000002d900c30008]
Event: 9.460 Thread 0x000002d917e2a290 5548       3       java.io.ByteArrayOutputStream::<init> (7 bytes)
Event: 9.460 Thread 0x000002d913b02020 5549       3       java.io.ByteArrayOutputStream::<init> (43 bytes)
Event: 9.460 Thread 0x000002d917e2a290 nmethod 5548 0x000002d900c30110 code [0x000002d900c302c0, 0x000002d900c30408]
Event: 9.461 Thread 0x000002d913b02020 nmethod 5549 0x000002d900c30490 code [0x000002d900c306c0, 0x000002d900c30e48]
Event: 9.466 Thread 0x000002d917e218d0 nmethod 5546 0x000002d900c31110 code [0x000002d900c31860, 0x000002d900c35b88]

GC Heap History (8 events):
Event: 2.072 GC heap before
{Heap before GC invocations=0 (full 0):
 garbage-first heap   total 120832K, used 22528K [0x000000008a800000, 0x0000000100000000)
  region size 1024K, 23 young (23552K), 0 survivors (0K)
 Metaspace       used 5620K, committed 5824K, reserved 1114112K
  class space    used 642K, committed 768K, reserved 1048576K
}
Event: 2.101 GC heap after
{Heap after GC invocations=1 (full 0):
 garbage-first heap   total 120832K, used 3696K [0x000000008a800000, 0x0000000100000000)
  region size 1024K, 3 young (3072K), 3 survivors (3072K)
 Metaspace       used 5620K, committed 5824K, reserved 1114112K
  class space    used 642K, committed 768K, reserved 1048576K
}
Event: 3.129 GC heap before
{Heap before GC invocations=1 (full 0):
 garbage-first heap   total 120832K, used 33392K [0x000000008a800000, 0x0000000100000000)
  region size 1024K, 32 young (32768K), 3 survivors (3072K)
 Metaspace       used 9530K, committed 9728K, reserved 1114112K
  class space    used 1103K, committed 1216K, reserved 1048576K
}
Event: 3.138 GC heap after
{Heap after GC invocations=2 (full 0):
 garbage-first heap   total 120832K, used 5437K [0x000000008a800000, 0x0000000100000000)
  region size 1024K, 2 young (2048K), 2 survivors (2048K)
 Metaspace       used 9530K, committed 9728K, reserved 1114112K
  class space    used 1103K, committed 1216K, reserved 1048576K
}
Event: 6.351 GC heap before
{Heap before GC invocations=2 (full 0):
 garbage-first heap   total 120832K, used 75069K [0x000000008a800000, 0x0000000100000000)
  region size 1024K, 70 young (71680K), 2 survivors (2048K)
 Metaspace       used 16137K, committed 16320K, reserved 1114112K
  class space    used 1827K, committed 1920K, reserved 1048576K
}
Event: 6.384 GC heap after
{Heap after GC invocations=3 (full 0):
 garbage-first heap   total 120832K, used 13501K [0x000000008a800000, 0x0000000100000000)
  region size 1024K, 9 young (9216K), 9 survivors (9216K)
 Metaspace       used 16137K, committed 16320K, reserved 1114112K
  class space    used 1827K, committed 1920K, reserved 1048576K
}
Event: 7.953 GC heap before
{Heap before GC invocations=3 (full 0):
 garbage-first heap   total 120832K, used 75965K [0x000000008a800000, 0x0000000100000000)
  region size 1024K, 70 young (71680K), 9 survivors (9216K)
 Metaspace       used 16808K, committed 17088K, reserved 1114112K
  class space    used 1835K, committed 1920K, reserved 1048576K
}
Event: 7.979 GC heap after
{Heap after GC invocations=4 (full 0):
 garbage-first heap   total 120832K, used 20124K [0x000000008a800000, 0x0000000100000000)
  region size 1024K, 7 young (7168K), 7 survivors (7168K)
 Metaspace       used 16808K, committed 17088K, reserved 1114112K
  class space    used 1835K, committed 1920K, reserved 1048576K
}

Dll operation events (8 events):
Event: 0.012 Loaded shared library C:\Program Files\Java\jdk-19\bin\java.dll
Event: 0.027 Loaded shared library C:\Program Files\Java\jdk-19\bin\jsvml.dll
Event: 0.079 Loaded shared library C:\Program Files\Java\jdk-19\bin\net.dll
Event: 0.082 Loaded shared library C:\Program Files\Java\jdk-19\bin\nio.dll
Event: 0.090 Loaded shared library C:\Program Files\Java\jdk-19\bin\zip.dll
Event: 0.760 Loaded shared library C:\Program Files\Java\jdk-19\bin\jimage.dll
Event: 0.768 Loaded shared library C:\Program Files\Apache\Maven\apache-maven-3.9.8\lib\jansi-native\Windows\x86_64\jansi.dll
Event: 0.816 Loaded shared library C:\Program Files\Java\jdk-19\bin\verify.dll

Deoptimization events (20 events):
Event: 9.402 Thread 0x000002d974d5f2f0 Uncommon trap: trap_request=0xffffffd6 fr.pc=0x000002d907e4a734 relative=0x0000000000000514
Event: 9.402 Thread 0x000002d974d5f2f0 Uncommon trap: reason=array_check action=maybe_recompile pc=0x000002d907e4a734 method=java.util.LinkedHashMap.valuesToArray([Ljava/lang/Object;)[Ljava/lang/Object; @ 25 c2
Event: 9.402 Thread 0x000002d974d5f2f0 DEOPT PACKING pc=0x000002d907e4a734 sp=0x000000f5e9dfd0e0
Event: 9.402 Thread 0x000002d974d5f2f0 DEOPT UNPACKING pc=0x000002d9074b6da3 sp=0x000000f5e9dfd088 mode 2
Event: 9.403 Thread 0x000002d974d5f2f0 Uncommon trap: trap_request=0xffffffd6 fr.pc=0x000002d907e4a734 relative=0x0000000000000514
Event: 9.403 Thread 0x000002d974d5f2f0 Uncommon trap: reason=array_check action=maybe_recompile pc=0x000002d907e4a734 method=java.util.LinkedHashMap.valuesToArray([Ljava/lang/Object;)[Ljava/lang/Object; @ 25 c2
Event: 9.403 Thread 0x000002d974d5f2f0 DEOPT PACKING pc=0x000002d907e4a734 sp=0x000000f5e9dfd3e0
Event: 9.403 Thread 0x000002d974d5f2f0 DEOPT UNPACKING pc=0x000002d9074b6da3 sp=0x000000f5e9dfd388 mode 2
Event: 9.405 Thread 0x000002d974d5f2f0 Uncommon trap: trap_request=0xffffffd6 fr.pc=0x000002d907e4a734 relative=0x0000000000000514
Event: 9.405 Thread 0x000002d974d5f2f0 Uncommon trap: reason=array_check action=maybe_recompile pc=0x000002d907e4a734 method=java.util.LinkedHashMap.valuesToArray([Ljava/lang/Object;)[Ljava/lang/Object; @ 25 c2
Event: 9.405 Thread 0x000002d974d5f2f0 DEOPT PACKING pc=0x000002d907e4a734 sp=0x000000f5e9dfcd90
Event: 9.405 Thread 0x000002d974d5f2f0 DEOPT UNPACKING pc=0x000002d9074b6da3 sp=0x000000f5e9dfcd38 mode 2
Event: 9.405 Thread 0x000002d974d5f2f0 Uncommon trap: trap_request=0xffffffd6 fr.pc=0x000002d907e4a734 relative=0x0000000000000514
Event: 9.405 Thread 0x000002d974d5f2f0 Uncommon trap: reason=array_check action=maybe_recompile pc=0x000002d907e4a734 method=java.util.LinkedHashMap.valuesToArray([Ljava/lang/Object;)[Ljava/lang/Object; @ 25 c2
Event: 9.405 Thread 0x000002d974d5f2f0 DEOPT PACKING pc=0x000002d907e4a734 sp=0x000000f5e9dfcd90
Event: 9.405 Thread 0x000002d974d5f2f0 DEOPT UNPACKING pc=0x000002d9074b6da3 sp=0x000000f5e9dfcd38 mode 2
Event: 9.438 Thread 0x000002d974d5f2f0 Uncommon trap: trap_request=0xffffff45 fr.pc=0x000002d907bfb430 relative=0x0000000000001350
Event: 9.438 Thread 0x000002d974d5f2f0 Uncommon trap: reason=unstable_if action=reinterpret pc=0x000002d907bfb430 method=sun.nio.cs.StreamDecoder.lockedRead0()I @ 30 c2
Event: 9.438 Thread 0x000002d974d5f2f0 DEOPT PACKING pc=0x000002d907bfb430 sp=0x000000f5e9dfcea0
Event: 9.438 Thread 0x000002d974d5f2f0 DEOPT UNPACKING pc=0x000002d9074b6da3 sp=0x000000f5e9dfcce8 mode 2

Classes loaded (20 events):
Event: 8.963 Loading class java/time/zone/ZoneOffsetTransition
Event: 8.963 Loading class java/time/zone/ZoneOffsetTransition done
Event: 8.976 Loading class jdk/internal/reflect/MethodHandleBooleanFieldAccessorImpl
Event: 8.976 Loading class jdk/internal/reflect/MethodHandleBooleanFieldAccessorImpl done
Event: 9.167 Loading class java/lang/Character$UnicodeBlock
Event: 9.168 Loading class java/lang/Character$Subset
Event: 9.168 Loading class java/lang/Character$Subset done
Event: 9.168 Loading class java/lang/Character$UnicodeBlock done
Event: 9.184 Loading class java/nio/file/NoSuchFileException
Event: 9.185 Loading class java/nio/file/NoSuchFileException done
Event: 9.191 Loading class sun/nio/cs/UTF_8$Encoder
Event: 9.192 Loading class sun/nio/cs/UTF_8$Encoder done
Event: 9.192 Loading class sun/nio/fs/WindowsChannelFactory$2
Event: 9.192 Loading class sun/nio/fs/WindowsChannelFactory$2 done
Event: 9.193 Loading class sun/nio/ch/ChannelOutputStream
Event: 9.193 Loading class sun/nio/ch/ChannelOutputStream done
Event: 9.196 Loading class java/io/CharArrayWriter
Event: 9.196 Loading class java/io/CharArrayWriter done
Event: 9.206 Loading class java/nio/file/attribute/PosixFileAttributes
Event: 9.206 Loading class java/nio/file/attribute/PosixFileAttributes done

Classes unloaded (0 events):
No events

Classes redefined (0 events):
No events

Internal exceptions (20 events):
Event: 3.976 Thread 0x000002d974d5f2f0 Exception <a 'java/lang/NoSuchMethodError'{0x0000000090c72fa8}: 'void java.lang.invoke.DirectMethodHandle$Holder.invokeVirtual(java.lang.Object, java.lang.Object)'> (0x0000000090c72fa8) 
thrown [s\open\src\hotspot\share\interpreter\linkResolver.cpp, line 774]
Event: 4.037 Thread 0x000002d974d5f2f0 Exception <a 'java/lang/NoSuchMethodError'{0x0000000090cf1298}: 'java.lang.Object java.lang.invoke.DirectMethodHandle$Holder.invokeStaticInit(java.lang.Object, int, int, int, int)'> (0x0000000090cf1298) 
thrown [s\open\src\hotspot\share\interpreter\linkResolver.cpp, line 774]
Event: 4.249 Thread 0x000002d974d5f2f0 Implicit null exception at 0x000002d907bd8d72 to 0x000002d907bd9254
Event: 4.249 Thread 0x000002d974d5f2f0 Implicit null exception at 0x000002d907bcb772 to 0x000002d907bcbc44
Event: 4.366 Thread 0x000002d974d5f2f0 Exception <a 'java/lang/NoSuchMethodError'{0x00000000906736a8}: 'void java.lang.invoke.DirectMethodHandle$Holder.invokeSpecial(java.lang.Object, java.lang.Object, java.lang.Object, java.lang.Object, java.lang.Object)'> (0x00000000906736a8) 
thrown [s\open\src\hotspot\share\interpreter\linkResolver.cpp, line 774]
Event: 4.369 Thread 0x000002d974d5f2f0 Exception <a 'java/lang/NoSuchMethodError'{0x000000009068cc48}: 'void java.lang.invoke.DirectMethodHandle$Holder.invokeSpecial(java.lang.Object, java.lang.Object, java.lang.Object, java.lang.Object, java.lang.Object, java.lang.Object)'> (0x000000009068cc48) 
thrown [s\open\src\hotspot\share\interpreter\linkResolver.cpp, line 774]
Event: 4.405 Thread 0x000002d974d5f2f0 Exception <a 'java/lang/NoSuchMethodError'{0x00000000905979b8}: 'java.lang.Object java.lang.invoke.DirectMethodHandle$Holder.invokeVirtual(java.lang.Object, java.lang.Object, java.lang.Object)'> (0x00000000905979b8) 
thrown [s\open\src\hotspot\share\interpreter\linkResolver.cpp, line 774]
Event: 4.492 Thread 0x000002d974d5f2f0 Exception <a 'java/lang/NoSuchMethodError'{0x0000000090371a18}: 'void java.lang.invoke.DirectMethodHandle$Holder.invokeVirtual(java.lang.Object, java.lang.Object, int)'> (0x0000000090371a18) 
thrown [s\open\src\hotspot\share\interpreter\linkResolver.cpp, line 774]
Event: 4.494 Thread 0x000002d974d5f2f0 Exception <a 'java/lang/NoSuchMethodError'{0x0000000090378f38}: 'void java.lang.invoke.DelegatingMethodHandle$Holder.reinvoke_L(java.lang.Object, java.lang.Object, int)'> (0x0000000090378f38) 
thrown [s\open\src\hotspot\share\interpreter\linkResolver.cpp, line 774]
Event: 5.998 Thread 0x000002d974d5f2f0 Exception <a 'java/lang/NoSuchMethodError'{0x000000008e3f37e8}: 'int java.lang.invoke.DirectMethodHandle$Holder.invokeSpecialIFC(java.lang.Object, java.lang.Object, java.lang.Object, java.lang.Object)'> (0x000000008e3f37e8) 
thrown [s\open\src\hotspot\share\interpreter\linkResolver.cpp, line 774]
Event: 8.526 Thread 0x000002d974d5f2f0 Implicit null exception at 0x000002d907d9bfea to 0x000002d907d9c1a0
Event: 8.526 Thread 0x000002d974d5f2f0 Implicit null exception at 0x000002d907d567ea to 0x000002d907d569a8
Event: 8.526 Thread 0x000002d974d5f2f0 Implicit null exception at 0x000002d907ca26af to 0x000002d907ca2729
Event: 8.810 Thread 0x000002d974d5f2f0 Exception <a 'java/lang/NoSuchMethodError'{0x000000008fe73008}: 'java.lang.Object java.lang.invoke.DirectMethodHandle$Holder.newInvokeSpecial(java.lang.Object, java.lang.Object, java.lang.Object, java.lang.Object, java.lang.Object, java.lang.Object, java.lang.Object)'> (0x000000008fe73008) 
thrown [s\open\src\hotspot\share\interpreter\linkResolver.cpp, line 774]
Event: 8.813 Thread 0x000002d974d5f2f0 Implicit null exception at 0x000002d907d92246 to 0x000002d907d92c9c
Event: 8.903 Thread 0x000002d974d5f2f0 Implicit null exception at 0x000002d907d7f434 to 0x000002d907d7fc94
Event: 8.919 Thread 0x000002d974d5f2f0 Exception <a 'java/lang/NoSuchMethodError'{0x000000008fb253f0}: 'int java.lang.invoke.DirectMethodHandle$Holder.invokeVirtual(java.lang.Object, java.lang.Object)'> (0x000000008fb253f0) 
thrown [s\open\src\hotspot\share\interpreter\linkResolver.cpp, line 774]
Event: 8.956 Thread 0x000002d974d5f2f0 Implicit null exception at 0x000002d907d989bb to 0x000002d907d99168
Event: 8.978 Thread 0x000002d974d5f2f0 Exception <a 'java/lang/NoSuchMethodError'{0x000000008fa848f8}: 'void java.lang.invoke.Invokers$Holder.invokeExact_MT(java.lang.Object, java.lang.Object, int, java.lang.Object)'> (0x000000008fa848f8) 
thrown [s\open\src\hotspot\share\interpreter\linkResolver.cpp, line 774]
Event: 8.984 Thread 0x000002d974d5f2f0 Exception <a 'java/lang/NoSuchMethodError'{0x000000008fabac20}: 'void java.lang.invoke.DirectMethodHandle$Holder.invokeInterface(java.lang.Object, java.lang.Object, java.lang.Object)'> (0x000000008fabac20) 
thrown [s\open\src\hotspot\share\interpreter\linkResolver.cpp, line 774]

VM Operations (20 events):
Event: 5.744 Executing VM operation: HandshakeAllThreads
Event: 5.744 Executing VM operation: HandshakeAllThreads done
Event: 5.796 Executing VM operation: ICBufferFull
Event: 5.796 Executing VM operation: ICBufferFull done
Event: 6.351 Executing VM operation: G1CollectForAllocation
Event: 6.384 Executing VM operation: G1CollectForAllocation done
Event: 7.113 Executing VM operation: ICBufferFull
Event: 7.113 Executing VM operation: ICBufferFull done
Event: 7.617 Executing VM operation: ICBufferFull
Event: 7.617 Executing VM operation: ICBufferFull done
Event: 7.953 Executing VM operation: G1CollectForAllocation
Event: 7.979 Executing VM operation: G1CollectForAllocation done
Event: 8.821 Executing VM operation: ICBufferFull
Event: 8.821 Executing VM operation: ICBufferFull done
Event: 8.977 Executing VM operation: HandshakeAllThreads
Event: 8.977 Executing VM operation: HandshakeAllThreads done
Event: 8.994 Executing VM operation: ICBufferFull
Event: 8.994 Executing VM operation: ICBufferFull done
Event: 9.290 Executing VM operation: ICBufferFull
Event: 9.290 Executing VM operation: ICBufferFull done

Events (20 events):
Event: 0.066 Thread 0x000002d917e2a290 Thread added: 0x000002d917e2a290
Event: 0.067 Thread 0x000002d913ae7460 Thread added: 0x000002d913ae7460
Event: 0.073 Thread 0x000002d913ae6470 Thread added: 0x000002d913ae6470
Event: 0.756 Thread 0x000002d913ae69c0 Thread added: 0x000002d913ae69c0
Event: 0.784 Thread 0x000002d913ae69c0 Thread exited: 0x000002d913ae69c0
Event: 1.268 Thread 0x000002d9182c9f60 Thread added: 0x000002d9182c9f60
Event: 1.988 Thread 0x000002d9188fc7b0 Thread added: 0x000002d9188fc7b0
Event: 1.990 Thread 0x000002d91889be20 Thread added: 0x000002d91889be20
Event: 2.640 Thread 0x000002d91889be20 Thread exited: 0x000002d91889be20
Event: 3.349 Thread 0x000002d9188fc7b0 Thread exited: 0x000002d9188fc7b0
Event: 3.897 Thread 0x000002d91911a500 Thread added: 0x000002d91911a500
Event: 4.140 Thread 0x000002d913ae69c0 Thread added: 0x000002d913ae69c0
Event: 4.429 Thread 0x000002d91911b5b0 Thread added: 0x000002d91911b5b0
Event: 5.123 Thread 0x000002d91911b5b0 Thread exited: 0x000002d91911b5b0
Event: 5.500 Thread 0x000002d91911a500 Thread exited: 0x000002d91911a500
Event: 5.614 Thread 0x000002d91911aa90 Thread added: 0x000002d91911aa90
Event: 5.761 Thread 0x000002d91911b020 Thread added: 0x000002d91911b020
Event: 7.528 Thread 0x000002d91911b020 Thread exited: 0x000002d91911b020
Event: 7.745 Thread 0x000002d91911b020 Thread added: 0x000002d91911b020
Event: 9.414 Thread 0x000002d91911b020 Thread exited: 0x000002d91911b020


Dynamic libraries:
0x00007ff700470000 - 0x00007ff700480000 	C:\Program Files\Java\jdk-19\bin\java.exe
0x00007ffe1cb80000 - 0x00007ffe1cde9000 	C:\WINDOWS\SYSTEM32\ntdll.dll
0x00007ffe1ba90000 - 0x00007ffe1bb59000 	C:\WINDOWS\System32\KERNEL32.DLL
0x00007ffe1a550000 - 0x00007ffe1a943000 	C:\WINDOWS\System32\KERNELBASE.dll
0x00007ffe19f20000 - 0x00007ffe1a06b000 	C:\WINDOWS\System32\ucrtbase.dll
0x00007ffe0d9f0000 - 0x00007ffe0da08000 	C:\Program Files\Java\jdk-19\bin\jli.dll
0x00007ffe0fc90000 - 0x00007ffe0fcab000 	C:\Program Files\Java\jdk-19\bin\VCRUNTIME140.dll
0x00007ffe1b9d0000 - 0x00007ffe1ba84000 	C:\WINDOWS\System32\ADVAPI32.dll
0x00007ffe1ca60000 - 0x00007ffe1cb09000 	C:\WINDOWS\System32\msvcrt.dll
0x00007ffe1b690000 - 0x00007ffe1b736000 	C:\WINDOWS\System32\sechost.dll
0x00007ffe1c520000 - 0x00007ffe1c638000 	C:\WINDOWS\System32\RPCRT4.dll
0x00007ffe1c6f0000 - 0x00007ffe1c8b4000 	C:\WINDOWS\System32\USER32.dll
0x00007ffe19dc0000 - 0x00007ffe19de7000 	C:\WINDOWS\System32\win32u.dll
0x00007ffe01bb0000 - 0x00007ffe01e43000 	C:\WINDOWS\WinSxS\amd64_microsoft.windows.common-controls_6595b64144ccf1df_6.0.26100.5074_none_3e0d6f78e32fd63f\COMCTL32.dll
0x00007ffe1aa50000 - 0x00007ffe1aa7b000 	C:\WINDOWS\System32\GDI32.dll
0x00007ffe1a2a0000 - 0x00007ffe1a3cd000 	C:\WINDOWS\System32\gdi32full.dll
0x00007ffe19d10000 - 0x00007ffe19db3000 	C:\WINDOWS\System32\msvcp_win.dll
0x00007ffe12410000 - 0x00007ffe1241b000 	C:\WINDOWS\SYSTEM32\VERSION.dll
0x00007ffe1c6b0000 - 0x00007ffe1c6df000 	C:\WINDOWS\System32\IMM32.DLL
0x00007ffe0fcf0000 - 0x00007ffe0fcfc000 	C:\Program Files\Java\jdk-19\bin\vcruntime140_1.dll
0x00007ffdc9820000 - 0x00007ffdc98ae000 	C:\Program Files\Java\jdk-19\bin\msvcp140.dll
0x00007ffd7f880000 - 0x00007ffd80540000 	C:\Program Files\Java\jdk-19\bin\server\jvm.dll
0x00007ffe13800000 - 0x00007ffe1380a000 	C:\WINDOWS\SYSTEM32\WSOCK32.dll
0x00007ffe135d0000 - 0x00007ffe13605000 	C:\WINDOWS\SYSTEM32\WINMM.dll
0x00007ffe1b870000 - 0x00007ffe1b8e4000 	C:\WINDOWS\System32\WS2_32.dll
0x00007ffe18af0000 - 0x00007ffe18b0b000 	C:\WINDOWS\SYSTEM32\kernel.appcore.dll
0x00007ffe0c600000 - 0x00007ffe0c60a000 	C:\Program Files\Java\jdk-19\bin\jimage.dll
0x00007ffe12e10000 - 0x00007ffe13052000 	C:\WINDOWS\SYSTEM32\DBGHELP.DLL
0x00007ffe1b240000 - 0x00007ffe1b5bb000 	C:\WINDOWS\System32\combase.dll
0x00007ffe1b790000 - 0x00007ffe1b867000 	C:\WINDOWS\System32\OLEAUT32.dll
0x00007ffe13590000 - 0x00007ffe135cd000 	C:\WINDOWS\SYSTEM32\dbgcore.DLL
0x00007ffe19e80000 - 0x00007ffe19f19000 	C:\WINDOWS\System32\bcryptPrimitives.dll
0x00007ffe07120000 - 0x00007ffe07146000 	C:\Program Files\Java\jdk-19\bin\java.dll
0x00007ffdc94e0000 - 0x00007ffdc95b7000 	C:\Program Files\Java\jdk-19\bin\jsvml.dll
0x00007ffe1bb60000 - 0x00007ffe1c2ad000 	C:\WINDOWS\System32\SHELL32.dll
0x00007ffe1a130000 - 0x00007ffe1a29c000 	C:\WINDOWS\System32\wintypes.dll
0x00007ffe17970000 - 0x00007ffe181c9000 	C:\WINDOWS\SYSTEM32\windows.storage.dll
0x00007ffe1a950000 - 0x00007ffe1aa40000 	C:\WINDOWS\System32\SHCORE.dll
0x00007ffe1c640000 - 0x00007ffe1c6a2000 	C:\WINDOWS\System32\shlwapi.dll
0x00007ffe19c30000 - 0x00007ffe19c59000 	C:\WINDOWS\SYSTEM32\profapi.dll
0x00007ffe0fef0000 - 0x00007ffe0ff03000 	C:\Program Files\Java\jdk-19\bin\net.dll
0x00007ffe12280000 - 0x00007ffe1239f000 	C:\WINDOWS\SYSTEM32\WINHTTP.dll
0x00007ffe19070000 - 0x00007ffe190db000 	C:\WINDOWS\system32\mswsock.dll
0x00007ffe0fe80000 - 0x00007ffe0fe96000 	C:\Program Files\Java\jdk-19\bin\nio.dll
0x00007ffe0fd50000 - 0x00007ffe0fd68000 	C:\Program Files\Java\jdk-19\bin\zip.dll
0x00007ffe09b50000 - 0x00007ffe09b74000 	C:\Program Files\Apache\Maven\apache-maven-3.9.8\lib\jansi-native\Windows\x86_64\jansi.dll
0x00007ffe0c5f0000 - 0x00007ffe0c600000 	C:\Program Files\Java\jdk-19\bin\verify.dll

dbghelp: loaded successfully - version: 4.0.5 - missing functions: none
symbol engine: initialized successfully - sym options: 0x614 - pdb path: .;C:\Program Files\Java\jdk-19\bin;C:\WINDOWS\SYSTEM32;C:\WINDOWS\WinSxS\amd64_microsoft.windows.common-controls_6595b64144ccf1df_6.0.26100.5074_none_3e0d6f78e32fd63f;C:\Program Files\Java\jdk-19\bin\server;C:\Program Files\Apache\Maven\apache-maven-3.9.8\lib\jansi-native\Windows\x86_64

VM Arguments:
jvm_args: -Dclassworlds.conf=C:\Program Files\Apache\Maven\apache-maven-3.9.8\bin\m2.conf -Dmaven.home=C:\Program Files\Apache\Maven\apache-maven-3.9.8 -Dlibrary.jansi.path=C:\Program Files\Apache\Maven\apache-maven-3.9.8\lib\jansi-native -Dmaven.multiModuleProjectDirectory=D:\Sony_Course\NewGetEmployed\GetEmployed\auth-service 
java_command: org.codehaus.plexus.classworlds.launcher.Launcher clean compile
java_class_path (initial): C:\Program Files\Apache\Maven\apache-maven-3.9.8\boot\plexus-classworlds-2.8.0.jar
Launcher Type: SUN_STANDARD

[Global flags]
     intx CICompilerCount                          = 12                                        {product} {ergonomic}
     uint ConcGCThreads                            = 3                                         {product} {ergonomic}
     uint G1ConcRefinementThreads                  = 13                                        {product} {ergonomic}
   size_t G1HeapRegionSize                         = 1048576                                   {product} {ergonomic}
    uintx GCDrainStackTargetSize                   = 64                                        {product} {ergonomic}
   size_t InitialHeapSize                          = 123731968                                 {product} {ergonomic}
   size_t MarkStackSize                            = 4194304                                   {product} {ergonomic}
   size_t MaxHeapSize                              = 1971322880                                {product} {ergonomic}
   size_t MaxNewSize                               = 1182793728                                {product} {ergonomic}
   size_t MinHeapDeltaBytes                        = 1048576                                   {product} {ergonomic}
   size_t MinHeapSize                              = 8388608                                   {product} {ergonomic}
    uintx NonNMethodCodeHeapSize                   = 7602480                                {pd product} {ergonomic}
    uintx NonProfiledCodeHeapSize                  = 122027880                              {pd product} {ergonomic}
    uintx ProfiledCodeHeapSize                     = 122027880                              {pd product} {ergonomic}
    uintx ReservedCodeCacheSize                    = 251658240                              {pd product} {ergonomic}
     bool SegmentedCodeCache                       = true                                      {product} {ergonomic}
   size_t SoftMaxHeapSize                          = 1971322880                             {manageable} {ergonomic}
     bool UseCompressedClassPointers               = true                           {product lp64_product} {ergonomic}
     bool UseCompressedOops                        = true                           {product lp64_product} {ergonomic}
     bool UseG1GC                                  = true                                      {product} {ergonomic}
     bool UseLargePagesIndividualAllocation        = false                                  {pd product} {ergonomic}

Logging:
Log output configuration:
 #0: stdout all=warning uptime,level,tags foldmultilines=false
 #1: stderr all=off uptime,level,tags foldmultilines=false

Environment Variables:
PATH=C:\Python312\Scripts\;C:\Python312\;C:\Program Files\Common Files\Oracle\Java\javapath;C:\WINDOWS\system32;C:\WINDOWS;C:\WINDOWS\System32\Wbem;C:\WINDOWS\System32\WindowsPowerShell\v1.0\;C:\WINDOWS\System32\OpenSSH\;C:\MinGW\bin;C:\Program Files\Git\cmd;C:\Program Files\Java\jdk-19\bin;C:\Program Files\MongoDB\Server\6.0\bin;C:\Program Files\MySQL\MySQL Server 8.0\bin;C:\xampp\php;C:\Program Files (x86)\GnuWin32\bin;C:\Program Files\Apache\Maven\apache-maven-3.9.8\bin;C:\Program Files\Git LFS;C:\Program Files (x86)\mongosh-2.3.1-win32-x64\bin;C:\Program Files (x86)\ffmpeg-7.1-full_build\bin;C:\Program Files\nodejs\;C:\ProgramData\chocolatey\bin;C:\Program Files\Docker\Docker\resources\bin;C:\Program Files\MySQL\MySQL Shell 8.0\bin\;C:\Users\Lenovo\AppData\Local\Programs\Python\Python310\Scripts\;C:\Users\Lenovo\AppData\Local\Programs\Python\Python310\;C:\Users\Lenovo\AppData\Local\Programs\Python\Python311\Scripts\;C:\Users\Lenovo\AppData\Local\Programs\Python\Python311\;C:\Users\Lenovo\AppData\Local\Microsoft\WindowsApps;C:\Users\Lenovo\AppData\Local\Programs\Microsoft VS Code\bin;C:\Users\Lenovo\AppData\Local\GitHubDesktop\bin;C:\Program Files\JetBrains\IntelliJ IDEA Community Edition 2024.1.4\bin;;C:\Users\Lenovo\AppData\Roaming\npm;C:\Users\Lenovo\AppData\Local\Programs\cursor\resources\app\bin
USERNAME=Lenovo
OS=Windows_NT
PROCESSOR_IDENTIFIER=AMD64 Family 23 Model 104 Stepping 1, AuthenticAMD
TMP=C:\Users\Lenovo\AppData\Local\Temp
TEMP=C:\Users\Lenovo\AppData\Local\Temp



---------------  S Y S T E M  ---------------

OS:
 Windows 11 , 64 bit Build 26100 (10.0.26100.5074)
OS uptime: 1 days 9:44 hours
Hyper-V role detected

CPU: total 16 (initial active 16) (16 cores per cpu, 2 threads per core) family 23 model 104 stepping 1 microcode 0x8608103, cx8, cmov, fxsr, ht, mmx, 3dnowpref, sse, sse2, sse3, ssse3, sse4a, sse4.1, sse4.2, popcnt, lzcnt, tsc, tscinvbit, avx, avx2, aes, clmul, bmi1, bmi2, adx, sha, fma, vzeroupper, clflush, clflushopt, hv, rdtscp, rdpid

Memory: 4k page, system-wide physical 7514M (655M free)
TotalPageFile size 31065M (AvailPageFile size 0M)
current process WorkingSet (physical memory assigned to process): 205M, peak: 205M
current process commit charge ("private bytes"): 283M, peak: 284M

vm_info: Java HotSpot(TM) 64-Bit Server VM (19.0.2+7-44) for windows-amd64 JRE (19.0.2+7-44), built on 2022-11-30T18:02:09Z by "mach5one" with MS VC++ 17.1 (VS2022)

END.
